Epoch 1 | Train Loss: 0.66272 | Val Loss: 0.62099
Train Loss Components:
  |- loss_rot: 0.08065
  |- loss_pos: 1.27462
  |- fk_loss: 2.76504
  |- smoothness_loss: 0.16370
Val Loss Components:
  |- loss_rot: 0.07461
  |- loss_pos: 1.17060
  |- fk_loss: 2.53184
  |- smoothness_loss: 0.02512
LR: 0.000050

Epoch 2 | Train Loss: 0.61790 | Val Loss: 0.60793
Train Loss Components:
  |- loss_rot: 0.07183
  |- loss_pos: 1.21335
  |- fk_loss: 2.53793
  |- smoothness_loss: 0.11228
Val Loss Components:
  |- loss_rot: 0.06914
  |- loss_pos: 1.14643
  |- fk_loss: 2.48447
  |- smoothness_loss: 0.02520
LR: 0.000050

Epoch 3 | Train Loss: 0.59958 | Val Loss: 0.58568
Train Loss Components:
  |- loss_rot: 0.06562
  |- loss_pos: 1.13874
  |- fk_loss: 2.45799
  |- smoothness_loss: 0.12229
Val Loss Components:
  |- loss_rot: 0.06192
  |- loss_pos: 1.11499
  |- fk_loss: 2.40515
  |- smoothness_loss: 0.02570
LR: 0.000050

Epoch 4 | Train Loss: 0.57973 | Val Loss: 0.57325
Train Loss Components:
  |- loss_rot: 0.06114
  |- loss_pos: 1.16754
  |- fk_loss: 2.44998
  |- smoothness_loss: 0.10604
Val Loss Components:
  |- loss_rot: 0.05822
  |- loss_pos: 1.09451
  |- fk_loss: 2.37040
  |- smoothness_loss: 0.02604
LR: 0.000050

Epoch 5 | Train Loss: 0.56520 | Val Loss: 0.55644
Train Loss Components:
  |- loss_rot: 0.06366
  |- loss_pos: 1.20249
  |- fk_loss: 2.62164
  |- smoothness_loss: 0.11949
Val Loss Components:
  |- loss_rot: 0.05559
  |- loss_pos: 1.05740
  |- fk_loss: 2.32223
  |- smoothness_loss: 0.03092
LR: 0.000050

Epoch 6 | Train Loss: 0.54940 | Val Loss: 0.54290
Train Loss Components:
  |- loss_rot: 0.05483
  |- loss_pos: 0.95287
  |- fk_loss: 2.14565
  |- smoothness_loss: 0.12867
Val Loss Components:
  |- loss_rot: 0.05425
  |- loss_pos: 1.03248
  |- fk_loss: 2.27471
  |- smoothness_loss: 0.03620
LR: 0.000050

Epoch 7 | Train Loss: 0.53103 | Val Loss: 0.51452
Train Loss Components:
  |- loss_rot: 0.05229
  |- loss_pos: 0.94771
  |- fk_loss: 2.15758
  |- smoothness_loss: 0.15550
Val Loss Components:
  |- loss_rot: 0.05209
  |- loss_pos: 0.95528
  |- fk_loss: 2.19861
  |- smoothness_loss: 0.04031
LR: 0.000050

Epoch 8 | Train Loss: 0.51346 | Val Loss: 0.50494
Train Loss Components:
  |- loss_rot: 0.05139
  |- loss_pos: 0.90077
  |- fk_loss: 2.08591
  |- smoothness_loss: 0.13723
Val Loss Components:
  |- loss_rot: 0.05099
  |- loss_pos: 0.94064
  |- fk_loss: 2.17423
  |- smoothness_loss: 0.04456
LR: 0.000050

Epoch 9 | Train Loss: 0.50111 | Val Loss: 0.49516
Train Loss Components:
  |- loss_rot: 0.05359
  |- loss_pos: 0.98945
  |- fk_loss: 2.25779
  |- smoothness_loss: 0.12317
Val Loss Components:
  |- loss_rot: 0.04975
  |- loss_pos: 0.91651
  |- fk_loss: 2.14040
  |- smoothness_loss: 0.04350
LR: 0.000050

Epoch 10 | Train Loss: 0.48674 | Val Loss: 0.48294
Train Loss Components:
  |- loss_rot: 0.05319
  |- loss_pos: 0.92947
  |- fk_loss: 2.22873
  |- smoothness_loss: 0.14761
Val Loss Components:
  |- loss_rot: 0.04918
  |- loss_pos: 0.88507
  |- fk_loss: 2.11178
  |- smoothness_loss: 0.04561
LR: 0.000050

Epoch 11 | Train Loss: 0.47205 | Val Loss: 0.46262
Train Loss Components:
  |- loss_rot: 0.05530
  |- loss_pos: 0.91575
  |- fk_loss: 2.30855
  |- smoothness_loss: 0.17923
Val Loss Components:
  |- loss_rot: 0.04814
  |- loss_pos: 0.82812
  |- fk_loss: 2.05407
  |- smoothness_loss: 0.05030
LR: 0.000050

Epoch 12 | Train Loss: 0.46095 | Val Loss: 0.45194
Train Loss Components:
  |- loss_rot: 0.05234
  |- loss_pos: 0.78719
  |- fk_loss: 2.08605
  |- smoothness_loss: 0.17443
Val Loss Components:
  |- loss_rot: 0.04784
  |- loss_pos: 0.80218
  |- fk_loss: 2.02051
  |- smoothness_loss: 0.05245
LR: 0.000050

Epoch 13 | Train Loss: 0.45065 | Val Loss: 0.44350
Train Loss Components:
  |- loss_rot: 0.04727
  |- loss_pos: 0.79960
  |- fk_loss: 1.95515
  |- smoothness_loss: 0.17380
Val Loss Components:
  |- loss_rot: 0.04702
  |- loss_pos: 0.76508
  |- fk_loss: 1.96574
  |- smoothness_loss: 0.06991
LR: 0.000050

Epoch 14 | Train Loss: 0.44110 | Val Loss: 0.43446
Train Loss Components:
  |- loss_rot: 0.04489
  |- loss_pos: 0.70781
  |- fk_loss: 1.85979
  |- smoothness_loss: 0.17391
Val Loss Components:
  |- loss_rot: 0.04605
  |- loss_pos: 0.76170
  |- fk_loss: 1.94153
  |- smoothness_loss: 0.07640
LR: 0.000050

Epoch 15 | Train Loss: 0.43344 | Val Loss: 0.42720
Train Loss Components:
  |- loss_rot: 0.04951
  |- loss_pos: 0.81571
  |- fk_loss: 2.10915
  |- smoothness_loss: 0.17843
Val Loss Components:
  |- loss_rot: 0.04544
  |- loss_pos: 0.74812
  |- fk_loss: 1.91935
  |- smoothness_loss: 0.07349
LR: 0.000050

Epoch 16 | Train Loss: 0.42609 | Val Loss: 0.42621
Train Loss Components:
  |- loss_rot: 0.05019
  |- loss_pos: 0.85305
  |- fk_loss: 2.11357
  |- smoothness_loss: 0.19511
Val Loss Components:
  |- loss_rot: 0.04491
  |- loss_pos: 0.75202
  |- fk_loss: 1.89917
  |- smoothness_loss: 0.07243
LR: 0.000050

Epoch 17 | Train Loss: 0.41930 | Val Loss: 0.41656
Train Loss Components:
  |- loss_rot: 0.04859
  |- loss_pos: 0.75294
  |- fk_loss: 2.03328
  |- smoothness_loss: 0.19010
Val Loss Components:
  |- loss_rot: 0.04429
  |- loss_pos: 0.71738
  |- fk_loss: 1.87479
  |- smoothness_loss: 0.06909
LR: 0.000050

Epoch 18 | Train Loss: 0.41331 | Val Loss: 0.41699
Train Loss Components:
  |- loss_rot: 0.05216
  |- loss_pos: 0.79650
  |- fk_loss: 2.12389
  |- smoothness_loss: 0.20328
Val Loss Components:
  |- loss_rot: 0.04407
  |- loss_pos: 0.73180
  |- fk_loss: 1.87439
  |- smoothness_loss: 0.07615
LR: 0.000050

Epoch 19 | Train Loss: 0.40733 | Val Loss: 0.40477
Train Loss Components:
  |- loss_rot: 0.04658
  |- loss_pos: 0.70335
  |- fk_loss: 1.90864
  |- smoothness_loss: 0.18602
Val Loss Components:
  |- loss_rot: 0.04374
  |- loss_pos: 0.68815
  |- fk_loss: 1.82681
  |- smoothness_loss: 0.08127
LR: 0.000050

Epoch 20 | Train Loss: 0.40192 | Val Loss: 0.40343
Train Loss Components:
  |- loss_rot: 0.04525
  |- loss_pos: 0.70580
  |- fk_loss: 1.85265
  |- smoothness_loss: 0.16238
Val Loss Components:
  |- loss_rot: 0.04332
  |- loss_pos: 0.69587
  |- fk_loss: 1.83406
  |- smoothness_loss: 0.07758
LR: 0.000050

Epoch 21 | Train Loss: 0.39833 | Val Loss: 0.39761
Train Loss Components:
  |- loss_rot: 0.04977
  |- loss_pos: 0.69616
  |- fk_loss: 1.99530
  |- smoothness_loss: 0.20461
Val Loss Components:
  |- loss_rot: 0.04319
  |- loss_pos: 0.67176
  |- fk_loss: 1.80196
  |- smoothness_loss: 0.08096
LR: 0.000050

Epoch 22 | Train Loss: 0.39329 | Val Loss: 0.39406
Train Loss Components:
  |- loss_rot: 0.04697
  |- loss_pos: 0.74927
  |- fk_loss: 1.91873
  |- smoothness_loss: 0.17339
Val Loss Components:
  |- loss_rot: 0.04313
  |- loss_pos: 0.66427
  |- fk_loss: 1.79370
  |- smoothness_loss: 0.07934
LR: 0.000050

Epoch 23 | Train Loss: 0.38891 | Val Loss: 0.39537
Train Loss Components:
  |- loss_rot: 0.04737
  |- loss_pos: 0.63619
  |- fk_loss: 1.83759
  |- smoothness_loss: 0.23156
Val Loss Components:
  |- loss_rot: 0.04319
  |- loss_pos: 0.67045
  |- fk_loss: 1.78503
  |- smoothness_loss: 0.09789
LR: 0.000050

Epoch 24 | Train Loss: 0.38518 | Val Loss: 0.38794
Train Loss Components:
  |- loss_rot: 0.04681
  |- loss_pos: 0.72160
  |- fk_loss: 1.93849
  |- smoothness_loss: 0.20460
Val Loss Components:
  |- loss_rot: 0.04269
  |- loss_pos: 0.64686
  |- fk_loss: 1.78187
  |- smoothness_loss: 0.08079
LR: 0.000050

Epoch 25 | Train Loss: 0.38146 | Val Loss: 0.38730
Train Loss Components:
  |- loss_rot: 0.04580
  |- loss_pos: 0.67117
  |- fk_loss: 1.85860
  |- smoothness_loss: 0.19588
Val Loss Components:
  |- loss_rot: 0.04249
  |- loss_pos: 0.65020
  |- fk_loss: 1.75631
  |- smoothness_loss: 0.09666
LR: 0.000050

Epoch 26 | Train Loss: 0.37763 | Val Loss: 0.38534
Train Loss Components:
  |- loss_rot: 0.04767
  |- loss_pos: 0.71887
  |- fk_loss: 2.00691
  |- smoothness_loss: 0.21314
Val Loss Components:
  |- loss_rot: 0.04248
  |- loss_pos: 0.64487
  |- fk_loss: 1.74820
  |- smoothness_loss: 0.09057
LR: 0.000050

Epoch 27 | Train Loss: 0.37379 | Val Loss: 0.38231
Train Loss Components:
  |- loss_rot: 0.04648
  |- loss_pos: 0.64572
  |- fk_loss: 1.83170
  |- smoothness_loss: 0.18446
Val Loss Components:
  |- loss_rot: 0.04228
  |- loss_pos: 0.62853
  |- fk_loss: 1.72752
  |- smoothness_loss: 0.09323
LR: 0.000050

Epoch 28 | Train Loss: 0.36968 | Val Loss: 0.37681
Train Loss Components:
  |- loss_rot: 0.04699
  |- loss_pos: 0.61083
  |- fk_loss: 1.78515
  |- smoothness_loss: 0.21568
Val Loss Components:
  |- loss_rot: 0.04208
  |- loss_pos: 0.63420
  |- fk_loss: 1.71947
  |- smoothness_loss: 0.09747
LR: 0.000050

Epoch 29 | Train Loss: 0.36670 | Val Loss: 0.37595
Train Loss Components:
  |- loss_rot: 0.04593
  |- loss_pos: 0.60919
  |- fk_loss: 1.76359
  |- smoothness_loss: 0.22273
Val Loss Components:
  |- loss_rot: 0.04190
  |- loss_pos: 0.63476
  |- fk_loss: 1.71192
  |- smoothness_loss: 0.08906
LR: 0.000050

Epoch 30 | Train Loss: 0.36220 | Val Loss: 0.37496
Train Loss Components:
  |- loss_rot: 0.04074
  |- loss_pos: 0.55458
  |- fk_loss: 1.53941
  |- smoothness_loss: 0.19188
Val Loss Components:
  |- loss_rot: 0.04191
  |- loss_pos: 0.63429
  |- fk_loss: 1.69484
  |- smoothness_loss: 0.09716
LR: 0.000050

Epoch 31 | Train Loss: 0.36001 | Val Loss: 0.37063
Train Loss Components:
  |- loss_rot: 0.04196
  |- loss_pos: 0.56112
  |- fk_loss: 1.62416
  |- smoothness_loss: 0.21102
Val Loss Components:
  |- loss_rot: 0.04184
  |- loss_pos: 0.62243
  |- fk_loss: 1.68320
  |- smoothness_loss: 0.10177
LR: 0.000050

Epoch 32 | Train Loss: 0.35607 | Val Loss: 0.36779
Train Loss Components:
  |- loss_rot: 0.04162
  |- loss_pos: 0.55964
  |- fk_loss: 1.60115
  |- smoothness_loss: 0.20280
Val Loss Components:
  |- loss_rot: 0.04177
  |- loss_pos: 0.60642
  |- fk_loss: 1.68261
  |- smoothness_loss: 0.10340
LR: 0.000050

Epoch 33 | Train Loss: 0.35379 | Val Loss: 0.36821
Train Loss Components:
  |- loss_rot: 0.04857
  |- loss_pos: 0.65330
  |- fk_loss: 1.91186
  |- smoothness_loss: 0.23182
Val Loss Components:
  |- loss_rot: 0.04187
  |- loss_pos: 0.60107
  |- fk_loss: 1.67145
  |- smoothness_loss: 0.10592
LR: 0.000050

Epoch 34 | Train Loss: 0.34957 | Val Loss: 0.36352
Train Loss Components:
  |- loss_rot: 0.04264
  |- loss_pos: 0.60296
  |- fk_loss: 1.68400
  |- smoothness_loss: 0.20697
Val Loss Components:
  |- loss_rot: 0.04140
  |- loss_pos: 0.60123
  |- fk_loss: 1.65741
  |- smoothness_loss: 0.10445
LR: 0.000050

Epoch 35 | Train Loss: 0.34658 | Val Loss: 0.36256
Train Loss Components:
  |- loss_rot: 0.04434
  |- loss_pos: 0.56907
  |- fk_loss: 1.69370
  |- smoothness_loss: 0.22454
Val Loss Components:
  |- loss_rot: 0.04124
  |- loss_pos: 0.58495
  |- fk_loss: 1.63322
  |- smoothness_loss: 0.10874
LR: 0.000050

Epoch 36 | Train Loss: 0.34331 | Val Loss: 0.36011
Train Loss Components:
  |- loss_rot: 0.04810
  |- loss_pos: 0.61194
  |- fk_loss: 1.87366
  |- smoothness_loss: 0.23127
Val Loss Components:
  |- loss_rot: 0.04122
  |- loss_pos: 0.59977
  |- fk_loss: 1.64960
  |- smoothness_loss: 0.10052
LR: 0.000050

Epoch 37 | Train Loss: 0.33999 | Val Loss: 0.35543
Train Loss Components:
  |- loss_rot: 0.04279
  |- loss_pos: 0.55297
  |- fk_loss: 1.64616
  |- smoothness_loss: 0.19999
Val Loss Components:
  |- loss_rot: 0.04115
  |- loss_pos: 0.57198
  |- fk_loss: 1.61967
  |- smoothness_loss: 0.10877
LR: 0.000050

Epoch 38 | Train Loss: 0.33814 | Val Loss: 0.35540
Train Loss Components:
  |- loss_rot: 0.04674
  |- loss_pos: 0.55992
  |- fk_loss: 1.75585
  |- smoothness_loss: 0.20328
Val Loss Components:
  |- loss_rot: 0.04101
  |- loss_pos: 0.58022
  |- fk_loss: 1.62613
  |- smoothness_loss: 0.11386
LR: 0.000050

Epoch 39 | Train Loss: 0.33403 | Val Loss: 0.35438
Train Loss Components:
  |- loss_rot: 0.04072
  |- loss_pos: 0.55394
  |- fk_loss: 1.59042
  |- smoothness_loss: 0.20998
Val Loss Components:
  |- loss_rot: 0.04089
  |- loss_pos: 0.58004
  |- fk_loss: 1.61619
  |- smoothness_loss: 0.11157
LR: 0.000050

Epoch 40 | Train Loss: 0.33188 | Val Loss: 0.35281
Train Loss Components:
  |- loss_rot: 0.04629
  |- loss_pos: 0.58776
  |- fk_loss: 1.73727
  |- smoothness_loss: 0.24829
Val Loss Components:
  |- loss_rot: 0.04082
  |- loss_pos: 0.57333
  |- fk_loss: 1.60516
  |- smoothness_loss: 0.11882
LR: 0.000050

Epoch 41 | Train Loss: 0.32896 | Val Loss: 0.35458
Train Loss Components:
  |- loss_rot: 0.04203
  |- loss_pos: 0.50667
  |- fk_loss: 1.58149
  |- smoothness_loss: 0.19211
Val Loss Components:
  |- loss_rot: 0.04081
  |- loss_pos: 0.57804
  |- fk_loss: 1.60579
  |- smoothness_loss: 0.11299
LR: 0.000050

Epoch 42 | Train Loss: 0.32650 | Val Loss: 0.35163
Train Loss Components:
  |- loss_rot: 0.04594
  |- loss_pos: 0.53851
  |- fk_loss: 1.69037
  |- smoothness_loss: 0.21856
Val Loss Components:
  |- loss_rot: 0.04060
  |- loss_pos: 0.57564
  |- fk_loss: 1.60419
  |- smoothness_loss: 0.11085
LR: 0.000050

Epoch 43 | Train Loss: 0.32445 | Val Loss: 0.35067
Train Loss Components:
  |- loss_rot: 0.04039
  |- loss_pos: 0.50617
  |- fk_loss: 1.52944
  |- smoothness_loss: 0.21775
Val Loss Components:
  |- loss_rot: 0.04056
  |- loss_pos: 0.58708
  |- fk_loss: 1.61238
  |- smoothness_loss: 0.11705
LR: 0.000050

Epoch 44 | Train Loss: 0.32149 | Val Loss: 0.35148
Train Loss Components:
  |- loss_rot: 0.04197
  |- loss_pos: 0.47917
  |- fk_loss: 1.54500
  |- smoothness_loss: 0.21655
Val Loss Components:
  |- loss_rot: 0.04046
  |- loss_pos: 0.57808
  |- fk_loss: 1.59057
  |- smoothness_loss: 0.12012
LR: 0.000050

Epoch 45 | Train Loss: 0.31932 | Val Loss: 0.34624
Train Loss Components:
  |- loss_rot: 0.04368
  |- loss_pos: 0.51089
  |- fk_loss: 1.62276
  |- smoothness_loss: 0.22424
Val Loss Components:
  |- loss_rot: 0.04040
  |- loss_pos: 0.56233
  |- fk_loss: 1.58353
  |- smoothness_loss: 0.11663
LR: 0.000050

Epoch 46 | Train Loss: 0.31635 | Val Loss: 0.34891
Train Loss Components:
  |- loss_rot: 0.04451
  |- loss_pos: 0.52198
  |- fk_loss: 1.58364
  |- smoothness_loss: 0.27737
Val Loss Components:
  |- loss_rot: 0.04034
  |- loss_pos: 0.56199
  |- fk_loss: 1.56966
  |- smoothness_loss: 0.12842
LR: 0.000050

Epoch 47 | Train Loss: 0.31342 | Val Loss: 0.34776
Train Loss Components:
  |- loss_rot: 0.04310
  |- loss_pos: 0.49947
  |- fk_loss: 1.55999
  |- smoothness_loss: 0.23079
Val Loss Components:
  |- loss_rot: 0.04035
  |- loss_pos: 0.57923
  |- fk_loss: 1.58491
  |- smoothness_loss: 0.12656
LR: 0.000050

Epoch 48 | Train Loss: 0.31209 | Val Loss: 0.34485
Train Loss Components:
  |- loss_rot: 0.04021
  |- loss_pos: 0.46691
  |- fk_loss: 1.46631
  |- smoothness_loss: 0.25394
Val Loss Components:
  |- loss_rot: 0.04015
  |- loss_pos: 0.55487
  |- fk_loss: 1.55645
  |- smoothness_loss: 0.12379
LR: 0.000050

Epoch 49 | Train Loss: 0.30937 | Val Loss: 0.34525
Train Loss Components:
  |- loss_rot: 0.04275
  |- loss_pos: 0.41462
  |- fk_loss: 1.49854
  |- smoothness_loss: 0.22119
Val Loss Components:
  |- loss_rot: 0.04015
  |- loss_pos: 0.57372
  |- fk_loss: 1.57279
  |- smoothness_loss: 0.12165
LR: 0.000050

Epoch 50 | Train Loss: 0.30616 | Val Loss: 0.34869
Train Loss Components:
  |- loss_rot: 0.04120
  |- loss_pos: 0.47702
  |- fk_loss: 1.47292
  |- smoothness_loss: 0.23082
Val Loss Components:
  |- loss_rot: 0.04020
  |- loss_pos: 0.59170
  |- fk_loss: 1.58466
  |- smoothness_loss: 0.12912
LR: 0.000050

Epoch 51 | Train Loss: 0.30472 | Val Loss: 0.34626
Train Loss Components:
  |- loss_rot: 0.04413
  |- loss_pos: 0.46706
  |- fk_loss: 1.57874
  |- smoothness_loss: 0.23243
Val Loss Components:
  |- loss_rot: 0.04023
  |- loss_pos: 0.57343
  |- fk_loss: 1.56970
  |- smoothness_loss: 0.13381
LR: 0.000050

Epoch 52 | Train Loss: 0.30218 | Val Loss: 0.34127
Train Loss Components:
  |- loss_rot: 0.04377
  |- loss_pos: 0.44189
  |- fk_loss: 1.54278
  |- smoothness_loss: 0.26280
Val Loss Components:
  |- loss_rot: 0.04001
  |- loss_pos: 0.56301
  |- fk_loss: 1.55733
  |- smoothness_loss: 0.12700
LR: 0.000050

Epoch 53 | Train Loss: 0.29959 | Val Loss: 0.34244
Train Loss Components:
  |- loss_rot: 0.04214
  |- loss_pos: 0.46935
  |- fk_loss: 1.53318
  |- smoothness_loss: 0.23317
Val Loss Components:
  |- loss_rot: 0.03991
  |- loss_pos: 0.56777
  |- fk_loss: 1.55877
  |- smoothness_loss: 0.12283
LR: 0.000050

Epoch 54 | Train Loss: 0.29740 | Val Loss: 0.34147
Train Loss Components:
  |- loss_rot: 0.04082
  |- loss_pos: 0.43996
  |- fk_loss: 1.45316
  |- smoothness_loss: 0.23243
Val Loss Components:
  |- loss_rot: 0.03996
  |- loss_pos: 0.56100
  |- fk_loss: 1.54634
  |- smoothness_loss: 0.13520
LR: 0.000050

Epoch 55 | Train Loss: 0.29573 | Val Loss: 0.33900
Train Loss Components:
  |- loss_rot: 0.04069
  |- loss_pos: 0.40342
  |- fk_loss: 1.40607
  |- smoothness_loss: 0.20316
Val Loss Components:
  |- loss_rot: 0.03969
  |- loss_pos: 0.55682
  |- fk_loss: 1.54138
  |- smoothness_loss: 0.12376
LR: 0.000050

Epoch 56 | Train Loss: 0.29346 | Val Loss: 0.33874
Train Loss Components:
  |- loss_rot: 0.04043
  |- loss_pos: 0.45397
  |- fk_loss: 1.45936
  |- smoothness_loss: 0.25566
Val Loss Components:
  |- loss_rot: 0.03968
  |- loss_pos: 0.56493
  |- fk_loss: 1.54343
  |- smoothness_loss: 0.12778
LR: 0.000050

Epoch 57 | Train Loss: 0.29096 | Val Loss: 0.34073
Train Loss Components:
  |- loss_rot: 0.03936
  |- loss_pos: 0.40345
  |- fk_loss: 1.37128
  |- smoothness_loss: 0.24166
Val Loss Components:
  |- loss_rot: 0.03979
  |- loss_pos: 0.56842
  |- fk_loss: 1.54627
  |- smoothness_loss: 0.13691
LR: 0.000050

Epoch 58 | Train Loss: 0.28972 | Val Loss: 0.33528
Train Loss Components:
  |- loss_rot: 0.04069
  |- loss_pos: 0.40979
  |- fk_loss: 1.48459
  |- smoothness_loss: 0.23971
Val Loss Components:
  |- loss_rot: 0.03971
  |- loss_pos: 0.54636
  |- fk_loss: 1.53307
  |- smoothness_loss: 0.12940
LR: 0.000050

Epoch 59 | Train Loss: 0.28731 | Val Loss: 0.33594
Train Loss Components:
  |- loss_rot: 0.04124
  |- loss_pos: 0.42449
  |- fk_loss: 1.45490
  |- smoothness_loss: 0.24954
Val Loss Components:
  |- loss_rot: 0.03959
  |- loss_pos: 0.55048
  |- fk_loss: 1.52904
  |- smoothness_loss: 0.12992
LR: 0.000050

Epoch 60 | Train Loss: 0.28566 | Val Loss: 0.33505
Train Loss Components:
  |- loss_rot: 0.04145
  |- loss_pos: 0.41457
  |- fk_loss: 1.43474
  |- smoothness_loss: 0.22454
Val Loss Components:
  |- loss_rot: 0.03946
  |- loss_pos: 0.54497
  |- fk_loss: 1.51184
  |- smoothness_loss: 0.13729
LR: 0.000050

Epoch 61 | Train Loss: 0.28408 | Val Loss: 0.33460
Train Loss Components:
  |- loss_rot: 0.03847
  |- loss_pos: 0.37327
  |- fk_loss: 1.33312
  |- smoothness_loss: 0.22657
Val Loss Components:
  |- loss_rot: 0.03950
  |- loss_pos: 0.55541
  |- fk_loss: 1.52458
  |- smoothness_loss: 0.13544
LR: 0.000050

Epoch 62 | Train Loss: 0.28139 | Val Loss: 0.33561
Train Loss Components:
  |- loss_rot: 0.03978
  |- loss_pos: 0.40985
  |- fk_loss: 1.35853
  |- smoothness_loss: 0.22014
Val Loss Components:
  |- loss_rot: 0.03948
  |- loss_pos: 0.54967
  |- fk_loss: 1.52158
  |- smoothness_loss: 0.13383
LR: 0.000050

Epoch 63 | Train Loss: 0.28033 | Val Loss: 0.33529
Train Loss Components:
  |- loss_rot: 0.03881
  |- loss_pos: 0.38258
  |- fk_loss: 1.35425
  |- smoothness_loss: 0.21679
Val Loss Components:
  |- loss_rot: 0.03947
  |- loss_pos: 0.55571
  |- fk_loss: 1.52417
  |- smoothness_loss: 0.13004
LR: 0.000050

Epoch 64 | Train Loss: 0.27808 | Val Loss: 0.33579
Train Loss Components:
  |- loss_rot: 0.04244
  |- loss_pos: 0.39802
  |- fk_loss: 1.46209
  |- smoothness_loss: 0.24399
Val Loss Components:
  |- loss_rot: 0.03932
  |- loss_pos: 0.56938
  |- fk_loss: 1.51880
  |- smoothness_loss: 0.13630
LR: 0.000050

Epoch 65 | Train Loss: 0.27666 | Val Loss: 0.33156
Train Loss Components:
  |- loss_rot: 0.04343
  |- loss_pos: 0.41928
  |- fk_loss: 1.48149
  |- smoothness_loss: 0.26743
Val Loss Components:
  |- loss_rot: 0.03937
  |- loss_pos: 0.54513
  |- fk_loss: 1.50748
  |- smoothness_loss: 0.13661
LR: 0.000050

Epoch 66 | Train Loss: 0.27447 | Val Loss: 0.33244
Train Loss Components:
  |- loss_rot: 0.04034
  |- loss_pos: 0.37684
  |- fk_loss: 1.36057
  |- smoothness_loss: 0.23193
Val Loss Components:
  |- loss_rot: 0.03936
  |- loss_pos: 0.54156
  |- fk_loss: 1.50753
  |- smoothness_loss: 0.13522
LR: 0.000050

Epoch 67 | Train Loss: 0.27265 | Val Loss: 0.33229
Train Loss Components:
  |- loss_rot: 0.04307
  |- loss_pos: 0.40631
  |- fk_loss: 1.47689
  |- smoothness_loss: 0.26801
Val Loss Components:
  |- loss_rot: 0.03926
  |- loss_pos: 0.55617
  |- fk_loss: 1.50199
  |- smoothness_loss: 0.13734
LR: 0.000050

Epoch 68 | Train Loss: 0.27140 | Val Loss: 0.33138
Train Loss Components:
  |- loss_rot: 0.03940
  |- loss_pos: 0.36797
  |- fk_loss: 1.37588
  |- smoothness_loss: 0.24406
Val Loss Components:
  |- loss_rot: 0.03929
  |- loss_pos: 0.53910
  |- fk_loss: 1.50022
  |- smoothness_loss: 0.14353
LR: 0.000050

Epoch 69 | Train Loss: 0.26982 | Val Loss: 0.33165
Train Loss Components:
  |- loss_rot: 0.04067
  |- loss_pos: 0.40271
  |- fk_loss: 1.40442
  |- smoothness_loss: 0.27163
Val Loss Components:
  |- loss_rot: 0.03919
  |- loss_pos: 0.54874
  |- fk_loss: 1.50393
  |- smoothness_loss: 0.13733
LR: 0.000050

Epoch 70 | Train Loss: 0.26925 | Val Loss: 0.33177
Train Loss Components:
  |- loss_rot: 0.03728
  |- loss_pos: 0.35633
  |- fk_loss: 1.27472
  |- smoothness_loss: 0.22482
Val Loss Components:
  |- loss_rot: 0.03910
  |- loss_pos: 0.54779
  |- fk_loss: 1.49885
  |- smoothness_loss: 0.13843
LR: 0.000050

Epoch 71 | Train Loss: 0.26700 | Val Loss: 0.32792
Train Loss Components:
  |- loss_rot: 0.04067
  |- loss_pos: 0.38368
  |- fk_loss: 1.39747
  |- smoothness_loss: 0.23337
Val Loss Components:
  |- loss_rot: 0.03905
  |- loss_pos: 0.54248
  |- fk_loss: 1.49030
  |- smoothness_loss: 0.13370
LR: 0.000050

Epoch 72 | Train Loss: 0.26621 | Val Loss: 0.33083
Train Loss Components:
  |- loss_rot: 0.04017
  |- loss_pos: 0.37670
  |- fk_loss: 1.36357
  |- smoothness_loss: 0.24147
Val Loss Components:
  |- loss_rot: 0.03915
  |- loss_pos: 0.55136
  |- fk_loss: 1.49161
  |- smoothness_loss: 0.14572
LR: 0.000050

Epoch 73 | Train Loss: 0.26431 | Val Loss: 0.32844
Train Loss Components:
  |- loss_rot: 0.04380
  |- loss_pos: 0.37692
  |- fk_loss: 1.46887
  |- smoothness_loss: 0.26189
Val Loss Components:
  |- loss_rot: 0.03899
  |- loss_pos: 0.54147
  |- fk_loss: 1.48865
  |- smoothness_loss: 0.13879
LR: 0.000050

Epoch 74 | Train Loss: 0.26193 | Val Loss: 0.33325
Train Loss Components:
  |- loss_rot: 0.03638
  |- loss_pos: 0.32182
  |- fk_loss: 1.24910
  |- smoothness_loss: 0.24233
Val Loss Components:
  |- loss_rot: 0.03898
  |- loss_pos: 0.55269
  |- fk_loss: 1.49347
  |- smoothness_loss: 0.14318
LR: 0.000050

Epoch 75 | Train Loss: 0.26130 | Val Loss: 0.33069
Train Loss Components:
  |- loss_rot: 0.04089
  |- loss_pos: 0.35708
  |- fk_loss: 1.38681
  |- smoothness_loss: 0.23167
Val Loss Components:
  |- loss_rot: 0.03891
  |- loss_pos: 0.55663
  |- fk_loss: 1.48976
  |- smoothness_loss: 0.13899
LR: 0.000050

Epoch 76 | Train Loss: 0.25935 | Val Loss: 0.32651
Train Loss Components:
  |- loss_rot: 0.03950
  |- loss_pos: 0.33097
  |- fk_loss: 1.31693
  |- smoothness_loss: 0.27917
Val Loss Components:
  |- loss_rot: 0.03886
  |- loss_pos: 0.53563
  |- fk_loss: 1.47395
  |- smoothness_loss: 0.14417
LR: 0.000050

Epoch 77 | Train Loss: 0.25822 | Val Loss: 0.32634
Train Loss Components:
  |- loss_rot: 0.04075
  |- loss_pos: 0.34872
  |- fk_loss: 1.38386
  |- smoothness_loss: 0.28458
Val Loss Components:
  |- loss_rot: 0.03883
  |- loss_pos: 0.54725
  |- fk_loss: 1.48014
  |- smoothness_loss: 0.13817
LR: 0.000050

Epoch 78 | Train Loss: 0.25776 | Val Loss: 0.32691
Train Loss Components:
  |- loss_rot: 0.04268
  |- loss_pos: 0.34916
  |- fk_loss: 1.42656
  |- smoothness_loss: 0.28338
Val Loss Components:
  |- loss_rot: 0.03899
  |- loss_pos: 0.53472
  |- fk_loss: 1.47712
  |- smoothness_loss: 0.14264
LR: 0.000050

Epoch 79 | Train Loss: 0.25629 | Val Loss: 0.32820
Train Loss Components:
  |- loss_rot: 0.04066
  |- loss_pos: 0.32938
  |- fk_loss: 1.32176
  |- smoothness_loss: 0.23362
Val Loss Components:
  |- loss_rot: 0.03883
  |- loss_pos: 0.54977
  |- fk_loss: 1.49001
  |- smoothness_loss: 0.14150
LR: 0.000050

Epoch 80 | Train Loss: 0.25467 | Val Loss: 0.32791
Train Loss Components:
  |- loss_rot: 0.04064
  |- loss_pos: 0.35358
  |- fk_loss: 1.37568
  |- smoothness_loss: 0.25456
Val Loss Components:
  |- loss_rot: 0.03879
  |- loss_pos: 0.54444
  |- fk_loss: 1.47207
  |- smoothness_loss: 0.14530
LR: 0.000050

Epoch 81 | Train Loss: 0.25389 | Val Loss: 0.32623
Train Loss Components:
  |- loss_rot: 0.03833
  |- loss_pos: 0.35993
  |- fk_loss: 1.28461
  |- smoothness_loss: 0.23995
Val Loss Components:
  |- loss_rot: 0.03873
  |- loss_pos: 0.53571
  |- fk_loss: 1.46844
  |- smoothness_loss: 0.14489
LR: 0.000050

Epoch 82 | Train Loss: 0.25197 | Val Loss: 0.32543
Train Loss Components:
  |- loss_rot: 0.04088
  |- loss_pos: 0.34261
  |- fk_loss: 1.33183
  |- smoothness_loss: 0.25294
Val Loss Components:
  |- loss_rot: 0.03865
  |- loss_pos: 0.53843
  |- fk_loss: 1.46791
  |- smoothness_loss: 0.14196
LR: 0.000050

Epoch 83 | Train Loss: 0.25151 | Val Loss: 0.32479
Train Loss Components:
  |- loss_rot: 0.03770
  |- loss_pos: 0.31999
  |- fk_loss: 1.23763
  |- smoothness_loss: 0.24587
Val Loss Components:
  |- loss_rot: 0.03862
  |- loss_pos: 0.53515
  |- fk_loss: 1.46565
  |- smoothness_loss: 0.14599
LR: 0.000050

Epoch 84 | Train Loss: 0.24957 | Val Loss: 0.32560
Train Loss Components:
  |- loss_rot: 0.03966
  |- loss_pos: 0.32765
  |- fk_loss: 1.29167
  |- smoothness_loss: 0.27586
Val Loss Components:
  |- loss_rot: 0.03869
  |- loss_pos: 0.53859
  |- fk_loss: 1.47261
  |- smoothness_loss: 0.14405
LR: 0.000050

Epoch 85 | Train Loss: 0.24827 | Val Loss: 0.32609
Train Loss Components:
  |- loss_rot: 0.03799
  |- loss_pos: 0.32141
  |- fk_loss: 1.24114
  |- smoothness_loss: 0.28424
Val Loss Components:
  |- loss_rot: 0.03854
  |- loss_pos: 0.53627
  |- fk_loss: 1.46505
  |- smoothness_loss: 0.14562
LR: 0.000050

Epoch 86 | Train Loss: 0.24747 | Val Loss: 0.32571
Train Loss Components:
  |- loss_rot: 0.04015
  |- loss_pos: 0.32858
  |- fk_loss: 1.33843
  |- smoothness_loss: 0.23678
Val Loss Components:
  |- loss_rot: 0.03861
  |- loss_pos: 0.54501
  |- fk_loss: 1.46997
  |- smoothness_loss: 0.14474
LR: 0.000050

Epoch 87 | Train Loss: 0.24671 | Val Loss: 0.32552
Train Loss Components:
  |- loss_rot: 0.04141
  |- loss_pos: 0.32556
  |- fk_loss: 1.30932
  |- smoothness_loss: 0.30540
Val Loss Components:
  |- loss_rot: 0.03861
  |- loss_pos: 0.53650
  |- fk_loss: 1.46351
  |- smoothness_loss: 0.14791
LR: 0.000050

Epoch 88 | Train Loss: 0.24517 | Val Loss: 0.32376
Train Loss Components:
  |- loss_rot: 0.03543
  |- loss_pos: 0.28635
  |- fk_loss: 1.17828
  |- smoothness_loss: 0.24813
Val Loss Components:
  |- loss_rot: 0.03848
  |- loss_pos: 0.53071
  |- fk_loss: 1.45632
  |- smoothness_loss: 0.15145
LR: 0.000050

Epoch 89 | Train Loss: 0.24397 | Val Loss: 0.32323
Train Loss Components:
  |- loss_rot: 0.03865
  |- loss_pos: 0.29880
  |- fk_loss: 1.28264
  |- smoothness_loss: 0.25745
Val Loss Components:
  |- loss_rot: 0.03850
  |- loss_pos: 0.52207
  |- fk_loss: 1.45021
  |- smoothness_loss: 0.14792
LR: 0.000050

Epoch 90 | Train Loss: 0.24291 | Val Loss: 0.32414
Train Loss Components:
  |- loss_rot: 0.04397
  |- loss_pos: 0.31224
  |- fk_loss: 1.43710
  |- smoothness_loss: 0.31094
Val Loss Components:
  |- loss_rot: 0.03845
  |- loss_pos: 0.53819
  |- fk_loss: 1.44873
  |- smoothness_loss: 0.14966
LR: 0.000050

Epoch 91 | Train Loss: 0.24263 | Val Loss: 0.32398
Train Loss Components:
  |- loss_rot: 0.04161
  |- loss_pos: 0.29574
  |- fk_loss: 1.31612
  |- smoothness_loss: 0.28268
Val Loss Components:
  |- loss_rot: 0.03847
  |- loss_pos: 0.53376
  |- fk_loss: 1.45782
  |- smoothness_loss: 0.14869
LR: 0.000050

Epoch 92 | Train Loss: 0.24112 | Val Loss: 0.32233
Train Loss Components:
  |- loss_rot: 0.04218
  |- loss_pos: 0.31812
  |- fk_loss: 1.37205
  |- smoothness_loss: 0.29395
Val Loss Components:
  |- loss_rot: 0.03835
  |- loss_pos: 0.53509
  |- fk_loss: 1.44673
  |- smoothness_loss: 0.14875
LR: 0.000050

Epoch 93 | Train Loss: 0.23960 | Val Loss: 0.32169
Train Loss Components:
  |- loss_rot: 0.03897
  |- loss_pos: 0.31215
  |- fk_loss: 1.26214
  |- smoothness_loss: 0.25657
Val Loss Components:
  |- loss_rot: 0.03833
  |- loss_pos: 0.52623
  |- fk_loss: 1.43959
  |- smoothness_loss: 0.14787
LR: 0.000050

Epoch 94 | Train Loss: 0.23863 | Val Loss: 0.32314
Train Loss Components:
  |- loss_rot: 0.04099
  |- loss_pos: 0.30852
  |- fk_loss: 1.26087
  |- smoothness_loss: 0.28563
Val Loss Components:
  |- loss_rot: 0.03853
  |- loss_pos: 0.54400
  |- fk_loss: 1.45591
  |- smoothness_loss: 0.15393
LR: 0.000050

Epoch 95 | Train Loss: 0.23779 | Val Loss: 0.32396
Train Loss Components:
  |- loss_rot: 0.04027
  |- loss_pos: 0.29187
  |- fk_loss: 1.28380
  |- smoothness_loss: 0.27641
Val Loss Components:
  |- loss_rot: 0.03842
  |- loss_pos: 0.54203
  |- fk_loss: 1.45113
  |- smoothness_loss: 0.15585
LR: 0.000050

Epoch 96 | Train Loss: 0.23707 | Val Loss: 0.32137
Train Loss Components:
  |- loss_rot: 0.03994
  |- loss_pos: 0.28084
  |- fk_loss: 1.26323
  |- smoothness_loss: 0.27077
Val Loss Components:
  |- loss_rot: 0.03831
  |- loss_pos: 0.52638
  |- fk_loss: 1.43457
  |- smoothness_loss: 0.15373
LR: 0.000050

Epoch 97 | Train Loss: 0.23569 | Val Loss: 0.32016
Train Loss Components:
  |- loss_rot: 0.03743
  |- loss_pos: 0.30163
  |- fk_loss: 1.20352
  |- smoothness_loss: 0.27384
Val Loss Components:
  |- loss_rot: 0.03834
  |- loss_pos: 0.52934
  |- fk_loss: 1.44949
  |- smoothness_loss: 0.14773
LR: 0.000050

Epoch 98 | Train Loss: 0.23516 | Val Loss: 0.32111
Train Loss Components:
  |- loss_rot: 0.04101
  |- loss_pos: 0.29417
  |- fk_loss: 1.28606
  |- smoothness_loss: 0.27499
Val Loss Components:
  |- loss_rot: 0.03830
  |- loss_pos: 0.52286
  |- fk_loss: 1.42986
  |- smoothness_loss: 0.15126
LR: 0.000050

Epoch 99 | Train Loss: 0.23434 | Val Loss: 0.32422
Train Loss Components:
  |- loss_rot: 0.03657
  |- loss_pos: 0.26740
  |- fk_loss: 1.13123
  |- smoothness_loss: 0.22758
Val Loss Components:
  |- loss_rot: 0.03828
  |- loss_pos: 0.54110
  |- fk_loss: 1.45015
  |- smoothness_loss: 0.15565
LR: 0.000050

Epoch 100 | Train Loss: 0.23289 | Val Loss: 0.32052
Train Loss Components:
  |- loss_rot: 0.03658
  |- loss_pos: 0.27472
  |- fk_loss: 1.14426
  |- smoothness_loss: 0.24053
Val Loss Components:
  |- loss_rot: 0.03817
  |- loss_pos: 0.52609
  |- fk_loss: 1.43643
  |- smoothness_loss: 0.14878
LR: 0.000050

Epoch 101 | Train Loss: 0.23234 | Val Loss: 0.32211
Train Loss Components:
  |- loss_rot: 0.03846
  |- loss_pos: 0.27304
  |- fk_loss: 1.23231
  |- smoothness_loss: 0.27033
Val Loss Components:
  |- loss_rot: 0.03827
  |- loss_pos: 0.53282
  |- fk_loss: 1.43621
  |- smoothness_loss: 0.15694
LR: 0.000050

Epoch 102 | Train Loss: 0.23177 | Val Loss: 0.32040
Train Loss Components:
  |- loss_rot: 0.03773
  |- loss_pos: 0.27024
  |- fk_loss: 1.16853
  |- smoothness_loss: 0.25942
Val Loss Components:
  |- loss_rot: 0.03812
  |- loss_pos: 0.53096
  |- fk_loss: 1.42728
  |- smoothness_loss: 0.15380
LR: 0.000050

Epoch 103 | Train Loss: 0.23072 | Val Loss: 0.31950
Train Loss Components:
  |- loss_rot: 0.03914
  |- loss_pos: 0.27184
  |- fk_loss: 1.23135
  |- smoothness_loss: 0.29914
Val Loss Components:
  |- loss_rot: 0.03812
  |- loss_pos: 0.52921
  |- fk_loss: 1.42871
  |- smoothness_loss: 0.15383
LR: 0.000050

Epoch 104 | Train Loss: 0.22967 | Val Loss: 0.32096
Train Loss Components:
  |- loss_rot: 0.03955
  |- loss_pos: 0.27736
  |- fk_loss: 1.23158
  |- smoothness_loss: 0.29221
Val Loss Components:
  |- loss_rot: 0.03821
  |- loss_pos: 0.53940
  |- fk_loss: 1.43575
  |- smoothness_loss: 0.15964
LR: 0.000050

Epoch 105 | Train Loss: 0.22871 | Val Loss: 0.31885
Train Loss Components:
  |- loss_rot: 0.03773
  |- loss_pos: 0.27817
  |- fk_loss: 1.20026
  |- smoothness_loss: 0.25159
Val Loss Components:
  |- loss_rot: 0.03803
  |- loss_pos: 0.52298
  |- fk_loss: 1.42377
  |- smoothness_loss: 0.15357
LR: 0.000050

Epoch 106 | Train Loss: 0.22841 | Val Loss: 0.31990
Train Loss Components:
  |- loss_rot: 0.03811
  |- loss_pos: 0.30278
  |- fk_loss: 1.24248
  |- smoothness_loss: 0.26240
Val Loss Components:
  |- loss_rot: 0.03804
  |- loss_pos: 0.52068
  |- fk_loss: 1.42419
  |- smoothness_loss: 0.15530
LR: 0.000050

Epoch 107 | Train Loss: 0.22716 | Val Loss: 0.32115
Train Loss Components:
  |- loss_rot: 0.03732
  |- loss_pos: 0.26894
  |- fk_loss: 1.16384
  |- smoothness_loss: 0.26457
Val Loss Components:
  |- loss_rot: 0.03805
  |- loss_pos: 0.54039
  |- fk_loss: 1.43099
  |- smoothness_loss: 0.15360
LR: 0.000050

Epoch 108 | Train Loss: 0.22626 | Val Loss: 0.31966
Train Loss Components:
  |- loss_rot: 0.03369
  |- loss_pos: 0.26251
  |- fk_loss: 1.05724
  |- smoothness_loss: 0.26127
Val Loss Components:
  |- loss_rot: 0.03800
  |- loss_pos: 0.51867
  |- fk_loss: 1.41511
  |- smoothness_loss: 0.16047
LR: 0.000050

Epoch 109 | Train Loss: 0.22538 | Val Loss: 0.31827
Train Loss Components:
  |- loss_rot: 0.03616
  |- loss_pos: 0.25646
  |- fk_loss: 1.12129
  |- smoothness_loss: 0.21819
Val Loss Components:
  |- loss_rot: 0.03803
  |- loss_pos: 0.52135
  |- fk_loss: 1.41359
  |- smoothness_loss: 0.15902
LR: 0.000050

Epoch 110 | Train Loss: 0.22440 | Val Loss: 0.31831
Train Loss Components:
  |- loss_rot: 0.03676
  |- loss_pos: 0.25559
  |- fk_loss: 1.14951
  |- smoothness_loss: 0.25170
Val Loss Components:
  |- loss_rot: 0.03797
  |- loss_pos: 0.52504
  |- fk_loss: 1.42190
  |- smoothness_loss: 0.15485
LR: 0.000050

Epoch 111 | Train Loss: 0.22364 | Val Loss: 0.32042
Train Loss Components:
  |- loss_rot: 0.03689
  |- loss_pos: 0.24945
  |- fk_loss: 1.13596
  |- smoothness_loss: 0.24555
Val Loss Components:
  |- loss_rot: 0.03803
  |- loss_pos: 0.52432
  |- fk_loss: 1.41824
  |- smoothness_loss: 0.16348
LR: 0.000050

Epoch 112 | Train Loss: 0.22328 | Val Loss: 0.31954
Train Loss Components:
  |- loss_rot: 0.03472
  |- loss_pos: 0.24137
  |- fk_loss: 1.07858
  |- smoothness_loss: 0.23322
Val Loss Components:
  |- loss_rot: 0.03792
  |- loss_pos: 0.51897
  |- fk_loss: 1.41063
  |- smoothness_loss: 0.16071
LR: 0.000050

Epoch 113 | Train Loss: 0.22233 | Val Loss: 0.31853
Train Loss Components:
  |- loss_rot: 0.03943
  |- loss_pos: 0.25925
  |- fk_loss: 1.17549
  |- smoothness_loss: 0.31324
Val Loss Components:
  |- loss_rot: 0.03793
  |- loss_pos: 0.53014
  |- fk_loss: 1.42255
  |- smoothness_loss: 0.16308
LR: 0.000050

Epoch 114 | Train Loss: 0.22130 | Val Loss: 0.31683
Train Loss Components:
  |- loss_rot: 0.04001
  |- loss_pos: 0.27519
  |- fk_loss: 1.24756
  |- smoothness_loss: 0.30353
Val Loss Components:
  |- loss_rot: 0.03786
  |- loss_pos: 0.52022
  |- fk_loss: 1.41277
  |- smoothness_loss: 0.15638
LR: 0.000050

Epoch 115 | Train Loss: 0.22054 | Val Loss: 0.31861
Train Loss Components:
  |- loss_rot: 0.03849
  |- loss_pos: 0.26361
  |- fk_loss: 1.17720
  |- smoothness_loss: 0.29748
Val Loss Components:
  |- loss_rot: 0.03790
  |- loss_pos: 0.52518
  |- fk_loss: 1.41323
  |- smoothness_loss: 0.16219
LR: 0.000050

Epoch 116 | Train Loss: 0.22003 | Val Loss: 0.31828
Train Loss Components:
  |- loss_rot: 0.03829
  |- loss_pos: 0.25542
  |- fk_loss: 1.18188
  |- smoothness_loss: 0.23512
Val Loss Components:
  |- loss_rot: 0.03789
  |- loss_pos: 0.52738
  |- fk_loss: 1.42099
  |- smoothness_loss: 0.15692
LR: 0.000050

Epoch 117 | Train Loss: 0.21976 | Val Loss: 0.31738
Train Loss Components:
  |- loss_rot: 0.03919
  |- loss_pos: 0.25335
  |- fk_loss: 1.19481
  |- smoothness_loss: 0.29601
Val Loss Components:
  |- loss_rot: 0.03785
  |- loss_pos: 0.51717
  |- fk_loss: 1.40311
  |- smoothness_loss: 0.16368
LR: 0.000050

Epoch 118 | Train Loss: 0.21854 | Val Loss: 0.31602
Train Loss Components:
  |- loss_rot: 0.03763
  |- loss_pos: 0.24548
  |- fk_loss: 1.15021
  |- smoothness_loss: 0.27953
Val Loss Components:
  |- loss_rot: 0.03783
  |- loss_pos: 0.50986
  |- fk_loss: 1.39806
  |- smoothness_loss: 0.16126
LR: 0.000050

Epoch 119 | Train Loss: 0.21714 | Val Loss: 0.31777
Train Loss Components:
  |- loss_rot: 0.03874
  |- loss_pos: 0.24815
  |- fk_loss: 1.14700
  |- smoothness_loss: 0.26690
Val Loss Components:
  |- loss_rot: 0.03790
  |- loss_pos: 0.51154
  |- fk_loss: 1.40449
  |- smoothness_loss: 0.15721
LR: 0.000050

Epoch 120 | Train Loss: 0.21681 | Val Loss: 0.31726
Train Loss Components:
  |- loss_rot: 0.03668
  |- loss_pos: 0.23534
  |- fk_loss: 1.10663
  |- smoothness_loss: 0.27782
Val Loss Components:
  |- loss_rot: 0.03787
  |- loss_pos: 0.52550
  |- fk_loss: 1.41149
  |- smoothness_loss: 0.16321
LR: 0.000050

Epoch 121 | Train Loss: 0.21640 | Val Loss: 0.31622
Train Loss Components:
  |- loss_rot: 0.03673
  |- loss_pos: 0.24456
  |- fk_loss: 1.13538
  |- smoothness_loss: 0.28187
Val Loss Components:
  |- loss_rot: 0.03785
  |- loss_pos: 0.52104
  |- fk_loss: 1.40623
  |- smoothness_loss: 0.16204
LR: 0.000050

Epoch 122 | Train Loss: 0.21589 | Val Loss: 0.31728
Train Loss Components:
  |- loss_rot: 0.03960
  |- loss_pos: 0.26887
  |- fk_loss: 1.21707
  |- smoothness_loss: 0.25904
Val Loss Components:
  |- loss_rot: 0.03775
  |- loss_pos: 0.51916
  |- fk_loss: 1.40297
  |- smoothness_loss: 0.16109
LR: 0.000050

Epoch 123 | Train Loss: 0.21512 | Val Loss: 0.31618
Train Loss Components:
  |- loss_rot: 0.04131
  |- loss_pos: 0.25882
  |- fk_loss: 1.22980
  |- smoothness_loss: 0.32401
Val Loss Components:
  |- loss_rot: 0.03773
  |- loss_pos: 0.51633
  |- fk_loss: 1.39682
  |- smoothness_loss: 0.16281
LR: 0.000050

Epoch 124 | Train Loss: 0.21454 | Val Loss: 0.31498
Train Loss Components:
  |- loss_rot: 0.03950
  |- loss_pos: 0.25143
  |- fk_loss: 1.19958
  |- smoothness_loss: 0.29453
Val Loss Components:
  |- loss_rot: 0.03775
  |- loss_pos: 0.51506
  |- fk_loss: 1.39403
  |- smoothness_loss: 0.16462
LR: 0.000050

Epoch 125 | Train Loss: 0.21371 | Val Loss: 0.31634
Train Loss Components:
  |- loss_rot: 0.03805
  |- loss_pos: 0.23343
  |- fk_loss: 1.14617
  |- smoothness_loss: 0.29427
Val Loss Components:
  |- loss_rot: 0.03775
  |- loss_pos: 0.52055
  |- fk_loss: 1.39973
  |- smoothness_loss: 0.16462
LR: 0.000050

Epoch 126 | Train Loss: 0.21318 | Val Loss: 0.31530
Train Loss Components:
  |- loss_rot: 0.03806
  |- loss_pos: 0.23381
  |- fk_loss: 1.14239
  |- smoothness_loss: 0.24897
Val Loss Components:
  |- loss_rot: 0.03777
  |- loss_pos: 0.51785
  |- fk_loss: 1.39971
  |- smoothness_loss: 0.16044
LR: 0.000050

Epoch 127 | Train Loss: 0.21265 | Val Loss: 0.31635
Train Loss Components:
  |- loss_rot: 0.03832
  |- loss_pos: 0.23274
  |- fk_loss: 1.11175
  |- smoothness_loss: 0.29251
Val Loss Components:
  |- loss_rot: 0.03770
  |- loss_pos: 0.51948
  |- fk_loss: 1.39468
  |- smoothness_loss: 0.16843
LR: 0.000050

Epoch 128 | Train Loss: 0.21170 | Val Loss: 0.31695
Train Loss Components:
  |- loss_rot: 0.03773
  |- loss_pos: 0.23787
  |- fk_loss: 1.12269
  |- smoothness_loss: 0.31775
Val Loss Components:
  |- loss_rot: 0.03772
  |- loss_pos: 0.52259
  |- fk_loss: 1.39837
  |- smoothness_loss: 0.16774
LR: 0.000050

Epoch 129 | Train Loss: 0.21078 | Val Loss: 0.31559
Train Loss Components:
  |- loss_rot: 0.04001
  |- loss_pos: 0.23189
  |- fk_loss: 1.15113
  |- smoothness_loss: 0.29734
Val Loss Components:
  |- loss_rot: 0.03754
  |- loss_pos: 0.51341
  |- fk_loss: 1.38829
  |- smoothness_loss: 0.16389
LR: 0.000050

Epoch 130 | Train Loss: 0.21021 | Val Loss: 0.31584
Train Loss Components:
  |- loss_rot: 0.03693
  |- loss_pos: 0.21724
  |- fk_loss: 1.07834
  |- smoothness_loss: 0.27152
Val Loss Components:
  |- loss_rot: 0.03770
  |- loss_pos: 0.51645
  |- fk_loss: 1.39661
  |- smoothness_loss: 0.16771
LR: 0.000050

Epoch 131 | Train Loss: 0.20243 | Val Loss: 0.31184
Train Loss Components:
  |- loss_rot: 0.03648
  |- loss_pos: 0.21337
  |- fk_loss: 1.05527
  |- smoothness_loss: 0.29797
Val Loss Components:
  |- loss_rot: 0.03756
  |- loss_pos: 0.51157
  |- fk_loss: 1.38214
  |- smoothness_loss: 0.16634
LR: 0.000025

Epoch 132 | Train Loss: 0.19967 | Val Loss: 0.31181
Train Loss Components:
  |- loss_rot: 0.03738
  |- loss_pos: 0.21432
  |- fk_loss: 1.08655
  |- smoothness_loss: 0.26807
Val Loss Components:
  |- loss_rot: 0.03750
  |- loss_pos: 0.50589
  |- fk_loss: 1.37675
  |- smoothness_loss: 0.16889
LR: 0.000025

Epoch 133 | Train Loss: 0.19886 | Val Loss: 0.31179
Train Loss Components:
  |- loss_rot: 0.03780
  |- loss_pos: 0.20955
  |- fk_loss: 1.06988
  |- smoothness_loss: 0.30399
Val Loss Components:
  |- loss_rot: 0.03756
  |- loss_pos: 0.50702
  |- fk_loss: 1.38005
  |- smoothness_loss: 0.17093
LR: 0.000025

Epoch 134 | Train Loss: 0.19838 | Val Loss: 0.31215
Train Loss Components:
  |- loss_rot: 0.03754
  |- loss_pos: 0.19315
  |- fk_loss: 1.05782
  |- smoothness_loss: 0.30533
Val Loss Components:
  |- loss_rot: 0.03751
  |- loss_pos: 0.50725
  |- fk_loss: 1.37848
  |- smoothness_loss: 0.17209
LR: 0.000025

Epoch 135 | Train Loss: 0.19807 | Val Loss: 0.31333
Train Loss Components:
  |- loss_rot: 0.03826
  |- loss_pos: 0.21553
  |- fk_loss: 1.10853
  |- smoothness_loss: 0.35584
Val Loss Components:
  |- loss_rot: 0.03756
  |- loss_pos: 0.51083
  |- fk_loss: 1.37811
  |- smoothness_loss: 0.17489
LR: 0.000025

Epoch 136 | Train Loss: 0.19776 | Val Loss: 0.31300
Train Loss Components:
  |- loss_rot: 0.03541
  |- loss_pos: 0.20088
  |- fk_loss: 0.99347
  |- smoothness_loss: 0.27480
Val Loss Components:
  |- loss_rot: 0.03752
  |- loss_pos: 0.51420
  |- fk_loss: 1.38150
  |- smoothness_loss: 0.17302
LR: 0.000025

Epoch 137 | Train Loss: 0.19725 | Val Loss: 0.31225
Train Loss Components:
  |- loss_rot: 0.03679
  |- loss_pos: 0.20399
  |- fk_loss: 1.02739
  |- smoothness_loss: 0.28843
Val Loss Components:
  |- loss_rot: 0.03751
  |- loss_pos: 0.51402
  |- fk_loss: 1.38115
  |- smoothness_loss: 0.17100
LR: 0.000025

Epoch 138 | Train Loss: 0.19703 | Val Loss: 0.31247
Train Loss Components:
  |- loss_rot: 0.03587
  |- loss_pos: 0.19811
  |- fk_loss: 1.03746
  |- smoothness_loss: 0.27194
Val Loss Components:
  |- loss_rot: 0.03753
  |- loss_pos: 0.51845
  |- fk_loss: 1.38222
  |- smoothness_loss: 0.17236
LR: 0.000025

Epoch 139 | Train Loss: 0.19334 | Val Loss: 0.31063
Train Loss Components:
  |- loss_rot: 0.03884
  |- loss_pos: 0.18387
  |- fk_loss: 1.06684
  |- smoothness_loss: 0.28360
Val Loss Components:
  |- loss_rot: 0.03742
  |- loss_pos: 0.50541
  |- fk_loss: 1.36815
  |- smoothness_loss: 0.17250
LR: 0.000013

Epoch 140 | Train Loss: 0.19209 | Val Loss: 0.31086
Train Loss Components:
  |- loss_rot: 0.03923
  |- loss_pos: 0.18979
  |- fk_loss: 1.12164
  |- smoothness_loss: 0.30941
Val Loss Components:
  |- loss_rot: 0.03747
  |- loss_pos: 0.50739
  |- fk_loss: 1.37036
  |- smoothness_loss: 0.17513
LR: 0.000013

Epoch 141 | Train Loss: 0.19161 | Val Loss: 0.31022
Train Loss Components:
  |- loss_rot: 0.03542
  |- loss_pos: 0.18118
  |- fk_loss: 1.00315
  |- smoothness_loss: 0.28063
Val Loss Components:
  |- loss_rot: 0.03742
  |- loss_pos: 0.50378
  |- fk_loss: 1.36742
  |- smoothness_loss: 0.17373
LR: 0.000013

Epoch 142 | Train Loss: 0.19143 | Val Loss: 0.31032
Train Loss Components:
  |- loss_rot: 0.03776
  |- loss_pos: 0.17441
  |- fk_loss: 1.05811
  |- smoothness_loss: 0.28643
Val Loss Components:
  |- loss_rot: 0.03745
  |- loss_pos: 0.50414
  |- fk_loss: 1.36681
  |- smoothness_loss: 0.17289
LR: 0.000013

Epoch 143 | Train Loss: 0.19113 | Val Loss: 0.31135
Train Loss Components:
  |- loss_rot: 0.03614
  |- loss_pos: 0.18500
  |- fk_loss: 1.04521
  |- smoothness_loss: 0.29155
Val Loss Components:
  |- loss_rot: 0.03746
  |- loss_pos: 0.51314
  |- fk_loss: 1.37333
  |- smoothness_loss: 0.17664
LR: 0.000013

Epoch 144 | Train Loss: 0.19096 | Val Loss: 0.31087
Train Loss Components:
  |- loss_rot: 0.03696
  |- loss_pos: 0.19377
  |- fk_loss: 1.02373
  |- smoothness_loss: 0.28514
Val Loss Components:
  |- loss_rot: 0.03743
  |- loss_pos: 0.50799
  |- fk_loss: 1.36996
  |- smoothness_loss: 0.17487
LR: 0.000013

Epoch 145 | Train Loss: 0.19059 | Val Loss: 0.31058
Train Loss Components:
  |- loss_rot: 0.03388
  |- loss_pos: 0.17317
  |- fk_loss: 0.94441
  |- smoothness_loss: 0.28473
Val Loss Components:
  |- loss_rot: 0.03743
  |- loss_pos: 0.51045
  |- fk_loss: 1.37146
  |- smoothness_loss: 0.17358
LR: 0.000013

Epoch 146 | Train Loss: 0.19042 | Val Loss: 0.31037
Train Loss Components:
  |- loss_rot: 0.03768
  |- loss_pos: 0.17607
  |- fk_loss: 1.04655
  |- smoothness_loss: 0.29513
Val Loss Components:
  |- loss_rot: 0.03746
  |- loss_pos: 0.50949
  |- fk_loss: 1.37227
  |- smoothness_loss: 0.17362
LR: 0.000013

Epoch 147 | Train Loss: 0.19018 | Val Loss: 0.31050
Train Loss Components:
  |- loss_rot: 0.03759
  |- loss_pos: 0.19139
  |- fk_loss: 1.06409
  |- smoothness_loss: 0.30882
Val Loss Components:
  |- loss_rot: 0.03743
  |- loss_pos: 0.50795
  |- fk_loss: 1.37022
  |- smoothness_loss: 0.17501
LR: 0.000013

Epoch 148 | Train Loss: 0.18853 | Val Loss: 0.31000
Train Loss Components:
  |- loss_rot: 0.03743
  |- loss_pos: 0.20124
  |- fk_loss: 1.08674
  |- smoothness_loss: 0.29494
Val Loss Components:
  |- loss_rot: 0.03741
  |- loss_pos: 0.50781
  |- fk_loss: 1.36571
  |- smoothness_loss: 0.17789
LR: 0.000006

Epoch 149 | Train Loss: 0.18790 | Val Loss: 0.30987
Train Loss Components:
  |- loss_rot: 0.03725
  |- loss_pos: 0.16932
  |- fk_loss: 1.01709
  |- smoothness_loss: 0.28051
Val Loss Components:
  |- loss_rot: 0.03740
  |- loss_pos: 0.50775
  |- fk_loss: 1.36760
  |- smoothness_loss: 0.17753
LR: 0.000006

Epoch 150 | Train Loss: 0.18773 | Val Loss: 0.31011
Train Loss Components:
  |- loss_rot: 0.03626
  |- loss_pos: 0.17476
  |- fk_loss: 1.00267
  |- smoothness_loss: 0.31117
Val Loss Components:
  |- loss_rot: 0.03743
  |- loss_pos: 0.50633
  |- fk_loss: 1.36596
  |- smoothness_loss: 0.17728
LR: 0.000006

Epoch 151 | Train Loss: 0.18760 | Val Loss: 0.30993
Train Loss Components:
  |- loss_rot: 0.03858
  |- loss_pos: 0.18657
  |- fk_loss: 1.09742
  |- smoothness_loss: 0.32665
Val Loss Components:
  |- loss_rot: 0.03741
  |- loss_pos: 0.50559
  |- fk_loss: 1.36734
  |- smoothness_loss: 0.17585
LR: 0.000006

Epoch 152 | Train Loss: 0.18738 | Val Loss: 0.30993
Train Loss Components:
  |- loss_rot: 0.03999
  |- loss_pos: 0.18084
  |- fk_loss: 1.12106
  |- smoothness_loss: 0.32162
Val Loss Components:
  |- loss_rot: 0.03740
  |- loss_pos: 0.50609
  |- fk_loss: 1.36680
  |- smoothness_loss: 0.17739
LR: 0.000006

Epoch 153 | Train Loss: 0.18723 | Val Loss: 0.30989
Train Loss Components:
  |- loss_rot: 0.03647
  |- loss_pos: 0.18288
  |- fk_loss: 1.01717
  |- smoothness_loss: 0.27316
Val Loss Components:
  |- loss_rot: 0.03741
  |- loss_pos: 0.50453
  |- fk_loss: 1.36462
  |- smoothness_loss: 0.17729
LR: 0.000006

Epoch 154 | Train Loss: 0.18696 | Val Loss: 0.30993
Train Loss Components:
  |- loss_rot: 0.03376
  |- loss_pos: 0.17298
  |- fk_loss: 0.93727
  |- smoothness_loss: 0.25536
Val Loss Components:
  |- loss_rot: 0.03740
  |- loss_pos: 0.50693
  |- fk_loss: 1.36700
  |- smoothness_loss: 0.17555
LR: 0.000006

Epoch 155 | Train Loss: 0.18688 | Val Loss: 0.31035
Train Loss Components:
  |- loss_rot: 0.03737
  |- loss_pos: 0.18066
  |- fk_loss: 1.03792
  |- smoothness_loss: 0.31461
Val Loss Components:
  |- loss_rot: 0.03743
  |- loss_pos: 0.51033
  |- fk_loss: 1.36877
  |- smoothness_loss: 0.17866
LR: 0.000006

Epoch 156 | Train Loss: 0.18606 | Val Loss: 0.30955
Train Loss Components:
  |- loss_rot: 0.03793
  |- loss_pos: 0.17804
  |- fk_loss: 1.06744
  |- smoothness_loss: 0.29393
Val Loss Components:
  |- loss_rot: 0.03739
  |- loss_pos: 0.50401
  |- fk_loss: 1.36470
  |- smoothness_loss: 0.17763
LR: 0.000003

Epoch 157 | Train Loss: 0.18583 | Val Loss: 0.30971
Train Loss Components:
  |- loss_rot: 0.03785
  |- loss_pos: 0.18140
  |- fk_loss: 1.03237
  |- smoothness_loss: 0.34585
Val Loss Components:
  |- loss_rot: 0.03740
  |- loss_pos: 0.50652
  |- fk_loss: 1.36529
  |- smoothness_loss: 0.17846
LR: 0.000003

Epoch 158 | Train Loss: 0.18567 | Val Loss: 0.30978
Train Loss Components:
  |- loss_rot: 0.03726
  |- loss_pos: 0.17132
  |- fk_loss: 1.03019
  |- smoothness_loss: 0.29263
Val Loss Components:
  |- loss_rot: 0.03741
  |- loss_pos: 0.50563
  |- fk_loss: 1.36496
  |- smoothness_loss: 0.17783
LR: 0.000003

Epoch 159 | Train Loss: 0.18551 | Val Loss: 0.30957
Train Loss Components:
  |- loss_rot: 0.03585
  |- loss_pos: 0.17538
  |- fk_loss: 1.01192
  |- smoothness_loss: 0.27690
Val Loss Components:
  |- loss_rot: 0.03740
  |- loss_pos: 0.50589
  |- fk_loss: 1.36442
  |- smoothness_loss: 0.17796
LR: 0.000003

Epoch 160 | Train Loss: 0.18552 | Val Loss: 0.30966
Train Loss Components:
  |- loss_rot: 0.03778
  |- loss_pos: 0.17420
  |- fk_loss: 1.04500
  |- smoothness_loss: 0.33256
Val Loss Components:
  |- loss_rot: 0.03737
  |- loss_pos: 0.50519
  |- fk_loss: 1.36346
  |- smoothness_loss: 0.17839
LR: 0.000003

Epoch 161 | Train Loss: 0.18532 | Val Loss: 0.30991
Train Loss Components:
  |- loss_rot: 0.03505
  |- loss_pos: 0.17129
  |- fk_loss: 0.96716
  |- smoothness_loss: 0.28875
Val Loss Components:
  |- loss_rot: 0.03741
  |- loss_pos: 0.50720
  |- fk_loss: 1.36521
  |- smoothness_loss: 0.17901
LR: 0.000003

Epoch 162 | Train Loss: 0.18540 | Val Loss: 0.30971
Train Loss Components:
  |- loss_rot: 0.03703
  |- loss_pos: 0.17425
  |- fk_loss: 0.99557
  |- smoothness_loss: 0.29994
Val Loss Components:
  |- loss_rot: 0.03739
  |- loss_pos: 0.50553
  |- fk_loss: 1.36514
  |- smoothness_loss: 0.17859
LR: 0.000003

Epoch 163 | Train Loss: 0.18496 | Val Loss: 0.30938
Train Loss Components:
  |- loss_rot: 0.04003
  |- loss_pos: 0.17910
  |- fk_loss: 1.10184
  |- smoothness_loss: 0.34842
Val Loss Components:
  |- loss_rot: 0.03737
  |- loss_pos: 0.50512
  |- fk_loss: 1.36264
  |- smoothness_loss: 0.17784
LR: 0.000002

Epoch 164 | Train Loss: 0.18477 | Val Loss: 0.30941
Train Loss Components:
  |- loss_rot: 0.03771
  |- loss_pos: 0.17882
  |- fk_loss: 1.03210
  |- smoothness_loss: 0.29318
Val Loss Components:
  |- loss_rot: 0.03737
  |- loss_pos: 0.50452
  |- fk_loss: 1.36318
  |- smoothness_loss: 0.17814
LR: 0.000002

Epoch 165 | Train Loss: 0.18479 | Val Loss: 0.30950
Train Loss Components:
  |- loss_rot: 0.03657
  |- loss_pos: 0.17141
  |- fk_loss: 0.99702
  |- smoothness_loss: 0.26117
Val Loss Components:
  |- loss_rot: 0.03739
  |- loss_pos: 0.50662
  |- fk_loss: 1.36535
  |- smoothness_loss: 0.17783
LR: 0.000002

Epoch 166 | Train Loss: 0.18457 | Val Loss: 0.30958
Train Loss Components:
  |- loss_rot: 0.03684
  |- loss_pos: 0.16258
  |- fk_loss: 0.98114
  |- smoothness_loss: 0.30077
Val Loss Components:
  |- loss_rot: 0.03741
  |- loss_pos: 0.50587
  |- fk_loss: 1.36442
  |- smoothness_loss: 0.17802
LR: 0.000002

Epoch 167 | Train Loss: 0.18458 | Val Loss: 0.30945
Train Loss Components:
  |- loss_rot: 0.03308
  |- loss_pos: 0.16370
  |- fk_loss: 0.92040
  |- smoothness_loss: 0.30698
Val Loss Components:
  |- loss_rot: 0.03738
  |- loss_pos: 0.50653
  |- fk_loss: 1.36438
  |- smoothness_loss: 0.17831
LR: 0.000002

Epoch 168 | Train Loss: 0.18456 | Val Loss: 0.30943
Train Loss Components:
  |- loss_rot: 0.03604
  |- loss_pos: 0.16474
  |- fk_loss: 0.98804
  |- smoothness_loss: 0.30596
Val Loss Components:
  |- loss_rot: 0.03738
  |- loss_pos: 0.50595
  |- fk_loss: 1.36391
  |- smoothness_loss: 0.17825
LR: 0.000002

Epoch 169 | Train Loss: 0.18449 | Val Loss: 0.30944
Train Loss Components:
  |- loss_rot: 0.03508
  |- loss_pos: 0.16279
  |- fk_loss: 0.94873
  |- smoothness_loss: 0.24397
Val Loss Components:
  |- loss_rot: 0.03739
  |- loss_pos: 0.50540
  |- fk_loss: 1.36470
  |- smoothness_loss: 0.17874
LR: 0.000002

Epoch 170 | Train Loss: 0.18435 | Val Loss: 0.30932
Train Loss Components:
  |- loss_rot: 0.03669
  |- loss_pos: 0.16937
  |- fk_loss: 0.99466
  |- smoothness_loss: 0.31124
Val Loss Components:
  |- loss_rot: 0.03738
  |- loss_pos: 0.50517
  |- fk_loss: 1.36364
  |- smoothness_loss: 0.17875
LR: 0.000001

Epoch 171 | Train Loss: 0.18424 | Val Loss: 0.30927
Train Loss Components:
  |- loss_rot: 0.03682
  |- loss_pos: 0.16500
  |- fk_loss: 1.00038
  |- smoothness_loss: 0.27771
Val Loss Components:
  |- loss_rot: 0.03736
  |- loss_pos: 0.50439
  |- fk_loss: 1.36223
  |- smoothness_loss: 0.17779
LR: 0.000001

Epoch 172 | Train Loss: 0.18422 | Val Loss: 0.30938
Train Loss Components:
  |- loss_rot: 0.03905
  |- loss_pos: 0.17271
  |- fk_loss: 1.05942
  |- smoothness_loss: 0.31132
Val Loss Components:
  |- loss_rot: 0.03737
  |- loss_pos: 0.50615
  |- fk_loss: 1.36416
  |- smoothness_loss: 0.17852
LR: 0.000001

Epoch 173 | Train Loss: 0.18430 | Val Loss: 0.30935
Train Loss Components:
  |- loss_rot: 0.04031
  |- loss_pos: 0.18233
  |- fk_loss: 1.08576
  |- smoothness_loss: 0.34130
Val Loss Components:
  |- loss_rot: 0.03738
  |- loss_pos: 0.50502
  |- fk_loss: 1.36368
  |- smoothness_loss: 0.17816
LR: 0.000001

Epoch 174 | Train Loss: 0.18416 | Val Loss: 0.30933
Train Loss Components:
  |- loss_rot: 0.03750
  |- loss_pos: 0.16413
  |- fk_loss: 1.04879
  |- smoothness_loss: 0.30081
Val Loss Components:
  |- loss_rot: 0.03737
  |- loss_pos: 0.50494
  |- fk_loss: 1.36332
  |- smoothness_loss: 0.17817
LR: 0.000001

Epoch 175 | Train Loss: 0.18417 | Val Loss: 0.30940
Train Loss Components:
  |- loss_rot: 0.03890
  |- loss_pos: 0.17974
  |- fk_loss: 1.06221
  |- smoothness_loss: 0.31336
Val Loss Components:
  |- loss_rot: 0.03737
  |- loss_pos: 0.50565
  |- fk_loss: 1.36374
  |- smoothness_loss: 0.17863
LR: 0.000001

Epoch 176 | Train Loss: 0.18406 | Val Loss: 0.30937
Train Loss Components:
  |- loss_rot: 0.03608
  |- loss_pos: 0.16889
  |- fk_loss: 0.97840
  |- smoothness_loss: 0.29955
Val Loss Components:
  |- loss_rot: 0.03737
  |- loss_pos: 0.50629
  |- fk_loss: 1.36369
  |- smoothness_loss: 0.17857
LR: 0.000001

Epoch 177 | Train Loss: 0.18412 | Val Loss: 0.30946
Train Loss Components:
  |- loss_rot: 0.03943
  |- loss_pos: 0.16563
  |- fk_loss: 1.05822
  |- smoothness_loss: 0.33052
Val Loss Components:
  |- loss_rot: 0.03738
  |- loss_pos: 0.50597
  |- fk_loss: 1.36332
  |- smoothness_loss: 0.17887
LR: 0.000001

Epoch 178 | Train Loss: 0.18397 | Val Loss: 0.30938
Train Loss Components:
  |- loss_rot: 0.03381
  |- loss_pos: 0.16066
  |- fk_loss: 0.94318
  |- smoothness_loss: 0.24335
Val Loss Components:
  |- loss_rot: 0.03737
  |- loss_pos: 0.50611
  |- fk_loss: 1.36355
  |- smoothness_loss: 0.17880
LR: 0.000000

Epoch 179 | Train Loss: 0.18391 | Val Loss: 0.30932
Train Loss Components:
  |- loss_rot: 0.03774
  |- loss_pos: 0.16581
  |- fk_loss: 1.02161
  |- smoothness_loss: 0.32298
Val Loss Components:
  |- loss_rot: 0.03736
  |- loss_pos: 0.50556
  |- fk_loss: 1.36289
  |- smoothness_loss: 0.17872
LR: 0.000000

Epoch 180 | Train Loss: 0.18395 | Val Loss: 0.30942
Train Loss Components:
  |- loss_rot: 0.03891
  |- loss_pos: 0.18104
  |- fk_loss: 1.05362
  |- smoothness_loss: 0.30279
Val Loss Components:
  |- loss_rot: 0.03737
  |- loss_pos: 0.50513
  |- fk_loss: 1.36252
  |- smoothness_loss: 0.17840
LR: 0.000000

Epoch 181 | Train Loss: 0.18388 | Val Loss: 0.30939
Train Loss Components:
  |- loss_rot: 0.03573
  |- loss_pos: 0.17332
  |- fk_loss: 0.97297
  |- smoothness_loss: 0.30410
Val Loss Components:
  |- loss_rot: 0.03737
  |- loss_pos: 0.50601
  |- fk_loss: 1.36334
  |- smoothness_loss: 0.17878
LR: 0.000000

Epoch 182 | Train Loss: 0.18388 | Val Loss: 0.30945
Train Loss Components:
  |- loss_rot: 0.03973
  |- loss_pos: 0.18456
  |- fk_loss: 1.08675
  |- smoothness_loss: 0.35358
Val Loss Components:
  |- loss_rot: 0.03737
  |- loss_pos: 0.50544
  |- fk_loss: 1.36270
  |- smoothness_loss: 0.17904
LR: 0.000000

Epoch 183 | Train Loss: 0.18394 | Val Loss: 0.30942
Train Loss Components:
  |- loss_rot: 0.03968
  |- loss_pos: 0.17475
  |- fk_loss: 1.09317
  |- smoothness_loss: 0.33543
Val Loss Components:
  |- loss_rot: 0.03737
  |- loss_pos: 0.50524
  |- fk_loss: 1.36235
  |- smoothness_loss: 0.17897
LR: 0.000000

Epoch 184 | Train Loss: 0.18376 | Val Loss: 0.30938
Train Loss Components:
  |- loss_rot: 0.03598
  |- loss_pos: 0.16377
  |- fk_loss: 0.97166
  |- smoothness_loss: 0.28484
Val Loss Components:
  |- loss_rot: 0.03737
  |- loss_pos: 0.50517
  |- fk_loss: 1.36254
  |- smoothness_loss: 0.17891
LR: 0.000000

Epoch 185 | Train Loss: 0.18382 | Val Loss: 0.30938
Train Loss Components:
  |- loss_rot: 0.03653
  |- loss_pos: 0.16857
  |- fk_loss: 1.00763
  |- smoothness_loss: 0.30181
Val Loss Components:
  |- loss_rot: 0.03738
  |- loss_pos: 0.50481
  |- fk_loss: 1.36216
  |- smoothness_loss: 0.17893
LR: 0.000000

Epoch 186 | Train Loss: 0.18381 | Val Loss: 0.30931
Train Loss Components:
  |- loss_rot: 0.04046
  |- loss_pos: 0.17859
  |- fk_loss: 1.08888
  |- smoothness_loss: 0.34505
Val Loss Components:
  |- loss_rot: 0.03737
  |- loss_pos: 0.50500
  |- fk_loss: 1.36206
  |- smoothness_loss: 0.17878
LR: 0.000000

Epoch 187 | Train Loss: 0.18381 | Val Loss: 0.30942
Train Loss Components:
  |- loss_rot: 0.03685
  |- loss_pos: 0.16884
  |- fk_loss: 1.00150
  |- smoothness_loss: 0.31396
Val Loss Components:
  |- loss_rot: 0.03738
  |- loss_pos: 0.50586
  |- fk_loss: 1.36283
  |- smoothness_loss: 0.17891
LR: 0.000000

