Epoch 1 | Train Loss: 0.91167 | Val Loss: 0.85982
Train Loss Components:
  |- loss_rot: 0.06969
  |- loss_pos: 1.22307
  |- fk_loss: 2.59542
  |- smoothness_loss: 1.26233
Val Loss Components:
  |- loss_rot: 0.06742
  |- loss_pos: 1.21567
  |- fk_loss: 2.61414
  |- smoothness_loss: 1.21791
LR: 0.000100

Epoch 2 | Train Loss: 0.82702 | Val Loss: 0.79987
Train Loss Components:
  |- loss_rot: 0.05633
  |- loss_pos: 0.96261
  |- fk_loss: 2.30738
  |- smoothness_loss: 1.10249
Val Loss Components:
  |- loss_rot: 0.05515
  |- loss_pos: 1.09963
  |- fk_loss: 2.51141
  |- smoothness_loss: 1.15402
LR: 0.000100

Epoch 3 | Train Loss: 0.77811 | Val Loss: 0.75034
Train Loss Components:
  |- loss_rot: 0.05317
  |- loss_pos: 0.87472
  |- fk_loss: 2.25866
  |- smoothness_loss: 1.12031
Val Loss Components:
  |- loss_rot: 0.05208
  |- loss_pos: 0.98662
  |- fk_loss: 2.42850
  |- smoothness_loss: 1.12684
LR: 0.000100

Epoch 4 | Train Loss: 0.73008 | Val Loss: 0.70802
Train Loss Components:
  |- loss_rot: 0.04961
  |- loss_pos: 0.80922
  |- fk_loss: 2.14299
  |- smoothness_loss: 1.07213
Val Loss Components:
  |- loss_rot: 0.05043
  |- loss_pos: 0.85666
  |- fk_loss: 2.28454
  |- smoothness_loss: 1.10624
LR: 0.000100

Epoch 5 | Train Loss: 0.69648 | Val Loss: 0.68666
Train Loss Components:
  |- loss_rot: 0.04921
  |- loss_pos: 0.80019
  |- fk_loss: 2.16187
  |- smoothness_loss: 1.18175
Val Loss Components:
  |- loss_rot: 0.04889
  |- loss_pos: 0.82446
  |- fk_loss: 2.21943
  |- smoothness_loss: 1.09920
LR: 0.000100

Epoch 6 | Train Loss: 0.67372 | Val Loss: 0.67070
Train Loss Components:
  |- loss_rot: 0.05071
  |- loss_pos: 0.77057
  |- fk_loss: 2.18770
  |- smoothness_loss: 1.19033
Val Loss Components:
  |- loss_rot: 0.04776
  |- loss_pos: 0.74400
  |- fk_loss: 2.12053
  |- smoothness_loss: 1.09762
LR: 0.000100

Epoch 7 | Train Loss: 0.65931 | Val Loss: 0.65106
Train Loss Components:
  |- loss_rot: 0.04991
  |- loss_pos: 0.68937
  |- fk_loss: 2.09546
  |- smoothness_loss: 1.17830
Val Loss Components:
  |- loss_rot: 0.04743
  |- loss_pos: 0.71079
  |- fk_loss: 2.07017
  |- smoothness_loss: 1.08820
LR: 0.000100

Epoch 8 | Train Loss: 0.64608 | Val Loss: 0.63925
Train Loss Components:
  |- loss_rot: 0.04687
  |- loss_pos: 0.60718
  |- fk_loss: 1.88568
  |- smoothness_loss: 1.08768
Val Loss Components:
  |- loss_rot: 0.04668
  |- loss_pos: 0.68099
  |- fk_loss: 2.02973
  |- smoothness_loss: 1.08982
LR: 0.000100

Epoch 9 | Train Loss: 0.63489 | Val Loss: 0.63388
Train Loss Components:
  |- loss_rot: 0.04315
  |- loss_pos: 0.63057
  |- fk_loss: 1.85410
  |- smoothness_loss: 1.07493
Val Loss Components:
  |- loss_rot: 0.04594
  |- loss_pos: 0.69219
  |- fk_loss: 2.01566
  |- smoothness_loss: 1.07961
LR: 0.000100

Epoch 10 | Train Loss: 0.62551 | Val Loss: 0.62438
Train Loss Components:
  |- loss_rot: 0.04564
  |- loss_pos: 0.66425
  |- fk_loss: 1.93230
  |- smoothness_loss: 1.16905
Val Loss Components:
  |- loss_rot: 0.04567
  |- loss_pos: 0.68151
  |- fk_loss: 1.98969
  |- smoothness_loss: 1.08176
LR: 0.000100

Epoch 11 | Train Loss: 0.61735 | Val Loss: 0.62374
Train Loss Components:
  |- loss_rot: 0.04571
  |- loss_pos: 0.66773
  |- fk_loss: 1.98114
  |- smoothness_loss: 1.20419
Val Loss Components:
  |- loss_rot: 0.04540
  |- loss_pos: 0.66066
  |- fk_loss: 1.97684
  |- smoothness_loss: 1.07973
LR: 0.000100

Epoch 12 | Train Loss: 0.60950 | Val Loss: 0.61679
Train Loss Components:
  |- loss_rot: 0.04645
  |- loss_pos: 0.62524
  |- fk_loss: 1.92088
  |- smoothness_loss: 1.11782
Val Loss Components:
  |- loss_rot: 0.04554
  |- loss_pos: 0.62588
  |- fk_loss: 1.96291
  |- smoothness_loss: 1.06935
LR: 0.000100

Epoch 13 | Train Loss: 0.60193 | Val Loss: 0.60795
Train Loss Components:
  |- loss_rot: 0.04597
  |- loss_pos: 0.61255
  |- fk_loss: 1.90681
  |- smoothness_loss: 1.14926
Val Loss Components:
  |- loss_rot: 0.04507
  |- loss_pos: 0.60576
  |- fk_loss: 1.94567
  |- smoothness_loss: 1.07297
LR: 0.000100

Epoch 14 | Train Loss: 0.59441 | Val Loss: 0.60215
Train Loss Components:
  |- loss_rot: 0.04225
  |- loss_pos: 0.50652
  |- fk_loss: 1.73970
  |- smoothness_loss: 1.08277
Val Loss Components:
  |- loss_rot: 0.04475
  |- loss_pos: 0.61336
  |- fk_loss: 1.90452
  |- smoothness_loss: 1.06605
LR: 0.000100

Epoch 15 | Train Loss: 0.58761 | Val Loss: 0.59740
Train Loss Components:
  |- loss_rot: 0.04431
  |- loss_pos: 0.57386
  |- fk_loss: 1.82793
  |- smoothness_loss: 1.14520
Val Loss Components:
  |- loss_rot: 0.04470
  |- loss_pos: 0.61352
  |- fk_loss: 1.93619
  |- smoothness_loss: 1.06473
LR: 0.000100

Epoch 16 | Train Loss: 0.58063 | Val Loss: 0.59416
Train Loss Components:
  |- loss_rot: 0.04840
  |- loss_pos: 0.56666
  |- fk_loss: 1.92879
  |- smoothness_loss: 1.13538
Val Loss Components:
  |- loss_rot: 0.04420
  |- loss_pos: 0.63431
  |- fk_loss: 1.89788
  |- smoothness_loss: 1.06708
LR: 0.000100

Epoch 17 | Train Loss: 0.57501 | Val Loss: 0.59065
Train Loss Components:
  |- loss_rot: 0.04575
  |- loss_pos: 0.59505
  |- fk_loss: 1.89262
  |- smoothness_loss: 1.15793
Val Loss Components:
  |- loss_rot: 0.04400
  |- loss_pos: 0.62566
  |- fk_loss: 1.91083
  |- smoothness_loss: 1.06066
LR: 0.000100

Epoch 18 | Train Loss: 0.56834 | Val Loss: 0.59005
Train Loss Components:
  |- loss_rot: 0.04598
  |- loss_pos: 0.56445
  |- fk_loss: 1.91023
  |- smoothness_loss: 1.16781
Val Loss Components:
  |- loss_rot: 0.04399
  |- loss_pos: 0.58613
  |- fk_loss: 1.87549
  |- smoothness_loss: 1.05699
LR: 0.000100

Epoch 19 | Train Loss: 0.56231 | Val Loss: 0.58564
Train Loss Components:
  |- loss_rot: 0.04059
  |- loss_pos: 0.48681
  |- fk_loss: 1.64612
  |- smoothness_loss: 1.06419
Val Loss Components:
  |- loss_rot: 0.04385
  |- loss_pos: 0.59924
  |- fk_loss: 1.86710
  |- smoothness_loss: 1.05801
LR: 0.000100

Epoch 20 | Train Loss: 0.55676 | Val Loss: 0.57928
Train Loss Components:
  |- loss_rot: 0.04018
  |- loss_pos: 0.44262
  |- fk_loss: 1.64341
  |- smoothness_loss: 1.10500
Val Loss Components:
  |- loss_rot: 0.04351
  |- loss_pos: 0.59084
  |- fk_loss: 1.85365
  |- smoothness_loss: 1.05366
LR: 0.000100

Epoch 21 | Train Loss: 0.55056 | Val Loss: 0.57758
Train Loss Components:
  |- loss_rot: 0.04267
  |- loss_pos: 0.48969
  |- fk_loss: 1.70476
  |- smoothness_loss: 1.12505
Val Loss Components:
  |- loss_rot: 0.04345
  |- loss_pos: 0.55185
  |- fk_loss: 1.82851
  |- smoothness_loss: 1.05320
LR: 0.000100

Epoch 22 | Train Loss: 0.54600 | Val Loss: 0.57847
Train Loss Components:
  |- loss_rot: 0.04155
  |- loss_pos: 0.48331
  |- fk_loss: 1.67359
  |- smoothness_loss: 1.05660
Val Loss Components:
  |- loss_rot: 0.04345
  |- loss_pos: 0.58746
  |- fk_loss: 1.84395
  |- smoothness_loss: 1.05502
LR: 0.000100

Epoch 23 | Train Loss: 0.54105 | Val Loss: 0.57287
Train Loss Components:
  |- loss_rot: 0.04008
  |- loss_pos: 0.40896
  |- fk_loss: 1.54050
  |- smoothness_loss: 1.02049
Val Loss Components:
  |- loss_rot: 0.04307
  |- loss_pos: 0.54332
  |- fk_loss: 1.78799
  |- smoothness_loss: 1.05695
LR: 0.000100

Epoch 24 | Train Loss: 0.53516 | Val Loss: 0.56978
Train Loss Components:
  |- loss_rot: 0.04292
  |- loss_pos: 0.45080
  |- fk_loss: 1.68765
  |- smoothness_loss: 1.12719
Val Loss Components:
  |- loss_rot: 0.04312
  |- loss_pos: 0.56929
  |- fk_loss: 1.83571
  |- smoothness_loss: 1.04866
LR: 0.000100

Epoch 25 | Train Loss: 0.53058 | Val Loss: 0.56942
Train Loss Components:
  |- loss_rot: 0.04172
  |- loss_pos: 0.49234
  |- fk_loss: 1.70156
  |- smoothness_loss: 1.10331
Val Loss Components:
  |- loss_rot: 0.04273
  |- loss_pos: 0.52673
  |- fk_loss: 1.77030
  |- smoothness_loss: 1.05446
LR: 0.000100

Epoch 26 | Train Loss: 0.52640 | Val Loss: 0.56758
Train Loss Components:
  |- loss_rot: 0.04048
  |- loss_pos: 0.40982
  |- fk_loss: 1.58640
  |- smoothness_loss: 1.10644
Val Loss Components:
  |- loss_rot: 0.04253
  |- loss_pos: 0.54133
  |- fk_loss: 1.78058
  |- smoothness_loss: 1.04771
LR: 0.000100

Epoch 27 | Train Loss: 0.52203 | Val Loss: 0.56667
Train Loss Components:
  |- loss_rot: 0.04369
  |- loss_pos: 0.45844
  |- fk_loss: 1.72123
  |- smoothness_loss: 1.19116
Val Loss Components:
  |- loss_rot: 0.04264
  |- loss_pos: 0.53071
  |- fk_loss: 1.78643
  |- smoothness_loss: 1.04866
LR: 0.000100

Epoch 28 | Train Loss: 0.51767 | Val Loss: 0.56519
Train Loss Components:
  |- loss_rot: 0.04633
  |- loss_pos: 0.42680
  |- fk_loss: 1.75789
  |- smoothness_loss: 1.22126
Val Loss Components:
  |- loss_rot: 0.04272
  |- loss_pos: 0.52549
  |- fk_loss: 1.78164
  |- smoothness_loss: 1.04885
LR: 0.000100

Epoch 29 | Train Loss: 0.51366 | Val Loss: 0.56278
Train Loss Components:
  |- loss_rot: 0.03801
  |- loss_pos: 0.36039
  |- fk_loss: 1.45984
  |- smoothness_loss: 1.05798
Val Loss Components:
  |- loss_rot: 0.04241
  |- loss_pos: 0.52176
  |- fk_loss: 1.75749
  |- smoothness_loss: 1.05024
LR: 0.000100

Epoch 30 | Train Loss: 0.50992 | Val Loss: 0.56150
Train Loss Components:
  |- loss_rot: 0.04420
  |- loss_pos: 0.39123
  |- fk_loss: 1.69027
  |- smoothness_loss: 1.24416
Val Loss Components:
  |- loss_rot: 0.04239
  |- loss_pos: 0.52801
  |- fk_loss: 1.76311
  |- smoothness_loss: 1.04398
LR: 0.000100

Epoch 31 | Train Loss: 0.50623 | Val Loss: 0.56132
Train Loss Components:
  |- loss_rot: 0.04119
  |- loss_pos: 0.41710
  |- fk_loss: 1.62125
  |- smoothness_loss: 1.15636
Val Loss Components:
  |- loss_rot: 0.04217
  |- loss_pos: 0.53076
  |- fk_loss: 1.73755
  |- smoothness_loss: 1.05210
LR: 0.000100

Epoch 32 | Train Loss: 0.50189 | Val Loss: 0.55864
Train Loss Components:
  |- loss_rot: 0.04153
  |- loss_pos: 0.40001
  |- fk_loss: 1.56704
  |- smoothness_loss: 1.07567
Val Loss Components:
  |- loss_rot: 0.04205
  |- loss_pos: 0.51212
  |- fk_loss: 1.73808
  |- smoothness_loss: 1.04784
LR: 0.000100

Epoch 33 | Train Loss: 0.49857 | Val Loss: 0.56363
Train Loss Components:
  |- loss_rot: 0.03634
  |- loss_pos: 0.37736
  |- fk_loss: 1.43905
  |- smoothness_loss: 1.02559
Val Loss Components:
  |- loss_rot: 0.04188
  |- loss_pos: 0.53067
  |- fk_loss: 1.72624
  |- smoothness_loss: 1.04914
LR: 0.000100

Epoch 34 | Train Loss: 0.49588 | Val Loss: 0.55530
Train Loss Components:
  |- loss_rot: 0.04123
  |- loss_pos: 0.36145
  |- fk_loss: 1.58553
  |- smoothness_loss: 1.24358
Val Loss Components:
  |- loss_rot: 0.04199
  |- loss_pos: 0.51230
  |- fk_loss: 1.71916
  |- smoothness_loss: 1.04779
LR: 0.000100

Epoch 35 | Train Loss: 0.49168 | Val Loss: 0.55502
Train Loss Components:
  |- loss_rot: 0.04211
  |- loss_pos: 0.35312
  |- fk_loss: 1.56175
  |- smoothness_loss: 1.13029
Val Loss Components:
  |- loss_rot: 0.04178
  |- loss_pos: 0.49412
  |- fk_loss: 1.72945
  |- smoothness_loss: 1.04580
LR: 0.000100

Epoch 36 | Train Loss: 0.48946 | Val Loss: 0.55389
Train Loss Components:
  |- loss_rot: 0.04092
  |- loss_pos: 0.34674
  |- fk_loss: 1.52904
  |- smoothness_loss: 1.14436
Val Loss Components:
  |- loss_rot: 0.04179
  |- loss_pos: 0.49881
  |- fk_loss: 1.72221
  |- smoothness_loss: 1.04981
LR: 0.000100

Epoch 37 | Train Loss: 0.48652 | Val Loss: 0.55150
Train Loss Components:
  |- loss_rot: 0.03841
  |- loss_pos: 0.33160
  |- fk_loss: 1.43384
  |- smoothness_loss: 1.08371
Val Loss Components:
  |- loss_rot: 0.04142
  |- loss_pos: 0.50453
  |- fk_loss: 1.71345
  |- smoothness_loss: 1.03937
LR: 0.000100

Epoch 38 | Train Loss: 0.48362 | Val Loss: 0.55236
Train Loss Components:
  |- loss_rot: 0.04088
  |- loss_pos: 0.32661
  |- fk_loss: 1.50529
  |- smoothness_loss: 1.14623
Val Loss Components:
  |- loss_rot: 0.04148
  |- loss_pos: 0.51146
  |- fk_loss: 1.70796
  |- smoothness_loss: 1.04824
LR: 0.000100

Epoch 39 | Train Loss: 0.48096 | Val Loss: 0.55194
Train Loss Components:
  |- loss_rot: 0.03619
  |- loss_pos: 0.33085
  |- fk_loss: 1.38918
  |- smoothness_loss: 1.07475
Val Loss Components:
  |- loss_rot: 0.04124
  |- loss_pos: 0.51171
  |- fk_loss: 1.71019
  |- smoothness_loss: 1.05228
LR: 0.000100

Epoch 40 | Train Loss: 0.47836 | Val Loss: 0.54963
Train Loss Components:
  |- loss_rot: 0.04015
  |- loss_pos: 0.35506
  |- fk_loss: 1.52191
  |- smoothness_loss: 1.17483
Val Loss Components:
  |- loss_rot: 0.04110
  |- loss_pos: 0.50704
  |- fk_loss: 1.69906
  |- smoothness_loss: 1.04761
LR: 0.000100

Epoch 41 | Train Loss: 0.47623 | Val Loss: 0.54920
Train Loss Components:
  |- loss_rot: 0.04289
  |- loss_pos: 0.33798
  |- fk_loss: 1.54666
  |- smoothness_loss: 1.14338
Val Loss Components:
  |- loss_rot: 0.04111
  |- loss_pos: 0.51446
  |- fk_loss: 1.69055
  |- smoothness_loss: 1.04405
LR: 0.000100

Epoch 42 | Train Loss: 0.47357 | Val Loss: 0.54850
Train Loss Components:
  |- loss_rot: 0.04231
  |- loss_pos: 0.32430
  |- fk_loss: 1.55172
  |- smoothness_loss: 1.17261
Val Loss Components:
  |- loss_rot: 0.04094
  |- loss_pos: 0.50344
  |- fk_loss: 1.67726
  |- smoothness_loss: 1.05045
LR: 0.000100

Epoch 43 | Train Loss: 0.47056 | Val Loss: 0.54936
Train Loss Components:
  |- loss_rot: 0.03725
  |- loss_pos: 0.31484
  |- fk_loss: 1.39408
  |- smoothness_loss: 1.09810
Val Loss Components:
  |- loss_rot: 0.04134
  |- loss_pos: 0.51952
  |- fk_loss: 1.71121
  |- smoothness_loss: 1.04869
LR: 0.000100

Epoch 44 | Train Loss: 0.46947 | Val Loss: 0.54797
Train Loss Components:
  |- loss_rot: 0.03929
  |- loss_pos: 0.31179
  |- fk_loss: 1.41472
  |- smoothness_loss: 1.08101
Val Loss Components:
  |- loss_rot: 0.04080
  |- loss_pos: 0.49284
  |- fk_loss: 1.69002
  |- smoothness_loss: 1.04844
LR: 0.000100

Epoch 45 | Train Loss: 0.46692 | Val Loss: 0.54576
Train Loss Components:
  |- loss_rot: 0.04761
  |- loss_pos: 0.34471
  |- fk_loss: 1.67393
  |- smoothness_loss: 1.24843
Val Loss Components:
  |- loss_rot: 0.04103
  |- loss_pos: 0.49307
  |- fk_loss: 1.67813
  |- smoothness_loss: 1.04382
LR: 0.000100

Epoch 46 | Train Loss: 0.46438 | Val Loss: 0.54489
Train Loss Components:
  |- loss_rot: 0.03683
  |- loss_pos: 0.29611
  |- fk_loss: 1.33979
  |- smoothness_loss: 1.08003
Val Loss Components:
  |- loss_rot: 0.04065
  |- loss_pos: 0.48873
  |- fk_loss: 1.66939
  |- smoothness_loss: 1.04734
LR: 0.000100

Epoch 47 | Train Loss: 0.46237 | Val Loss: 0.54394
Train Loss Components:
  |- loss_rot: 0.03641
  |- loss_pos: 0.30319
  |- fk_loss: 1.32479
  |- smoothness_loss: 1.04701
Val Loss Components:
  |- loss_rot: 0.04031
  |- loss_pos: 0.48580
  |- fk_loss: 1.62635
  |- smoothness_loss: 1.05109
LR: 0.000100

Epoch 48 | Train Loss: 0.46130 | Val Loss: 0.54464
Train Loss Components:
  |- loss_rot: 0.03776
  |- loss_pos: 0.32291
  |- fk_loss: 1.38680
  |- smoothness_loss: 1.10891
Val Loss Components:
  |- loss_rot: 0.04084
  |- loss_pos: 0.49262
  |- fk_loss: 1.66966
  |- smoothness_loss: 1.04752
LR: 0.000100

Epoch 49 | Train Loss: 0.45908 | Val Loss: 0.54470
Train Loss Components:
  |- loss_rot: 0.03594
  |- loss_pos: 0.28108
  |- fk_loss: 1.32754
  |- smoothness_loss: 1.10421
Val Loss Components:
  |- loss_rot: 0.04075
  |- loss_pos: 0.49752
  |- fk_loss: 1.66676
  |- smoothness_loss: 1.04841
LR: 0.000100

Epoch 50 | Train Loss: 0.45660 | Val Loss: 0.54325
Train Loss Components:
  |- loss_rot: 0.04096
  |- loss_pos: 0.29973
  |- fk_loss: 1.45331
  |- smoothness_loss: 1.11017
Val Loss Components:
  |- loss_rot: 0.04058
  |- loss_pos: 0.49119
  |- fk_loss: 1.65927
  |- smoothness_loss: 1.04971
LR: 0.000100

Epoch 51 | Train Loss: 0.45496 | Val Loss: 0.54282
Train Loss Components:
  |- loss_rot: 0.03928
  |- loss_pos: 0.27636
  |- fk_loss: 1.37989
  |- smoothness_loss: 1.13619
Val Loss Components:
  |- loss_rot: 0.04075
  |- loss_pos: 0.49061
  |- fk_loss: 1.66289
  |- smoothness_loss: 1.04711
LR: 0.000100

Epoch 52 | Train Loss: 0.45310 | Val Loss: 0.54446
Train Loss Components:
  |- loss_rot: 0.03792
  |- loss_pos: 0.26887
  |- fk_loss: 1.36561
  |- smoothness_loss: 1.08731
Val Loss Components:
  |- loss_rot: 0.04059
  |- loss_pos: 0.49610
  |- fk_loss: 1.66033
  |- smoothness_loss: 1.04629
LR: 0.000100

Epoch 53 | Train Loss: 0.45158 | Val Loss: 0.54284
Train Loss Components:
  |- loss_rot: 0.04097
  |- loss_pos: 0.29233
  |- fk_loss: 1.42773
  |- smoothness_loss: 1.18263
Val Loss Components:
  |- loss_rot: 0.04034
  |- loss_pos: 0.50120
  |- fk_loss: 1.65621
  |- smoothness_loss: 1.04683
LR: 0.000100

Epoch 54 | Train Loss: 0.44965 | Val Loss: 0.54174
Train Loss Components:
  |- loss_rot: 0.03883
  |- loss_pos: 0.27914
  |- fk_loss: 1.38674
  |- smoothness_loss: 1.23351
Val Loss Components:
  |- loss_rot: 0.04015
  |- loss_pos: 0.48048
  |- fk_loss: 1.64550
  |- smoothness_loss: 1.04842
LR: 0.000100

Epoch 55 | Train Loss: 0.44864 | Val Loss: 0.54120
Train Loss Components:
  |- loss_rot: 0.03892
  |- loss_pos: 0.28348
  |- fk_loss: 1.38154
  |- smoothness_loss: 1.20848
Val Loss Components:
  |- loss_rot: 0.04021
  |- loss_pos: 0.46866
  |- fk_loss: 1.64508
  |- smoothness_loss: 1.05133
LR: 0.000100

Epoch 56 | Train Loss: 0.44731 | Val Loss: 0.54270
Train Loss Components:
  |- loss_rot: 0.03571
  |- loss_pos: 0.24963
  |- fk_loss: 1.28951
  |- smoothness_loss: 1.11778
Val Loss Components:
  |- loss_rot: 0.04001
  |- loss_pos: 0.47690
  |- fk_loss: 1.64670
  |- smoothness_loss: 1.04362
LR: 0.000100

Epoch 57 | Train Loss: 0.44531 | Val Loss: 0.53919
Train Loss Components:
  |- loss_rot: 0.03927
  |- loss_pos: 0.25277
  |- fk_loss: 1.32164
  |- smoothness_loss: 1.09621
Val Loss Components:
  |- loss_rot: 0.03990
  |- loss_pos: 0.48187
  |- fk_loss: 1.61481
  |- smoothness_loss: 1.05406
LR: 0.000100

Epoch 58 | Train Loss: 0.44416 | Val Loss: 0.53854
Train Loss Components:
  |- loss_rot: 0.03758
  |- loss_pos: 0.28828
  |- fk_loss: 1.30635
  |- smoothness_loss: 1.17635
Val Loss Components:
  |- loss_rot: 0.04007
  |- loss_pos: 0.47981
  |- fk_loss: 1.63527
  |- smoothness_loss: 1.04396
LR: 0.000100

Epoch 59 | Train Loss: 0.44231 | Val Loss: 0.53808
Train Loss Components:
  |- loss_rot: 0.03765
  |- loss_pos: 0.27046
  |- fk_loss: 1.32778
  |- smoothness_loss: 1.16524
Val Loss Components:
  |- loss_rot: 0.04008
  |- loss_pos: 0.47124
  |- fk_loss: 1.63774
  |- smoothness_loss: 1.05201
LR: 0.000100

Epoch 60 | Train Loss: 0.44104 | Val Loss: 0.53998
Train Loss Components:
  |- loss_rot: 0.03541
  |- loss_pos: 0.24219
  |- fk_loss: 1.21581
  |- smoothness_loss: 1.09604
Val Loss Components:
  |- loss_rot: 0.03973
  |- loss_pos: 0.48770
  |- fk_loss: 1.63800
  |- smoothness_loss: 1.04916
LR: 0.000100

Epoch 61 | Train Loss: 0.44002 | Val Loss: 0.54036
Train Loss Components:
  |- loss_rot: 0.03484
  |- loss_pos: 0.24454
  |- fk_loss: 1.22349
  |- smoothness_loss: 1.12439
Val Loss Components:
  |- loss_rot: 0.03978
  |- loss_pos: 0.48398
  |- fk_loss: 1.63647
  |- smoothness_loss: 1.05010
LR: 0.000100

Epoch 62 | Train Loss: 0.43860 | Val Loss: 0.53824
Train Loss Components:
  |- loss_rot: 0.03930
  |- loss_pos: 0.24605
  |- fk_loss: 1.33430
  |- smoothness_loss: 1.09544
Val Loss Components:
  |- loss_rot: 0.03999
  |- loss_pos: 0.49312
  |- fk_loss: 1.64315
  |- smoothness_loss: 1.05001
LR: 0.000100

Epoch 63 | Train Loss: 0.43738 | Val Loss: 0.53821
Train Loss Components:
  |- loss_rot: 0.03870
  |- loss_pos: 0.23341
  |- fk_loss: 1.31623
  |- smoothness_loss: 1.20179
Val Loss Components:
  |- loss_rot: 0.03979
  |- loss_pos: 0.48643
  |- fk_loss: 1.63201
  |- smoothness_loss: 1.05004
LR: 0.000100

Epoch 64 | Train Loss: 0.43574 | Val Loss: 0.53763
Train Loss Components:
  |- loss_rot: 0.03740
  |- loss_pos: 0.24770
  |- fk_loss: 1.28300
  |- smoothness_loss: 1.18051
Val Loss Components:
  |- loss_rot: 0.03979
  |- loss_pos: 0.50081
  |- fk_loss: 1.63198
  |- smoothness_loss: 1.04710
LR: 0.000100

Epoch 65 | Train Loss: 0.43455 | Val Loss: 0.54106
Train Loss Components:
  |- loss_rot: 0.03450
  |- loss_pos: 0.24749
  |- fk_loss: 1.22070
  |- smoothness_loss: 1.12822
Val Loss Components:
  |- loss_rot: 0.03985
  |- loss_pos: 0.50178
  |- fk_loss: 1.64554
  |- smoothness_loss: 1.04790
LR: 0.000100

Epoch 66 | Train Loss: 0.43349 | Val Loss: 0.53609
Train Loss Components:
  |- loss_rot: 0.03615
  |- loss_pos: 0.23025
  |- fk_loss: 1.25654
  |- smoothness_loss: 1.11914
Val Loss Components:
  |- loss_rot: 0.03941
  |- loss_pos: 0.48037
  |- fk_loss: 1.60126
  |- smoothness_loss: 1.04781
LR: 0.000100

Epoch 67 | Train Loss: 0.43254 | Val Loss: 0.53566
Train Loss Components:
  |- loss_rot: 0.03756
  |- loss_pos: 0.23014
  |- fk_loss: 1.27806
  |- smoothness_loss: 1.19625
Val Loss Components:
  |- loss_rot: 0.03916
  |- loss_pos: 0.47364
  |- fk_loss: 1.59658
  |- smoothness_loss: 1.05377
LR: 0.000100

Epoch 68 | Train Loss: 0.43118 | Val Loss: 0.53743
Train Loss Components:
  |- loss_rot: 0.03497
  |- loss_pos: 0.22719
  |- fk_loss: 1.19073
  |- smoothness_loss: 1.03043
Val Loss Components:
  |- loss_rot: 0.03954
  |- loss_pos: 0.47245
  |- fk_loss: 1.61033
  |- smoothness_loss: 1.05588
LR: 0.000100

Epoch 69 | Train Loss: 0.43022 | Val Loss: 0.53628
Train Loss Components:
  |- loss_rot: 0.03593
  |- loss_pos: 0.22279
  |- fk_loss: 1.20808
  |- smoothness_loss: 1.13230
Val Loss Components:
  |- loss_rot: 0.03969
  |- loss_pos: 0.48822
  |- fk_loss: 1.63422
  |- smoothness_loss: 1.04902
LR: 0.000100

Epoch 70 | Train Loss: 0.42905 | Val Loss: 0.53764
Train Loss Components:
  |- loss_rot: 0.04053
  |- loss_pos: 0.23754
  |- fk_loss: 1.33833
  |- smoothness_loss: 1.23546
Val Loss Components:
  |- loss_rot: 0.03960
  |- loss_pos: 0.49203
  |- fk_loss: 1.63185
  |- smoothness_loss: 1.04938
LR: 0.000100

Epoch 71 | Train Loss: 0.42800 | Val Loss: 0.53690
Train Loss Components:
  |- loss_rot: 0.03758
  |- loss_pos: 0.21782
  |- fk_loss: 1.24653
  |- smoothness_loss: 1.13858
Val Loss Components:
  |- loss_rot: 0.03959
  |- loss_pos: 0.48818
  |- fk_loss: 1.62075
  |- smoothness_loss: 1.05380
LR: 0.000100

Epoch 72 | Train Loss: 0.42705 | Val Loss: 0.53809
Train Loss Components:
  |- loss_rot: 0.03492
  |- loss_pos: 0.20909
  |- fk_loss: 1.19507
  |- smoothness_loss: 1.06754
Val Loss Components:
  |- loss_rot: 0.03922
  |- loss_pos: 0.48336
  |- fk_loss: 1.60258
  |- smoothness_loss: 1.04835
LR: 0.000100

Epoch 73 | Train Loss: 0.42613 | Val Loss: 0.53519
Train Loss Components:
  |- loss_rot: 0.03518
  |- loss_pos: 0.19527
  |- fk_loss: 1.17202
  |- smoothness_loss: 1.03346
Val Loss Components:
  |- loss_rot: 0.03944
  |- loss_pos: 0.49458
  |- fk_loss: 1.61864
  |- smoothness_loss: 1.05156
LR: 0.000100

Epoch 74 | Train Loss: 0.42498 | Val Loss: 0.53544
Train Loss Components:
  |- loss_rot: 0.03567
  |- loss_pos: 0.21176
  |- fk_loss: 1.19254
  |- smoothness_loss: 1.11024
Val Loss Components:
  |- loss_rot: 0.03938
  |- loss_pos: 0.47139
  |- fk_loss: 1.61049
  |- smoothness_loss: 1.05376
LR: 0.000100

Epoch 75 | Train Loss: 0.42401 | Val Loss: 0.53751
Train Loss Components:
  |- loss_rot: 0.03805
  |- loss_pos: 0.22610
  |- fk_loss: 1.27165
  |- smoothness_loss: 1.21648
Val Loss Components:
  |- loss_rot: 0.03970
  |- loss_pos: 0.49527
  |- fk_loss: 1.62443
  |- smoothness_loss: 1.05429
LR: 0.000100

Epoch 76 | Train Loss: 0.42335 | Val Loss: 0.53583
Train Loss Components:
  |- loss_rot: 0.03765
  |- loss_pos: 0.22915
  |- fk_loss: 1.26751
  |- smoothness_loss: 1.21793
Val Loss Components:
  |- loss_rot: 0.03935
  |- loss_pos: 0.48212
  |- fk_loss: 1.62199
  |- smoothness_loss: 1.05506
LR: 0.000100

Epoch 77 | Train Loss: 0.42223 | Val Loss: 0.53481
Train Loss Components:
  |- loss_rot: 0.03595
  |- loss_pos: 0.24080
  |- fk_loss: 1.24878
  |- smoothness_loss: 1.26331
Val Loss Components:
  |- loss_rot: 0.03930
  |- loss_pos: 0.48465
  |- fk_loss: 1.60459
  |- smoothness_loss: 1.05509
LR: 0.000100

Epoch 78 | Train Loss: 0.42135 | Val Loss: 0.53398
Train Loss Components:
  |- loss_rot: 0.03659
  |- loss_pos: 0.21946
  |- fk_loss: 1.20251
  |- smoothness_loss: 1.12221
Val Loss Components:
  |- loss_rot: 0.03920
  |- loss_pos: 0.47395
  |- fk_loss: 1.59827
  |- smoothness_loss: 1.05424
LR: 0.000100

Epoch 79 | Train Loss: 0.42071 | Val Loss: 0.53488
Train Loss Components:
  |- loss_rot: 0.03616
  |- loss_pos: 0.22237
  |- fk_loss: 1.22653
  |- smoothness_loss: 1.24441
Val Loss Components:
  |- loss_rot: 0.03882
  |- loss_pos: 0.47621
  |- fk_loss: 1.58648
  |- smoothness_loss: 1.05488
LR: 0.000100

Epoch 80 | Train Loss: 0.41976 | Val Loss: 0.53312
Train Loss Components:
  |- loss_rot: 0.03547
  |- loss_pos: 0.20748
  |- fk_loss: 1.18608
  |- smoothness_loss: 1.12532
Val Loss Components:
  |- loss_rot: 0.03903
  |- loss_pos: 0.47569
  |- fk_loss: 1.60151
  |- smoothness_loss: 1.05297
LR: 0.000100

Epoch 81 | Train Loss: 0.41858 | Val Loss: 0.53412
Train Loss Components:
  |- loss_rot: 0.03684
  |- loss_pos: 0.22448
  |- fk_loss: 1.23754
  |- smoothness_loss: 1.24506
Val Loss Components:
  |- loss_rot: 0.03896
  |- loss_pos: 0.47075
  |- fk_loss: 1.59016
  |- smoothness_loss: 1.05760
LR: 0.000100

Epoch 82 | Train Loss: 0.41762 | Val Loss: 0.53357
Train Loss Components:
  |- loss_rot: 0.03576
  |- loss_pos: 0.21480
  |- fk_loss: 1.18264
  |- smoothness_loss: 1.11144
Val Loss Components:
  |- loss_rot: 0.03885
  |- loss_pos: 0.48152
  |- fk_loss: 1.59737
  |- smoothness_loss: 1.05875
LR: 0.000100

Epoch 83 | Train Loss: 0.41665 | Val Loss: 0.53302
Train Loss Components:
  |- loss_rot: 0.03761
  |- loss_pos: 0.21509
  |- fk_loss: 1.22438
  |- smoothness_loss: 1.10661
Val Loss Components:
  |- loss_rot: 0.03878
  |- loss_pos: 0.47978
  |- fk_loss: 1.59522
  |- smoothness_loss: 1.05426
LR: 0.000100

Epoch 84 | Train Loss: 0.41627 | Val Loss: 0.53447
Train Loss Components:
  |- loss_rot: 0.03591
  |- loss_pos: 0.21440
  |- fk_loss: 1.19203
  |- smoothness_loss: 1.11405
Val Loss Components:
  |- loss_rot: 0.03916
  |- loss_pos: 0.48834
  |- fk_loss: 1.60960
  |- smoothness_loss: 1.05599
LR: 0.000100

Epoch 85 | Train Loss: 0.41545 | Val Loss: 0.53328
Train Loss Components:
  |- loss_rot: 0.03277
  |- loss_pos: 0.18814
  |- fk_loss: 1.08186
  |- smoothness_loss: 1.11962
Val Loss Components:
  |- loss_rot: 0.03885
  |- loss_pos: 0.48076
  |- fk_loss: 1.57546
  |- smoothness_loss: 1.05359
LR: 0.000100

Epoch 86 | Train Loss: 0.41457 | Val Loss: 0.53238
Train Loss Components:
  |- loss_rot: 0.03649
  |- loss_pos: 0.19857
  |- fk_loss: 1.19404
  |- smoothness_loss: 1.14649
Val Loss Components:
  |- loss_rot: 0.03879
  |- loss_pos: 0.47864
  |- fk_loss: 1.57927
  |- smoothness_loss: 1.05627
LR: 0.000100

Epoch 87 | Train Loss: 0.41385 | Val Loss: 0.53260
Train Loss Components:
  |- loss_rot: 0.03403
  |- loss_pos: 0.20696
  |- fk_loss: 1.12454
  |- smoothness_loss: 1.15245
Val Loss Components:
  |- loss_rot: 0.03853
  |- loss_pos: 0.47988
  |- fk_loss: 1.57829
  |- smoothness_loss: 1.05564
LR: 0.000100

Epoch 88 | Train Loss: 0.41305 | Val Loss: 0.53330
Train Loss Components:
  |- loss_rot: 0.03433
  |- loss_pos: 0.19177
  |- fk_loss: 1.13552
  |- smoothness_loss: 1.13724
Val Loss Components:
  |- loss_rot: 0.03855
  |- loss_pos: 0.47407
  |- fk_loss: 1.57208
  |- smoothness_loss: 1.05524
LR: 0.000100

Epoch 89 | Train Loss: 0.41234 | Val Loss: 0.53385
Train Loss Components:
  |- loss_rot: 0.03455
  |- loss_pos: 0.20401
  |- fk_loss: 1.15808
  |- smoothness_loss: 1.10835
Val Loss Components:
  |- loss_rot: 0.03865
  |- loss_pos: 0.47233
  |- fk_loss: 1.59129
  |- smoothness_loss: 1.05354
LR: 0.000100

Epoch 90 | Train Loss: 0.41222 | Val Loss: 0.53188
Train Loss Components:
  |- loss_rot: 0.03236
  |- loss_pos: 0.19784
  |- fk_loss: 1.12278
  |- smoothness_loss: 1.10579
Val Loss Components:
  |- loss_rot: 0.03847
  |- loss_pos: 0.46946
  |- fk_loss: 1.57748
  |- smoothness_loss: 1.05342
LR: 0.000100

Epoch 91 | Train Loss: 0.41101 | Val Loss: 0.53309
Train Loss Components:
  |- loss_rot: 0.03382
  |- loss_pos: 0.19647
  |- fk_loss: 1.13812
  |- smoothness_loss: 1.08403
Val Loss Components:
  |- loss_rot: 0.03881
  |- loss_pos: 0.47775
  |- fk_loss: 1.60018
  |- smoothness_loss: 1.05746
LR: 0.000100

Epoch 92 | Train Loss: 0.41016 | Val Loss: 0.53170
Train Loss Components:
  |- loss_rot: 0.03507
  |- loss_pos: 0.20194
  |- fk_loss: 1.13907
  |- smoothness_loss: 1.25954
Val Loss Components:
  |- loss_rot: 0.03856
  |- loss_pos: 0.48377
  |- fk_loss: 1.58051
  |- smoothness_loss: 1.05754
LR: 0.000100

Epoch 93 | Train Loss: 0.40982 | Val Loss: 0.53165
Train Loss Components:
  |- loss_rot: 0.03257
  |- loss_pos: 0.19358
  |- fk_loss: 1.08066
  |- smoothness_loss: 1.10147
Val Loss Components:
  |- loss_rot: 0.03817
  |- loss_pos: 0.46951
  |- fk_loss: 1.56628
  |- smoothness_loss: 1.05528
LR: 0.000100

Epoch 94 | Train Loss: 0.40915 | Val Loss: 0.53059
Train Loss Components:
  |- loss_rot: 0.03766
  |- loss_pos: 0.21092
  |- fk_loss: 1.22134
  |- smoothness_loss: 1.13840
Val Loss Components:
  |- loss_rot: 0.03848
  |- loss_pos: 0.47358
  |- fk_loss: 1.57168
  |- smoothness_loss: 1.05452
LR: 0.000100

Epoch 95 | Train Loss: 0.40846 | Val Loss: 0.53160
Train Loss Components:
  |- loss_rot: 0.03899
  |- loss_pos: 0.20578
  |- fk_loss: 1.26270
  |- smoothness_loss: 1.23243
Val Loss Components:
  |- loss_rot: 0.03847
  |- loss_pos: 0.48454
  |- fk_loss: 1.57468
  |- smoothness_loss: 1.05367
LR: 0.000100

Epoch 96 | Train Loss: 0.40801 | Val Loss: 0.53196
Train Loss Components:
  |- loss_rot: 0.03439
  |- loss_pos: 0.18557
  |- fk_loss: 1.12124
  |- smoothness_loss: 1.15220
Val Loss Components:
  |- loss_rot: 0.03853
  |- loss_pos: 0.48184
  |- fk_loss: 1.58667
  |- smoothness_loss: 1.05788
LR: 0.000100

Epoch 97 | Train Loss: 0.40692 | Val Loss: 0.53035
Train Loss Components:
  |- loss_rot: 0.03026
  |- loss_pos: 0.18074
  |- fk_loss: 1.01686
  |- smoothness_loss: 1.04281
Val Loss Components:
  |- loss_rot: 0.03799
  |- loss_pos: 0.47142
  |- fk_loss: 1.55998
  |- smoothness_loss: 1.05978
LR: 0.000100

Epoch 98 | Train Loss: 0.40654 | Val Loss: 0.53084
Train Loss Components:
  |- loss_rot: 0.03463
  |- loss_pos: 0.19324
  |- fk_loss: 1.14275
  |- smoothness_loss: 1.15027
Val Loss Components:
  |- loss_rot: 0.03817
  |- loss_pos: 0.47730
  |- fk_loss: 1.56368
  |- smoothness_loss: 1.05841
LR: 0.000100

Epoch 99 | Train Loss: 0.40615 | Val Loss: 0.53200
Train Loss Components:
  |- loss_rot: 0.03197
  |- loss_pos: 0.17890
  |- fk_loss: 1.07337
  |- smoothness_loss: 1.10427
Val Loss Components:
  |- loss_rot: 0.03843
  |- loss_pos: 0.47845
  |- fk_loss: 1.59226
  |- smoothness_loss: 1.05644
LR: 0.000100

Epoch 100 | Train Loss: 0.40540 | Val Loss: 0.53096
Train Loss Components:
  |- loss_rot: 0.03579
  |- loss_pos: 0.18900
  |- fk_loss: 1.13228
  |- smoothness_loss: 1.09943
Val Loss Components:
  |- loss_rot: 0.03826
  |- loss_pos: 0.46497
  |- fk_loss: 1.57074
  |- smoothness_loss: 1.05871
LR: 0.000100

Epoch 101 | Train Loss: 0.40483 | Val Loss: 0.53176
Train Loss Components:
  |- loss_rot: 0.03631
  |- loss_pos: 0.19295
  |- fk_loss: 1.18318
  |- smoothness_loss: 1.23230
Val Loss Components:
  |- loss_rot: 0.03813
  |- loss_pos: 0.47843
  |- fk_loss: 1.56849
  |- smoothness_loss: 1.05890
LR: 0.000100

Epoch 102 | Train Loss: 0.40415 | Val Loss: 0.53107
Train Loss Components:
  |- loss_rot: 0.03437
  |- loss_pos: 0.19347
  |- fk_loss: 1.12320
  |- smoothness_loss: 1.18745
Val Loss Components:
  |- loss_rot: 0.03811
  |- loss_pos: 0.48811
  |- fk_loss: 1.56793
  |- smoothness_loss: 1.05912
LR: 0.000100

Epoch 103 | Train Loss: 0.40340 | Val Loss: 0.53107
Train Loss Components:
  |- loss_rot: 0.03500
  |- loss_pos: 0.18325
  |- fk_loss: 1.16060
  |- smoothness_loss: 1.18057
Val Loss Components:
  |- loss_rot: 0.03830
  |- loss_pos: 0.49792
  |- fk_loss: 1.59813
  |- smoothness_loss: 1.06166
LR: 0.000100

Epoch 104 | Train Loss: 0.39374 | Val Loss: 0.52711
Train Loss Components:
  |- loss_rot: 0.03431
  |- loss_pos: 0.15982
  |- fk_loss: 1.11155
  |- smoothness_loss: 1.24549
Val Loss Components:
  |- loss_rot: 0.03798
  |- loss_pos: 0.46978
  |- fk_loss: 1.55656
  |- smoothness_loss: 1.06206
LR: 0.000050

Epoch 105 | Train Loss: 0.38786 | Val Loss: 0.52630
Train Loss Components:
  |- loss_rot: 0.03204
  |- loss_pos: 0.14166
  |- fk_loss: 1.01655
  |- smoothness_loss: 1.12894
Val Loss Components:
  |- loss_rot: 0.03778
  |- loss_pos: 0.46768
  |- fk_loss: 1.56399
  |- smoothness_loss: 1.06065
LR: 0.000050

Epoch 106 | Train Loss: 0.38642 | Val Loss: 0.52625
Train Loss Components:
  |- loss_rot: 0.03189
  |- loss_pos: 0.14821
  |- fk_loss: 1.02240
  |- smoothness_loss: 1.11372
Val Loss Components:
  |- loss_rot: 0.03778
  |- loss_pos: 0.46624
  |- fk_loss: 1.55773
  |- smoothness_loss: 1.06313
LR: 0.000050

Epoch 107 | Train Loss: 0.38594 | Val Loss: 0.52644
Train Loss Components:
  |- loss_rot: 0.03301
  |- loss_pos: 0.15152
  |- fk_loss: 1.03519
  |- smoothness_loss: 1.18271
Val Loss Components:
  |- loss_rot: 0.03772
  |- loss_pos: 0.47701
  |- fk_loss: 1.54638
  |- smoothness_loss: 1.06386
LR: 0.000050

Epoch 108 | Train Loss: 0.38540 | Val Loss: 0.52695
Train Loss Components:
  |- loss_rot: 0.03260
  |- loss_pos: 0.14239
  |- fk_loss: 1.02272
  |- smoothness_loss: 1.15796
Val Loss Components:
  |- loss_rot: 0.03765
  |- loss_pos: 0.46538
  |- fk_loss: 1.54263
  |- smoothness_loss: 1.06579
LR: 0.000050

Epoch 109 | Train Loss: 0.38510 | Val Loss: 0.52739
Train Loss Components:
  |- loss_rot: 0.02850
  |- loss_pos: 0.14180
  |- fk_loss: 0.91906
  |- smoothness_loss: 1.01513
Val Loss Components:
  |- loss_rot: 0.03769
  |- loss_pos: 0.47339
  |- fk_loss: 1.55103
  |- smoothness_loss: 1.06479
LR: 0.000050

Epoch 110 | Train Loss: 0.38471 | Val Loss: 0.52594
Train Loss Components:
  |- loss_rot: 0.03500
  |- loss_pos: 0.15148
  |- fk_loss: 1.10027
  |- smoothness_loss: 1.21860
Val Loss Components:
  |- loss_rot: 0.03760
  |- loss_pos: 0.46253
  |- fk_loss: 1.54720
  |- smoothness_loss: 1.06054
LR: 0.000050

Epoch 111 | Train Loss: 0.38425 | Val Loss: 0.52644
Train Loss Components:
  |- loss_rot: 0.03203
  |- loss_pos: 0.14748
  |- fk_loss: 1.01857
  |- smoothness_loss: 1.20422
Val Loss Components:
  |- loss_rot: 0.03757
  |- loss_pos: 0.46552
  |- fk_loss: 1.55481
  |- smoothness_loss: 1.06434
LR: 0.000050

Epoch 112 | Train Loss: 0.38397 | Val Loss: 0.52676
Train Loss Components:
  |- loss_rot: 0.03097
  |- loss_pos: 0.14469
  |- fk_loss: 1.00435
  |- smoothness_loss: 1.15311
Val Loss Components:
  |- loss_rot: 0.03773
  |- loss_pos: 0.46708
  |- fk_loss: 1.54951
  |- smoothness_loss: 1.06441
LR: 0.000050

Epoch 113 | Train Loss: 0.38367 | Val Loss: 0.52587
Train Loss Components:
  |- loss_rot: 0.03048
  |- loss_pos: 0.14155
  |- fk_loss: 0.97369
  |- smoothness_loss: 1.09907
Val Loss Components:
  |- loss_rot: 0.03761
  |- loss_pos: 0.47441
  |- fk_loss: 1.54791
  |- smoothness_loss: 1.06095
LR: 0.000050

Epoch 114 | Train Loss: 0.38322 | Val Loss: 0.52737
Train Loss Components:
  |- loss_rot: 0.03352
  |- loss_pos: 0.14423
  |- fk_loss: 1.01298
  |- smoothness_loss: 1.16571
Val Loss Components:
  |- loss_rot: 0.03762
  |- loss_pos: 0.47660
  |- fk_loss: 1.55743
  |- smoothness_loss: 1.06280
LR: 0.000050

Epoch 115 | Train Loss: 0.38295 | Val Loss: 0.52607
Train Loss Components:
  |- loss_rot: 0.03150
  |- loss_pos: 0.14750
  |- fk_loss: 1.00933
  |- smoothness_loss: 1.17244
Val Loss Components:
  |- loss_rot: 0.03737
  |- loss_pos: 0.47656
  |- fk_loss: 1.55610
  |- smoothness_loss: 1.06285
LR: 0.000050

Epoch 116 | Train Loss: 0.38286 | Val Loss: 0.52674
Train Loss Components:
  |- loss_rot: 0.03435
  |- loss_pos: 0.14546
  |- fk_loss: 1.09164
  |- smoothness_loss: 1.28317
Val Loss Components:
  |- loss_rot: 0.03733
  |- loss_pos: 0.46605
  |- fk_loss: 1.53741
  |- smoothness_loss: 1.06415
LR: 0.000050

Epoch 117 | Train Loss: 0.38216 | Val Loss: 0.52692
Train Loss Components:
  |- loss_rot: 0.03409
  |- loss_pos: 0.14570
  |- fk_loss: 1.07197
  |- smoothness_loss: 1.20716
Val Loss Components:
  |- loss_rot: 0.03737
  |- loss_pos: 0.46704
  |- fk_loss: 1.54986
  |- smoothness_loss: 1.06449
LR: 0.000050

Epoch 118 | Train Loss: 0.38181 | Val Loss: 0.52692
Train Loss Components:
  |- loss_rot: 0.03118
  |- loss_pos: 0.13672
  |- fk_loss: 0.95721
  |- smoothness_loss: 1.09119
Val Loss Components:
  |- loss_rot: 0.03742
  |- loss_pos: 0.47185
  |- fk_loss: 1.54275
  |- smoothness_loss: 1.06463
LR: 0.000050

Epoch 119 | Train Loss: 0.38145 | Val Loss: 0.52620
Train Loss Components:
  |- loss_rot: 0.02895
  |- loss_pos: 0.12756
  |- fk_loss: 0.88339
  |- smoothness_loss: 0.96037
Val Loss Components:
  |- loss_rot: 0.03760
  |- loss_pos: 0.47575
  |- fk_loss: 1.55775
  |- smoothness_loss: 1.06443
LR: 0.000050

Epoch 120 | Train Loss: 0.37720 | Val Loss: 0.52525
Train Loss Components:
  |- loss_rot: 0.03370
  |- loss_pos: 0.13174
  |- fk_loss: 1.03348
  |- smoothness_loss: 1.14948
Val Loss Components:
  |- loss_rot: 0.03735
  |- loss_pos: 0.46878
  |- fk_loss: 1.54091
  |- smoothness_loss: 1.06789
LR: 0.000025

Epoch 121 | Train Loss: 0.37485 | Val Loss: 0.52533
Train Loss Components:
  |- loss_rot: 0.03338
  |- loss_pos: 0.12528
  |- fk_loss: 1.01050
  |- smoothness_loss: 1.16884
Val Loss Components:
  |- loss_rot: 0.03720
  |- loss_pos: 0.46077
  |- fk_loss: 1.52805
  |- smoothness_loss: 1.06870
LR: 0.000025

Epoch 122 | Train Loss: 0.37404 | Val Loss: 0.52552
Train Loss Components:
  |- loss_rot: 0.02990
  |- loss_pos: 0.11459
  |- fk_loss: 0.90221
  |- smoothness_loss: 1.05685
Val Loss Components:
  |- loss_rot: 0.03726
  |- loss_pos: 0.46403
  |- fk_loss: 1.52984
  |- smoothness_loss: 1.06875
LR: 0.000025

Epoch 123 | Train Loss: 0.37368 | Val Loss: 0.52470
Train Loss Components:
  |- loss_rot: 0.03013
  |- loss_pos: 0.11883
  |- fk_loss: 0.92991
  |- smoothness_loss: 1.08004
Val Loss Components:
  |- loss_rot: 0.03726
  |- loss_pos: 0.45488
  |- fk_loss: 1.53250
  |- smoothness_loss: 1.06649
LR: 0.000025

Epoch 124 | Train Loss: 0.37334 | Val Loss: 0.52500
Train Loss Components:
  |- loss_rot: 0.03172
  |- loss_pos: 0.12106
  |- fk_loss: 0.94433
  |- smoothness_loss: 1.07079
Val Loss Components:
  |- loss_rot: 0.03731
  |- loss_pos: 0.46523
  |- fk_loss: 1.54401
  |- smoothness_loss: 1.06884
LR: 0.000025

Epoch 125 | Train Loss: 0.37313 | Val Loss: 0.52510
Train Loss Components:
  |- loss_rot: 0.03077
  |- loss_pos: 0.12250
  |- fk_loss: 0.92568
  |- smoothness_loss: 1.10284
Val Loss Components:
  |- loss_rot: 0.03732
  |- loss_pos: 0.47285
  |- fk_loss: 1.54354
  |- smoothness_loss: 1.06785
LR: 0.000025

Epoch 126 | Train Loss: 0.37300 | Val Loss: 0.52543
Train Loss Components:
  |- loss_rot: 0.03152
  |- loss_pos: 0.12066
  |- fk_loss: 0.96638
  |- smoothness_loss: 1.12543
Val Loss Components:
  |- loss_rot: 0.03721
  |- loss_pos: 0.46047
  |- fk_loss: 1.53188
  |- smoothness_loss: 1.06956
LR: 0.000025

Epoch 127 | Train Loss: 0.37265 | Val Loss: 0.52475
Train Loss Components:
  |- loss_rot: 0.02861
  |- loss_pos: 0.12182
  |- fk_loss: 0.89357
  |- smoothness_loss: 1.06473
Val Loss Components:
  |- loss_rot: 0.03706
  |- loss_pos: 0.46003
  |- fk_loss: 1.52788
  |- smoothness_loss: 1.06958
LR: 0.000025

Epoch 128 | Train Loss: 0.37245 | Val Loss: 0.52543
Train Loss Components:
  |- loss_rot: 0.03222
  |- loss_pos: 0.12555
  |- fk_loss: 0.98440
  |- smoothness_loss: 1.20170
Val Loss Components:
  |- loss_rot: 0.03713
  |- loss_pos: 0.45635
  |- fk_loss: 1.52245
  |- smoothness_loss: 1.07178
LR: 0.000025

Epoch 129 | Train Loss: 0.37235 | Val Loss: 0.52510
Train Loss Components:
  |- loss_rot: 0.02973
  |- loss_pos: 0.12475
  |- fk_loss: 0.94238
  |- smoothness_loss: 1.12620
Val Loss Components:
  |- loss_rot: 0.03714
  |- loss_pos: 0.46176
  |- fk_loss: 1.53139
  |- smoothness_loss: 1.06761
LR: 0.000025

Epoch 130 | Train Loss: 0.37032 | Val Loss: 0.52469
Train Loss Components:
  |- loss_rot: 0.03044
  |- loss_pos: 0.10978
  |- fk_loss: 0.91465
  |- smoothness_loss: 1.08477
Val Loss Components:
  |- loss_rot: 0.03713
  |- loss_pos: 0.45967
  |- fk_loss: 1.52993
  |- smoothness_loss: 1.07010
LR: 0.000013

Epoch 131 | Train Loss: 0.36935 | Val Loss: 0.52486
Train Loss Components:
  |- loss_rot: 0.02856
  |- loss_pos: 0.10698
  |- fk_loss: 0.86707
  |- smoothness_loss: 1.06798
Val Loss Components:
  |- loss_rot: 0.03718
  |- loss_pos: 0.45453
  |- fk_loss: 1.52677
  |- smoothness_loss: 1.07069
LR: 0.000013

Epoch 132 | Train Loss: 0.36895 | Val Loss: 0.52505
Train Loss Components:
  |- loss_rot: 0.03171
  |- loss_pos: 0.11630
  |- fk_loss: 0.93262
  |- smoothness_loss: 1.12556
Val Loss Components:
  |- loss_rot: 0.03721
  |- loss_pos: 0.45676
  |- fk_loss: 1.52788
  |- smoothness_loss: 1.07092
LR: 0.000013

Epoch 133 | Train Loss: 0.36877 | Val Loss: 0.52435
Train Loss Components:
  |- loss_rot: 0.03100
  |- loss_pos: 0.11507
  |- fk_loss: 0.93877
  |- smoothness_loss: 1.11212
Val Loss Components:
  |- loss_rot: 0.03715
  |- loss_pos: 0.45861
  |- fk_loss: 1.52759
  |- smoothness_loss: 1.07051
LR: 0.000013

Epoch 134 | Train Loss: 0.36860 | Val Loss: 0.52495
Train Loss Components:
  |- loss_rot: 0.03392
  |- loss_pos: 0.11540
  |- fk_loss: 1.02939
  |- smoothness_loss: 1.25757
Val Loss Components:
  |- loss_rot: 0.03715
  |- loss_pos: 0.45735
  |- fk_loss: 1.52572
  |- smoothness_loss: 1.07090
LR: 0.000013

Epoch 135 | Train Loss: 0.36841 | Val Loss: 0.52480
Train Loss Components:
  |- loss_rot: 0.03044
  |- loss_pos: 0.11147
  |- fk_loss: 0.92235
  |- smoothness_loss: 1.15698
Val Loss Components:
  |- loss_rot: 0.03716
  |- loss_pos: 0.46082
  |- fk_loss: 1.52972
  |- smoothness_loss: 1.07093
LR: 0.000013

Epoch 136 | Train Loss: 0.36827 | Val Loss: 0.52467
Train Loss Components:
  |- loss_rot: 0.03017
  |- loss_pos: 0.11339
  |- fk_loss: 0.92889
  |- smoothness_loss: 1.13962
Val Loss Components:
  |- loss_rot: 0.03708
  |- loss_pos: 0.46280
  |- fk_loss: 1.53122
  |- smoothness_loss: 1.07072
LR: 0.000013

Epoch 137 | Train Loss: 0.36821 | Val Loss: 0.52492
Train Loss Components:
  |- loss_rot: 0.03221
  |- loss_pos: 0.11087
  |- fk_loss: 0.97279
  |- smoothness_loss: 1.18885
Val Loss Components:
  |- loss_rot: 0.03713
  |- loss_pos: 0.46170
  |- fk_loss: 1.52959
  |- smoothness_loss: 1.07070
LR: 0.000013

Epoch 138 | Train Loss: 0.36818 | Val Loss: 0.52471
Train Loss Components:
  |- loss_rot: 0.03081
  |- loss_pos: 0.11336
  |- fk_loss: 0.94921
  |- smoothness_loss: 1.20436
Val Loss Components:
  |- loss_rot: 0.03709
  |- loss_pos: 0.45602
  |- fk_loss: 1.52154
  |- smoothness_loss: 1.07099
LR: 0.000013

Epoch 139 | Train Loss: 0.36806 | Val Loss: 0.52481
Train Loss Components:
  |- loss_rot: 0.03083
  |- loss_pos: 0.10869
  |- fk_loss: 0.95401
  |- smoothness_loss: 1.19212
Val Loss Components:
  |- loss_rot: 0.03710
  |- loss_pos: 0.45657
  |- fk_loss: 1.52506
  |- smoothness_loss: 1.07091
LR: 0.000013

Epoch 140 | Train Loss: 0.36708 | Val Loss: 0.52454
Train Loss Components:
  |- loss_rot: 0.03037
  |- loss_pos: 0.10491
  |- fk_loss: 0.93440
  |- smoothness_loss: 1.18971
Val Loss Components:
  |- loss_rot: 0.03703
  |- loss_pos: 0.45567
  |- fk_loss: 1.52521
  |- smoothness_loss: 1.07096
LR: 0.000006

Epoch 141 | Train Loss: 0.36675 | Val Loss: 0.52477
Train Loss Components:
  |- loss_rot: 0.03020
  |- loss_pos: 0.10351
  |- fk_loss: 0.89598
  |- smoothness_loss: 1.12128
Val Loss Components:
  |- loss_rot: 0.03708
  |- loss_pos: 0.45689
  |- fk_loss: 1.52450
  |- smoothness_loss: 1.07120
LR: 0.000006

Epoch 142 | Train Loss: 0.36658 | Val Loss: 0.52469
Train Loss Components:
  |- loss_rot: 0.03128
  |- loss_pos: 0.11273
  |- fk_loss: 0.96486
  |- smoothness_loss: 1.20171
Val Loss Components:
  |- loss_rot: 0.03698
  |- loss_pos: 0.45976
  |- fk_loss: 1.52581
  |- smoothness_loss: 1.07249
LR: 0.000006

Epoch 143 | Train Loss: 0.36644 | Val Loss: 0.52461
Train Loss Components:
  |- loss_rot: 0.03032
  |- loss_pos: 0.11120
  |- fk_loss: 0.95351
  |- smoothness_loss: 1.28458
Val Loss Components:
  |- loss_rot: 0.03708
  |- loss_pos: 0.46025
  |- fk_loss: 1.52867
  |- smoothness_loss: 1.07066
LR: 0.000006

Epoch 144 | Train Loss: 0.36634 | Val Loss: 0.52447
Train Loss Components:
  |- loss_rot: 0.03208
  |- loss_pos: 0.10887
  |- fk_loss: 0.97103
  |- smoothness_loss: 1.23319
Val Loss Components:
  |- loss_rot: 0.03705
  |- loss_pos: 0.45754
  |- fk_loss: 1.52710
  |- smoothness_loss: 1.06997
LR: 0.000006

Epoch 145 | Train Loss: 0.36623 | Val Loss: 0.52452
Train Loss Components:
  |- loss_rot: 0.03212
  |- loss_pos: 0.10909
  |- fk_loss: 0.95868
  |- smoothness_loss: 1.23760
Val Loss Components:
  |- loss_rot: 0.03704
  |- loss_pos: 0.45627
  |- fk_loss: 1.52550
  |- smoothness_loss: 1.07124
LR: 0.000006

Epoch 146 | Train Loss: 0.36570 | Val Loss: 0.52449
Train Loss Components:
  |- loss_rot: 0.02721
  |- loss_pos: 0.09871
  |- fk_loss: 0.82293
  |- smoothness_loss: 1.00943
Val Loss Components:
  |- loss_rot: 0.03703
  |- loss_pos: 0.45994
  |- fk_loss: 1.52652
  |- smoothness_loss: 1.07163
LR: 0.000003

Epoch 147 | Train Loss: 0.36555 | Val Loss: 0.52438
Train Loss Components:
  |- loss_rot: 0.03016
  |- loss_pos: 0.10501
  |- fk_loss: 0.88892
  |- smoothness_loss: 1.15408
Val Loss Components:
  |- loss_rot: 0.03703
  |- loss_pos: 0.45690
  |- fk_loss: 1.52467
  |- smoothness_loss: 1.07127
LR: 0.000003

Epoch 148 | Train Loss: 0.36548 | Val Loss: 0.52440
Train Loss Components:
  |- loss_rot: 0.03017
  |- loss_pos: 0.10718
  |- fk_loss: 0.90793
  |- smoothness_loss: 1.13262
Val Loss Components:
  |- loss_rot: 0.03703
  |- loss_pos: 0.45825
  |- fk_loss: 1.52389
  |- smoothness_loss: 1.07167
LR: 0.000003

Epoch 149 | Train Loss: 0.36540 | Val Loss: 0.52469
Train Loss Components:
  |- loss_rot: 0.03120
  |- loss_pos: 0.10811
  |- fk_loss: 0.93502
  |- smoothness_loss: 1.16584
Val Loss Components:
  |- loss_rot: 0.03702
  |- loss_pos: 0.45853
  |- fk_loss: 1.52326
  |- smoothness_loss: 1.07202
LR: 0.000003

