Epoch 1 | Train Loss: 13.61064 | Val Loss: 12.70531
Train Loss Components:
  |- loss_rot: 0.47517
  |- loss_pos: 10.64762
  |- fk_loss: 17.98955
  |- smoothness_loss: 67.33546
Val Loss Components:
  |- loss_rot: 0.48539
  |- loss_pos: 14.37278
  |- fk_loss: 22.05776
  |- smoothness_loss: 62.93205
LR: 0.000100
Hole frames in this epoch: [4, 6]

Epoch 2 | Train Loss: 8.12851 | Val Loss: 10.53116
Train Loss Components:
  |- loss_rot: 0.45657
  |- loss_pos: 7.64768
  |- fk_loss: 18.13550
  |- smoothness_loss: 27.26056
Val Loss Components:
  |- loss_rot: 0.45697
  |- loss_pos: 12.49430
  |- fk_loss: 20.54733
  |- smoothness_loss: 46.00872
LR: 0.000100
Hole frames in this epoch: [4, 8]

Epoch 3 | Train Loss: 6.78704 | Val Loss: 9.08111
Train Loss Components:
  |- loss_rot: 0.43332
  |- loss_pos: 7.84653
  |- fk_loss: 16.12576
  |- smoothness_loss: 29.99303
Val Loss Components:
  |- loss_rot: 0.43735
  |- loss_pos: 10.87879
  |- fk_loss: 19.37579
  |- smoothness_loss: 35.07605
LR: 0.000100
Hole frames in this epoch: [4, 10]

Epoch 4 | Train Loss: 5.92047 | Val Loss: 7.67135
Train Loss Components:
  |- loss_rot: 0.42181
  |- loss_pos: 5.19741
  |- fk_loss: 14.82399
  |- smoothness_loss: 15.31065
Val Loss Components:
  |- loss_rot: 0.42217
  |- loss_pos: 9.14492
  |- fk_loss: 18.38977
  |- smoothness_loss: 27.64594
LR: 0.000100
Hole frames in this epoch: [4, 12]

Epoch 5 | Train Loss: 5.32196 | Val Loss: 6.34501
Train Loss Components:
  |- loss_rot: 0.40393
  |- loss_pos: 5.11779
  |- fk_loss: 15.46738
  |- smoothness_loss: 11.83547
Val Loss Components:
  |- loss_rot: 0.40612
  |- loss_pos: 7.76920
  |- fk_loss: 17.37494
  |- smoothness_loss: 20.74854
LR: 0.000100
Hole frames in this epoch: [4, 14]

Epoch 6 | Train Loss: 4.85825 | Val Loss: 5.56497
Train Loss Components:
  |- loss_rot: 0.39563
  |- loss_pos: 5.29670
  |- fk_loss: 14.58923
  |- smoothness_loss: 12.58476
Val Loss Components:
  |- loss_rot: 0.39258
  |- loss_pos: 6.76748
  |- fk_loss: 16.54829
  |- smoothness_loss: 17.10203
LR: 0.000100
Hole frames in this epoch: [4, 16]

Epoch 7 | Train Loss: 4.38473 | Val Loss: 5.04311
Train Loss Components:
  |- loss_rot: 0.38869
  |- loss_pos: 3.97390
  |- fk_loss: 13.33318
  |- smoothness_loss: 7.45926
Val Loss Components:
  |- loss_rot: 0.38261
  |- loss_pos: 6.17739
  |- fk_loss: 15.67655
  |- smoothness_loss: 14.67689
LR: 0.000100
Hole frames in this epoch: [4, 16]

Epoch 8 | Train Loss: 3.88952 | Val Loss: 4.49280
Train Loss Components:
  |- loss_rot: 0.37315
  |- loss_pos: 2.95467
  |- fk_loss: 12.57124
  |- smoothness_loss: 8.32827
Val Loss Components:
  |- loss_rot: 0.37618
  |- loss_pos: 5.43190
  |- fk_loss: 14.27880
  |- smoothness_loss: 12.61294
LR: 0.000100
Hole frames in this epoch: [4, 16]

Epoch 9 | Train Loss: 3.53262 | Val Loss: 4.11669
Train Loss Components:
  |- loss_rot: 0.36609
  |- loss_pos: 3.55774
  |- fk_loss: 10.84441
  |- smoothness_loss: 6.48118
Val Loss Components:
  |- loss_rot: 0.36799
  |- loss_pos: 4.92207
  |- fk_loss: 13.45454
  |- smoothness_loss: 10.92223
LR: 0.000100
Hole frames in this epoch: [4, 16]

Epoch 10 | Train Loss: 3.24042 | Val Loss: 3.76984
Train Loss Components:
  |- loss_rot: 0.35446
  |- loss_pos: 1.99298
  |- fk_loss: 9.94312
  |- smoothness_loss: 6.00052
Val Loss Components:
  |- loss_rot: 0.35692
  |- loss_pos: 4.55906
  |- fk_loss: 12.75352
  |- smoothness_loss: 8.78378
LR: 0.000100
Hole frames in this epoch: [4, 16]

Epoch 11 | Train Loss: 3.02506 | Val Loss: 3.50398
Train Loss Components:
  |- loss_rot: 0.34783
  |- loss_pos: 2.59304
  |- fk_loss: 10.84753
  |- smoothness_loss: 6.70699
Val Loss Components:
  |- loss_rot: 0.34766
  |- loss_pos: 4.41484
  |- fk_loss: 12.19387
  |- smoothness_loss: 8.00836
LR: 0.000100
Hole frames in this epoch: [4, 16]

Epoch 12 | Train Loss: 2.80402 | Val Loss: 3.29641
Train Loss Components:
  |- loss_rot: 0.34085
  |- loss_pos: 5.64442
  |- fk_loss: 12.26487
  |- smoothness_loss: 11.82090
Val Loss Components:
  |- loss_rot: 0.33904
  |- loss_pos: 3.99957
  |- fk_loss: 11.85244
  |- smoothness_loss: 7.80338
LR: 0.000100
Hole frames in this epoch: [4, 16]

Epoch 13 | Train Loss: 2.57891 | Val Loss: 3.05545
Train Loss Components:
  |- loss_rot: 0.33349
  |- loss_pos: 4.48513
  |- fk_loss: 10.82059
  |- smoothness_loss: 9.75272
Val Loss Components:
  |- loss_rot: 0.32917
  |- loss_pos: 3.73699
  |- fk_loss: 11.21605
  |- smoothness_loss: 7.91961
LR: 0.000100
Hole frames in this epoch: [4, 16]

Epoch 14 | Train Loss: 2.43536 | Val Loss: 2.93761
Train Loss Components:
  |- loss_rot: 0.32603
  |- loss_pos: 1.36145
  |- fk_loss: 8.93063
  |- smoothness_loss: 5.73345
Val Loss Components:
  |- loss_rot: 0.32087
  |- loss_pos: 3.87676
  |- fk_loss: 10.92926
  |- smoothness_loss: 7.33385
LR: 0.000100
Hole frames in this epoch: [4, 16]

Epoch 15 | Train Loss: 2.36136 | Val Loss: 2.73927
Train Loss Components:
  |- loss_rot: 0.31565
  |- loss_pos: 2.95596
  |- fk_loss: 8.54891
  |- smoothness_loss: 4.77041
Val Loss Components:
  |- loss_rot: 0.31209
  |- loss_pos: 3.51773
  |- fk_loss: 10.17886
  |- smoothness_loss: 4.95862
LR: 0.000100
Hole frames in this epoch: [4, 16]

Epoch 16 | Train Loss: 2.23911 | Val Loss: 2.57931
Train Loss Components:
  |- loss_rot: 0.30438
  |- loss_pos: 2.07625
  |- fk_loss: 8.69647
  |- smoothness_loss: 4.70049
Val Loss Components:
  |- loss_rot: 0.30595
  |- loss_pos: 3.40918
  |- fk_loss: 9.56435
  |- smoothness_loss: 4.57880
LR: 0.000100
Hole frames in this epoch: [4, 16]

Epoch 17 | Train Loss: 2.10602 | Val Loss: 2.42706
Train Loss Components:
  |- loss_rot: 0.29695
  |- loss_pos: 2.97807
  |- fk_loss: 9.20703
  |- smoothness_loss: 4.47067
Val Loss Components:
  |- loss_rot: 0.29273
  |- loss_pos: 3.24457
  |- fk_loss: 9.05233
  |- smoothness_loss: 3.27660
LR: 0.000100
Hole frames in this epoch: [4, 16]

Epoch 18 | Train Loss: 1.98620 | Val Loss: 2.36085
Train Loss Components:
  |- loss_rot: 0.28429
  |- loss_pos: 2.79271
  |- fk_loss: 8.09070
  |- smoothness_loss: 4.30105
Val Loss Components:
  |- loss_rot: 0.28346
  |- loss_pos: 3.22301
  |- fk_loss: 8.80276
  |- smoothness_loss: 3.46141
LR: 0.000100
Hole frames in this epoch: [4, 16]

Epoch 19 | Train Loss: 1.93315 | Val Loss: 2.33670
Train Loss Components:
  |- loss_rot: 0.27142
  |- loss_pos: 3.02937
  |- fk_loss: 7.74223
  |- smoothness_loss: 4.61688
Val Loss Components:
  |- loss_rot: 0.27664
  |- loss_pos: 3.15417
  |- fk_loss: 8.51515
  |- smoothness_loss: 3.06659
LR: 0.000100
Hole frames in this epoch: [4, 16]

Epoch 20 | Train Loss: 1.85954 | Val Loss: 2.40925
Train Loss Components:
  |- loss_rot: 0.26675
  |- loss_pos: 1.52038
  |- fk_loss: 6.45769
  |- smoothness_loss: 5.52372
Val Loss Components:
  |- loss_rot: 0.26852
  |- loss_pos: 3.35296
  |- fk_loss: 8.19872
  |- smoothness_loss: 2.52872
LR: 0.000100
Hole frames in this epoch: [4, 16]

Epoch 21 | Train Loss: 1.78306 | Val Loss: 2.04994
Train Loss Components:
  |- loss_rot: 0.26402
  |- loss_pos: 1.38660
  |- fk_loss: 6.42288
  |- smoothness_loss: 4.79491
Val Loss Components:
  |- loss_rot: 0.26316
  |- loss_pos: 2.86652
  |- fk_loss: 7.68123
  |- smoothness_loss: 2.20541
LR: 0.000100
Hole frames in this epoch: [4, 16]

Epoch 22 | Train Loss: 1.67480 | Val Loss: 1.96963
Train Loss Components:
  |- loss_rot: 0.25688
  |- loss_pos: 1.67714
  |- fk_loss: 6.79876
  |- smoothness_loss: 4.03056
Val Loss Components:
  |- loss_rot: 0.25947
  |- loss_pos: 2.81226
  |- fk_loss: 7.56982
  |- smoothness_loss: 2.45437
LR: 0.000100
Hole frames in this epoch: [4, 16]

Epoch 23 | Train Loss: 1.67846 | Val Loss: 1.98317
Train Loss Components:
  |- loss_rot: 0.25594
  |- loss_pos: 3.88843
  |- fk_loss: 8.25848
  |- smoothness_loss: 5.17542
Val Loss Components:
  |- loss_rot: 0.25396
  |- loss_pos: 2.70999
  |- fk_loss: 7.44998
  |- smoothness_loss: 2.15654
LR: 0.000100
Hole frames in this epoch: [4, 16]

Epoch 24 | Train Loss: 1.61544 | Val Loss: 1.90929
Train Loss Components:
  |- loss_rot: 0.25180
  |- loss_pos: 1.73211
  |- fk_loss: 6.39323
  |- smoothness_loss: 3.63836
Val Loss Components:
  |- loss_rot: 0.25049
  |- loss_pos: 2.67372
  |- fk_loss: 7.36120
  |- smoothness_loss: 1.91084
LR: 0.000100
Hole frames in this epoch: [4, 16]

Epoch 25 | Train Loss: 1.57089 | Val Loss: 1.87490
Train Loss Components:
  |- loss_rot: 0.25186
  |- loss_pos: 1.40685
  |- fk_loss: 5.90337
  |- smoothness_loss: 3.47697
Val Loss Components:
  |- loss_rot: 0.24917
  |- loss_pos: 2.73743
  |- fk_loss: 6.99989
  |- smoothness_loss: 1.69037
LR: 0.000100
Hole frames in this epoch: [4, 16]

Epoch 26 | Train Loss: 1.64825 | Val Loss: 2.08705
Train Loss Components:
  |- loss_rot: 0.25528
  |- loss_pos: 2.07435
  |- fk_loss: 7.72639
  |- smoothness_loss: 4.65627
Val Loss Components:
  |- loss_rot: 0.25545
  |- loss_pos: 2.88228
  |- fk_loss: 8.26806
  |- smoothness_loss: 2.63008
LR: 0.000100
Hole frames in this epoch: [4, 16]

Epoch 27 | Train Loss: 1.88757 | Val Loss: 1.80132
Train Loss Components:
  |- loss_rot: 0.24974
  |- loss_pos: 3.07557
  |- fk_loss: 7.65297
  |- smoothness_loss: 4.43181
Val Loss Components:
  |- loss_rot: 0.24708
  |- loss_pos: 2.43560
  |- fk_loss: 7.42730
  |- smoothness_loss: 1.50691
LR: 0.000100
Hole frames in this epoch: [4, 16]

Epoch 28 | Train Loss: 1.52682 | Val Loss: 1.72436
Train Loss Components:
  |- loss_rot: 0.24772
  |- loss_pos: 1.98894
  |- fk_loss: 6.65490
  |- smoothness_loss: 3.47758
Val Loss Components:
  |- loss_rot: 0.24512
  |- loss_pos: 2.36221
  |- fk_loss: 6.98181
  |- smoothness_loss: 1.26560
LR: 0.000100
Hole frames in this epoch: [4, 16]

Epoch 29 | Train Loss: 1.53131 | Val Loss: 1.63039
Train Loss Components:
  |- loss_rot: 0.24460
  |- loss_pos: 1.58142
  |- fk_loss: 6.29214
  |- smoothness_loss: 3.20928
Val Loss Components:
  |- loss_rot: 0.24114
  |- loss_pos: 2.18880
  |- fk_loss: 6.66367
  |- smoothness_loss: 0.88541
LR: 0.000100
Hole frames in this epoch: [4, 16]

Epoch 30 | Train Loss: 1.39412 | Val Loss: 1.64170
Train Loss Components:
  |- loss_rot: 0.23980
  |- loss_pos: 1.19657
  |- fk_loss: 5.36466
  |- smoothness_loss: 3.17975
Val Loss Components:
  |- loss_rot: 0.23738
  |- loss_pos: 2.28511
  |- fk_loss: 6.56754
  |- smoothness_loss: 1.10275
LR: 0.000100
Hole frames in this epoch: [4, 16]

Epoch 31 | Train Loss: 1.39865 | Val Loss: 1.63448
Train Loss Components:
  |- loss_rot: 0.23602
  |- loss_pos: 0.94113
  |- fk_loss: 5.49408
  |- smoothness_loss: 3.25120
Val Loss Components:
  |- loss_rot: 0.24031
  |- loss_pos: 2.21725
  |- fk_loss: 6.72576
  |- smoothness_loss: 1.30081
LR: 0.000100
Hole frames in this epoch: [4, 16]

Epoch 32 | Train Loss: 1.59579 | Val Loss: 1.56937
Train Loss Components:
  |- loss_rot: 0.23541
  |- loss_pos: 1.14311
  |- fk_loss: 5.66901
  |- smoothness_loss: 3.34258
Val Loss Components:
  |- loss_rot: 0.23630
  |- loss_pos: 2.13562
  |- fk_loss: 6.51838
  |- smoothness_loss: 0.97189
LR: 0.000100
Hole frames in this epoch: [4, 16]

Epoch 33 | Train Loss: 1.36168 | Val Loss: 1.53998
Train Loss Components:
  |- loss_rot: 0.22676
  |- loss_pos: 0.91195
  |- fk_loss: 4.67929
  |- smoothness_loss: 2.92580
Val Loss Components:
  |- loss_rot: 0.23279
  |- loss_pos: 2.18646
  |- fk_loss: 6.27410
  |- smoothness_loss: 0.82006
LR: 0.000100
Hole frames in this epoch: [4, 16]

Epoch 34 | Train Loss: 1.32690 | Val Loss: 1.57261
Train Loss Components:
  |- loss_rot: 0.23296
  |- loss_pos: 1.52825
  |- fk_loss: 5.99181
  |- smoothness_loss: 3.90047
Val Loss Components:
  |- loss_rot: 0.23672
  |- loss_pos: 2.06520
  |- fk_loss: 6.64871
  |- smoothness_loss: 0.88261
LR: 0.000100
Hole frames in this epoch: [4, 16]

Epoch 35 | Train Loss: 1.33141 | Val Loss: 1.51552
Train Loss Components:
  |- loss_rot: 0.22514
  |- loss_pos: 0.74521
  |- fk_loss: 4.99130
  |- smoothness_loss: 3.41873
Val Loss Components:
  |- loss_rot: 0.22902
  |- loss_pos: 2.00705
  |- fk_loss: 6.46604
  |- smoothness_loss: 0.73255
LR: 0.000100
Hole frames in this epoch: [4, 16]

Epoch 36 | Train Loss: 1.26058 | Val Loss: 1.42391
Train Loss Components:
  |- loss_rot: 0.22553
  |- loss_pos: 0.95828
  |- fk_loss: 4.71828
  |- smoothness_loss: 2.70696
Val Loss Components:
  |- loss_rot: 0.22601
  |- loss_pos: 2.00531
  |- fk_loss: 5.83845
  |- smoothness_loss: 0.72474
LR: 0.000100
Hole frames in this epoch: [4, 16]

Epoch 37 | Train Loss: 1.25430 | Val Loss: 1.42955
Train Loss Components:
  |- loss_rot: 0.22365
  |- loss_pos: 1.26154
  |- fk_loss: 4.97954
  |- smoothness_loss: 3.09252
Val Loss Components:
  |- loss_rot: 0.22622
  |- loss_pos: 1.95070
  |- fk_loss: 5.84357
  |- smoothness_loss: 0.76922
LR: 0.000100
Hole frames in this epoch: [4, 16]

Epoch 38 | Train Loss: 1.30534 | Val Loss: 1.47409
Train Loss Components:
  |- loss_rot: 0.22070
  |- loss_pos: 1.19902
  |- fk_loss: 4.94877
  |- smoothness_loss: 3.82037
Val Loss Components:
  |- loss_rot: 0.22526
  |- loss_pos: 1.97961
  |- fk_loss: 5.98840
  |- smoothness_loss: 0.73901
LR: 0.000100
Hole frames in this epoch: [4, 16]

Epoch 39 | Train Loss: 1.42094 | Val Loss: 1.45829
Train Loss Components:
  |- loss_rot: 0.22468
  |- loss_pos: 1.40968
  |- fk_loss: 5.79077
  |- smoothness_loss: 3.20604
Val Loss Components:
  |- loss_rot: 0.22659
  |- loss_pos: 1.99227
  |- fk_loss: 6.16560
  |- smoothness_loss: 0.74974
LR: 0.000100
Hole frames in this epoch: [4, 16]

Epoch 40 | Train Loss: 1.23453 | Val Loss: 1.35806
Train Loss Components:
  |- loss_rot: 0.22091
  |- loss_pos: 1.10176
  |- fk_loss: 4.91900
  |- smoothness_loss: 2.80446
Val Loss Components:
  |- loss_rot: 0.22121
  |- loss_pos: 1.86334
  |- fk_loss: 5.77857
  |- smoothness_loss: 0.74256
LR: 0.000100
Hole frames in this epoch: [4, 16]

Epoch 41 | Train Loss: 1.22513 | Val Loss: 1.39503
Train Loss Components:
  |- loss_rot: 0.21299
  |- loss_pos: 0.72653
  |- fk_loss: 4.25120
  |- smoothness_loss: 3.06418
Val Loss Components:
  |- loss_rot: 0.22130
  |- loss_pos: 1.88088
  |- fk_loss: 5.82970
  |- smoothness_loss: 0.80834
LR: 0.000100
Hole frames in this epoch: [4, 16]

Epoch 42 | Train Loss: 1.14655 | Val Loss: 1.34479
Train Loss Components:
  |- loss_rot: 0.21570
  |- loss_pos: 1.80770
  |- fk_loss: 5.11251
  |- smoothness_loss: 3.07520
Val Loss Components:
  |- loss_rot: 0.21731
  |- loss_pos: 1.88037
  |- fk_loss: 5.46916
  |- smoothness_loss: 0.69686
LR: 0.000100
Hole frames in this epoch: [4, 16]

Epoch 43 | Train Loss: 1.32882 | Val Loss: 1.92333
Train Loss Components:
  |- loss_rot: 0.23629
  |- loss_pos: 2.03761
  |- fk_loss: 7.94298
  |- smoothness_loss: 4.73489
Val Loss Components:
  |- loss_rot: 0.23858
  |- loss_pos: 2.44299
  |- fk_loss: 9.03460
  |- smoothness_loss: 1.56329
LR: 0.000100
Hole frames in this epoch: [4, 16]

Epoch 44 | Train Loss: 1.35038 | Val Loss: 1.50819
Train Loss Components:
  |- loss_rot: 0.20826
  |- loss_pos: 1.25242
  |- fk_loss: 4.94513
  |- smoothness_loss: 2.81733
Val Loss Components:
  |- loss_rot: 0.21790
  |- loss_pos: 2.12268
  |- fk_loss: 5.97754
  |- smoothness_loss: 1.01144
LR: 0.000100
Hole frames in this epoch: [4, 16]

Epoch 45 | Train Loss: 1.17779 | Val Loss: 1.35881
Train Loss Components:
  |- loss_rot: 0.21989
  |- loss_pos: 1.69766
  |- fk_loss: 5.71355
  |- smoothness_loss: 3.15997
Val Loss Components:
  |- loss_rot: 0.21758
  |- loss_pos: 1.90046
  |- fk_loss: 5.89822
  |- smoothness_loss: 0.71149
LR: 0.000100
Hole frames in this epoch: [4, 16]

Epoch 46 | Train Loss: 1.24403 | Val Loss: 2.12043
Train Loss Components:
  |- loss_rot: 0.22944
  |- loss_pos: 1.37115
  |- fk_loss: 10.38392
  |- smoothness_loss: 5.41839
Val Loss Components:
  |- loss_rot: 0.23444
  |- loss_pos: 2.27760
  |- fk_loss: 11.45147
  |- smoothness_loss: 2.15389
LR: 0.000100
Hole frames in this epoch: [4, 16]

Epoch 47 | Train Loss: 1.24803 | Val Loss: 1.24913
Train Loss Components:
  |- loss_rot: 0.20779
  |- loss_pos: 1.22860
  |- fk_loss: 4.62793
  |- smoothness_loss: 2.98022
Val Loss Components:
  |- loss_rot: 0.20888
  |- loss_pos: 1.71578
  |- fk_loss: 5.40247
  |- smoothness_loss: 0.56043
LR: 0.000100
Hole frames in this epoch: [4, 16]

Epoch 48 | Train Loss: 1.08184 | Val Loss: 1.22348
Train Loss Components:
  |- loss_rot: 0.20823
  |- loss_pos: 0.97043
  |- fk_loss: 4.53396
  |- smoothness_loss: 2.72146
Val Loss Components:
  |- loss_rot: 0.20775
  |- loss_pos: 1.75271
  |- fk_loss: 5.14543
  |- smoothness_loss: 0.82002
LR: 0.000100
Hole frames in this epoch: [4, 16]

Epoch 49 | Train Loss: 1.16519 | Val Loss: 1.61251
Train Loss Components:
  |- loss_rot: 0.21936
  |- loss_pos: 1.00251
  |- fk_loss: 7.00375
  |- smoothness_loss: 4.87574
Val Loss Components:
  |- loss_rot: 0.22377
  |- loss_pos: 2.06637
  |- fk_loss: 7.30090
  |- smoothness_loss: 1.32472
LR: 0.000100
Hole frames in this epoch: [4, 16]

Epoch 50 | Train Loss: 1.34652 | Val Loss: 1.31134
Train Loss Components:
  |- loss_rot: 0.21043
  |- loss_pos: 1.75722
  |- fk_loss: 5.28060
  |- smoothness_loss: 3.44684
Val Loss Components:
  |- loss_rot: 0.20986
  |- loss_pos: 1.85998
  |- fk_loss: 5.46152
  |- smoothness_loss: 0.57453
LR: 0.000100
Hole frames in this epoch: [4, 16]

Epoch 51 | Train Loss: 1.09860 | Val Loss: 1.20791
Train Loss Components:
  |- loss_rot: 0.19897
  |- loss_pos: 1.25469
  |- fk_loss: 4.47757
  |- smoothness_loss: 2.47573
Val Loss Components:
  |- loss_rot: 0.20372
  |- loss_pos: 1.70956
  |- fk_loss: 5.03692
  |- smoothness_loss: 0.57424
LR: 0.000100
Hole frames in this epoch: [4, 16]

Epoch 52 | Train Loss: 1.02123 | Val Loss: 1.16308
Train Loss Components:
  |- loss_rot: 0.19564
  |- loss_pos: 1.00556
  |- fk_loss: 3.95198
  |- smoothness_loss: 2.31096
Val Loss Components:
  |- loss_rot: 0.20050
  |- loss_pos: 1.62110
  |- fk_loss: 4.89830
  |- smoothness_loss: 0.52322
LR: 0.000100
Hole frames in this epoch: [4, 16]

Epoch 53 | Train Loss: 1.04246 | Val Loss: 1.44571
Train Loss Components:
  |- loss_rot: 0.19742
  |- loss_pos: 0.59807
  |- fk_loss: 5.21655
  |- smoothness_loss: 3.87699
Val Loss Components:
  |- loss_rot: 0.20464
  |- loss_pos: 1.86946
  |- fk_loss: 6.47759
  |- smoothness_loss: 1.00047
LR: 0.000100
Hole frames in this epoch: [4, 16]

Epoch 54 | Train Loss: 1.12196 | Val Loss: 1.17837
Train Loss Components:
  |- loss_rot: 0.19312
  |- loss_pos: 1.35310
  |- fk_loss: 4.36369
  |- smoothness_loss: 2.87352
Val Loss Components:
  |- loss_rot: 0.19799
  |- loss_pos: 1.63730
  |- fk_loss: 4.83879
  |- smoothness_loss: 0.61897
LR: 0.000100
Hole frames in this epoch: [4, 16]

Epoch 55 | Train Loss: 0.98110 | Val Loss: 1.15424
Train Loss Components:
  |- loss_rot: 0.18631
  |- loss_pos: 0.52996
  |- fk_loss: 3.52483
  |- smoothness_loss: 2.74078
Val Loss Components:
  |- loss_rot: 0.19338
  |- loss_pos: 1.63572
  |- fk_loss: 4.85696
  |- smoothness_loss: 0.59238
LR: 0.000100
Hole frames in this epoch: [4, 16]

Epoch 56 | Train Loss: 0.97756 | Val Loss: 1.10149
Train Loss Components:
  |- loss_rot: 0.18228
  |- loss_pos: 1.58382
  |- fk_loss: 4.16484
  |- smoothness_loss: 2.50993
Val Loss Components:
  |- loss_rot: 0.19409
  |- loss_pos: 1.58385
  |- fk_loss: 4.61242
  |- smoothness_loss: 0.46102
LR: 0.000100
Hole frames in this epoch: [4, 16]

Epoch 57 | Train Loss: 1.00145 | Val Loss: 1.11366
Train Loss Components:
  |- loss_rot: 0.18912
  |- loss_pos: 1.28857
  |- fk_loss: 4.16510
  |- smoothness_loss: 2.72350
Val Loss Components:
  |- loss_rot: 0.19313
  |- loss_pos: 1.58021
  |- fk_loss: 4.69737
  |- smoothness_loss: 0.42894
LR: 0.000100
Hole frames in this epoch: [4, 16]

Epoch 58 | Train Loss: 0.97783 | Val Loss: 1.16401
Train Loss Components:
  |- loss_rot: 0.18384
  |- loss_pos: 1.51500
  |- fk_loss: 4.28630
  |- smoothness_loss: 2.60348
Val Loss Components:
  |- loss_rot: 0.19146
  |- loss_pos: 1.63128
  |- fk_loss: 4.58500
  |- smoothness_loss: 0.60859
LR: 0.000100
Hole frames in this epoch: [4, 16]

Epoch 59 | Train Loss: 1.57707 | Val Loss: 1.55467
Train Loss Components:
  |- loss_rot: 0.20545
  |- loss_pos: 1.55529
  |- fk_loss: 7.24764
  |- smoothness_loss: 3.78175
Val Loss Components:
  |- loss_rot: 0.20747
  |- loss_pos: 1.96172
  |- fk_loss: 7.19388
  |- smoothness_loss: 0.92734
LR: 0.000100
Hole frames in this epoch: [4, 16]

Epoch 60 | Train Loss: 1.09799 | Val Loss: 1.13349
Train Loss Components:
  |- loss_rot: 0.18661
  |- loss_pos: 1.06897
  |- fk_loss: 4.14200
  |- smoothness_loss: 2.62618
Val Loss Components:
  |- loss_rot: 0.19299
  |- loss_pos: 1.50251
  |- fk_loss: 4.93868
  |- smoothness_loss: 0.46380
LR: 0.000100
Hole frames in this epoch: [4, 16]

Epoch 61 | Train Loss: 1.06585 | Val Loss: 1.23896
Train Loss Components:
  |- loss_rot: 0.19510
  |- loss_pos: 0.66665
  |- fk_loss: 4.47377
  |- smoothness_loss: 3.00571
Val Loss Components:
  |- loss_rot: 0.19655
  |- loss_pos: 1.57704
  |- fk_loss: 5.54103
  |- smoothness_loss: 0.90782
LR: 0.000100
Hole frames in this epoch: [4, 16]

Epoch 62 | Train Loss: 0.99702 | Val Loss: 1.12750
Train Loss Components:
  |- loss_rot: 0.18155
  |- loss_pos: 1.18796
  |- fk_loss: 4.11573
  |- smoothness_loss: 2.23189
Val Loss Components:
  |- loss_rot: 0.18874
  |- loss_pos: 1.63093
  |- fk_loss: 4.62632
  |- smoothness_loss: 0.53834
LR: 0.000100
Hole frames in this epoch: [4, 16]

Epoch 63 | Train Loss: 1.05897 | Val Loss: 1.28918
Train Loss Components:
  |- loss_rot: 0.18157
  |- loss_pos: 0.76674
  |- fk_loss: 4.84867
  |- smoothness_loss: 2.67023
Val Loss Components:
  |- loss_rot: 0.19181
  |- loss_pos: 1.58080
  |- fk_loss: 6.37347
  |- smoothness_loss: 0.59561
LR: 0.000050
Hole frames in this epoch: [4, 16]

Epoch 64 | Train Loss: 0.97653 | Val Loss: 1.05284
Train Loss Components:
  |- loss_rot: 0.17965
  |- loss_pos: 1.17004
  |- fk_loss: 3.96050
  |- smoothness_loss: 2.34979
Val Loss Components:
  |- loss_rot: 0.18820
  |- loss_pos: 1.44432
  |- fk_loss: 4.55964
  |- smoothness_loss: 0.40053
LR: 0.000050
Hole frames in this epoch: [4, 16]

Epoch 65 | Train Loss: 0.89978 | Val Loss: 1.05512
Train Loss Components:
  |- loss_rot: 0.17629
  |- loss_pos: 0.45484
  |- fk_loss: 3.13128
  |- smoothness_loss: 2.44226
Val Loss Components:
  |- loss_rot: 0.18589
  |- loss_pos: 1.45448
  |- fk_loss: 4.45669
  |- smoothness_loss: 0.40471
LR: 0.000050
Hole frames in this epoch: [4, 16]

Epoch 66 | Train Loss: 0.86832 | Val Loss: 1.04027
Train Loss Components:
  |- loss_rot: 0.17055
  |- loss_pos: 0.50576
  |- fk_loss: 2.89330
  |- smoothness_loss: 2.16046
Val Loss Components:
  |- loss_rot: 0.18540
  |- loss_pos: 1.44453
  |- fk_loss: 4.38002
  |- smoothness_loss: 0.43181
LR: 0.000050
Hole frames in this epoch: [4, 16]

Epoch 67 | Train Loss: 0.85245 | Val Loss: 1.00618
Train Loss Components:
  |- loss_rot: 0.17710
  |- loss_pos: 0.48710
  |- fk_loss: 2.93697
  |- smoothness_loss: 2.26596
Val Loss Components:
  |- loss_rot: 0.18485
  |- loss_pos: 1.41854
  |- fk_loss: 4.29477
  |- smoothness_loss: 0.38968
LR: 0.000050
Hole frames in this epoch: [4, 16]

Epoch 68 | Train Loss: 0.85661 | Val Loss: 1.02822
Train Loss Components:
  |- loss_rot: 0.17321
  |- loss_pos: 0.56557
  |- fk_loss: 2.88177
  |- smoothness_loss: 2.47579
Val Loss Components:
  |- loss_rot: 0.18304
  |- loss_pos: 1.38796
  |- fk_loss: 4.31022
  |- smoothness_loss: 0.38988
LR: 0.000050
Hole frames in this epoch: [4, 16]

Epoch 69 | Train Loss: 0.84151 | Val Loss: 0.99058
Train Loss Components:
  |- loss_rot: 0.17497
  |- loss_pos: 0.50209
  |- fk_loss: 2.80103
  |- smoothness_loss: 2.32077
Val Loss Components:
  |- loss_rot: 0.18222
  |- loss_pos: 1.41425
  |- fk_loss: 4.18407
  |- smoothness_loss: 0.41399
LR: 0.000050
Hole frames in this epoch: [4, 16]

Epoch 70 | Train Loss: 0.81999 | Val Loss: 0.97771
Train Loss Components:
  |- loss_rot: 0.16847
  |- loss_pos: 0.51505
  |- fk_loss: 2.80756
  |- smoothness_loss: 2.19962
Val Loss Components:
  |- loss_rot: 0.18077
  |- loss_pos: 1.42865
  |- fk_loss: 4.12210
  |- smoothness_loss: 0.36386
LR: 0.000050
Hole frames in this epoch: [4, 16]

Epoch 71 | Train Loss: 0.81716 | Val Loss: 0.97888
Train Loss Components:
  |- loss_rot: 0.16849
  |- loss_pos: 0.83026
  |- fk_loss: 3.30753
  |- smoothness_loss: 1.95901
Val Loss Components:
  |- loss_rot: 0.17903
  |- loss_pos: 1.36462
  |- fk_loss: 4.03584
  |- smoothness_loss: 0.36765
LR: 0.000050
Hole frames in this epoch: [4, 16]

Epoch 72 | Train Loss: 0.80889 | Val Loss: 0.98056
Train Loss Components:
  |- loss_rot: 0.17360
  |- loss_pos: 0.85365
  |- fk_loss: 3.27618
  |- smoothness_loss: 2.17330
Val Loss Components:
  |- loss_rot: 0.18008
  |- loss_pos: 1.40162
  |- fk_loss: 4.10233
  |- smoothness_loss: 0.44191
LR: 0.000050
Hole frames in this epoch: [4, 16]

Epoch 73 | Train Loss: 0.78552 | Val Loss: 0.97039
Train Loss Components:
  |- loss_rot: 0.16262
  |- loss_pos: 0.45894
  |- fk_loss: 2.63246
  |- smoothness_loss: 2.03526
Val Loss Components:
  |- loss_rot: 0.17702
  |- loss_pos: 1.40703
  |- fk_loss: 4.02106
  |- smoothness_loss: 0.37636
LR: 0.000050
Hole frames in this epoch: [4, 16]

Epoch 74 | Train Loss: 0.80905 | Val Loss: 0.95896
Train Loss Components:
  |- loss_rot: 0.17480
  |- loss_pos: 1.07069
  |- fk_loss: 3.67662
  |- smoothness_loss: 1.95576
Val Loss Components:
  |- loss_rot: 0.17661
  |- loss_pos: 1.34823
  |- fk_loss: 3.96628
  |- smoothness_loss: 0.36087
LR: 0.000050
Hole frames in this epoch: [4, 16]

Epoch 75 | Train Loss: 0.81909 | Val Loss: 1.56415
Train Loss Components:
  |- loss_rot: 0.20172
  |- loss_pos: 0.86320
  |- fk_loss: 6.75174
  |- smoothness_loss: 4.20222
Val Loss Components:
  |- loss_rot: 0.20088
  |- loss_pos: 1.75677
  |- fk_loss: 7.43583
  |- smoothness_loss: 1.77513
LR: 0.000050
Hole frames in this epoch: [4, 16]

Epoch 76 | Train Loss: 0.98486 | Val Loss: 0.99529
Train Loss Components:
  |- loss_rot: 0.17110
  |- loss_pos: 0.45538
  |- fk_loss: 3.07954
  |- smoothness_loss: 2.30079
Val Loss Components:
  |- loss_rot: 0.18018
  |- loss_pos: 1.39025
  |- fk_loss: 4.22058
  |- smoothness_loss: 0.39125
LR: 0.000050
Hole frames in this epoch: [4, 16]

Epoch 77 | Train Loss: 0.80777 | Val Loss: 0.97277
Train Loss Components:
  |- loss_rot: 0.16410
  |- loss_pos: 0.44514
  |- fk_loss: 2.60149
  |- smoothness_loss: 1.95315
Val Loss Components:
  |- loss_rot: 0.17614
  |- loss_pos: 1.38598
  |- fk_loss: 4.00098
  |- smoothness_loss: 0.45147
LR: 0.000050
Hole frames in this epoch: [4, 16]

Epoch 78 | Train Loss: 0.79426 | Val Loss: 0.94195
Train Loss Components:
  |- loss_rot: 0.17370
  |- loss_pos: 1.10393
  |- fk_loss: 3.73099
  |- smoothness_loss: 2.31249
Val Loss Components:
  |- loss_rot: 0.17374
  |- loss_pos: 1.32307
  |- fk_loss: 3.87757
  |- smoothness_loss: 0.36780
LR: 0.000050
Hole frames in this epoch: [4, 16]

Epoch 79 | Train Loss: 0.76607 | Val Loss: 0.95362
Train Loss Components:
  |- loss_rot: 0.16540
  |- loss_pos: 0.67898
  |- fk_loss: 2.93083
  |- smoothness_loss: 2.03167
Val Loss Components:
  |- loss_rot: 0.17281
  |- loss_pos: 1.35447
  |- fk_loss: 3.88293
  |- smoothness_loss: 0.35882
LR: 0.000050
Hole frames in this epoch: [4, 16]

Epoch 80 | Train Loss: 0.78715 | Val Loss: 0.98134
Train Loss Components:
  |- loss_rot: 0.15883
  |- loss_pos: 0.56493
  |- fk_loss: 2.80676
  |- smoothness_loss: 1.99943
Val Loss Components:
  |- loss_rot: 0.17236
  |- loss_pos: 1.35964
  |- fk_loss: 4.02315
  |- smoothness_loss: 0.44471
LR: 0.000050
Hole frames in this epoch: [4, 16]

Epoch 81 | Train Loss: 0.77833 | Val Loss: 0.92638
Train Loss Components:
  |- loss_rot: 0.16055
  |- loss_pos: 1.29874
  |- fk_loss: 3.56682
  |- smoothness_loss: 2.06648
Val Loss Components:
  |- loss_rot: 0.17114
  |- loss_pos: 1.35256
  |- fk_loss: 3.82030
  |- smoothness_loss: 0.39852
LR: 0.000050
Hole frames in this epoch: [4, 16]

Epoch 82 | Train Loss: 0.75339 | Val Loss: 0.91783
Train Loss Components:
  |- loss_rot: 0.16158
  |- loss_pos: 0.47543
  |- fk_loss: 2.47800
  |- smoothness_loss: 1.94920
Val Loss Components:
  |- loss_rot: 0.17173
  |- loss_pos: 1.29181
  |- fk_loss: 3.81291
  |- smoothness_loss: 0.37800
LR: 0.000050
Hole frames in this epoch: [4, 16]

Epoch 83 | Train Loss: 0.78964 | Val Loss: 0.93663
Train Loss Components:
  |- loss_rot: 0.16820
  |- loss_pos: 0.53525
  |- fk_loss: 2.74071
  |- smoothness_loss: 1.92747
Val Loss Components:
  |- loss_rot: 0.17058
  |- loss_pos: 1.30931
  |- fk_loss: 3.86086
  |- smoothness_loss: 0.45794
LR: 0.000050
Hole frames in this epoch: [4, 16]

Epoch 84 | Train Loss: 0.75984 | Val Loss: 0.93321
Train Loss Components:
  |- loss_rot: 0.16359
  |- loss_pos: 0.97471
  |- fk_loss: 3.19853
  |- smoothness_loss: 2.08533
Val Loss Components:
  |- loss_rot: 0.16919
  |- loss_pos: 1.31309
  |- fk_loss: 3.76540
  |- smoothness_loss: 0.42843
LR: 0.000050
Hole frames in this epoch: [4, 16]

Epoch 85 | Train Loss: 0.74758 | Val Loss: 0.94073
Train Loss Components:
  |- loss_rot: 0.16135
  |- loss_pos: 0.57866
  |- fk_loss: 2.62946
  |- smoothness_loss: 1.82515
Val Loss Components:
  |- loss_rot: 0.16781
  |- loss_pos: 1.37396
  |- fk_loss: 3.72294
  |- smoothness_loss: 0.36003
LR: 0.000050
Hole frames in this epoch: [4, 16]

Epoch 86 | Train Loss: 0.73542 | Val Loss: 0.89296
Train Loss Components:
  |- loss_rot: 0.15523
  |- loss_pos: 0.38125
  |- fk_loss: 2.29903
  |- smoothness_loss: 2.06129
Val Loss Components:
  |- loss_rot: 0.16621
  |- loss_pos: 1.29338
  |- fk_loss: 3.65140
  |- smoothness_loss: 0.36507
LR: 0.000050
Hole frames in this epoch: [4, 16]

Epoch 87 | Train Loss: 0.75506 | Val Loss: 0.91062
Train Loss Components:
  |- loss_rot: 0.15792
  |- loss_pos: 0.60983
  |- fk_loss: 2.66432
  |- smoothness_loss: 1.88481
Val Loss Components:
  |- loss_rot: 0.16508
  |- loss_pos: 1.30023
  |- fk_loss: 3.66607
  |- smoothness_loss: 0.50397
LR: 0.000050
Hole frames in this epoch: [4, 16]

Epoch 88 | Train Loss: 0.73223 | Val Loss: 0.89762
Train Loss Components:
  |- loss_rot: 0.15503
  |- loss_pos: 0.36398
  |- fk_loss: 2.28032
  |- smoothness_loss: 1.79856
Val Loss Components:
  |- loss_rot: 0.16449
  |- loss_pos: 1.28630
  |- fk_loss: 3.62504
  |- smoothness_loss: 0.44392
LR: 0.000050
Hole frames in this epoch: [4, 16]

Epoch 89 | Train Loss: 0.72665 | Val Loss: 0.89726
Train Loss Components:
  |- loss_rot: 0.16530
  |- loss_pos: 0.90398
  |- fk_loss: 3.17735
  |- smoothness_loss: 1.91530
Val Loss Components:
  |- loss_rot: 0.16434
  |- loss_pos: 1.26698
  |- fk_loss: 3.61344
  |- smoothness_loss: 0.40531
LR: 0.000050
Hole frames in this epoch: [4, 16]

Epoch 90 | Train Loss: 0.73625 | Val Loss: 0.88589
Train Loss Components:
  |- loss_rot: 0.15647
  |- loss_pos: 0.54925
  |- fk_loss: 2.54571
  |- smoothness_loss: 1.72902
Val Loss Components:
  |- loss_rot: 0.16297
  |- loss_pos: 1.28607
  |- fk_loss: 3.59575
  |- smoothness_loss: 0.37284
LR: 0.000050
Hole frames in this epoch: [4, 16]

Epoch 91 | Train Loss: 0.73483 | Val Loss: 0.91774
Train Loss Components:
  |- loss_rot: 0.15145
  |- loss_pos: 0.71784
  |- fk_loss: 2.66978
  |- smoothness_loss: 1.84583
Val Loss Components:
  |- loss_rot: 0.16191
  |- loss_pos: 1.26463
  |- fk_loss: 3.71033
  |- smoothness_loss: 0.42192
LR: 0.000050
Hole frames in this epoch: [4, 16]

Epoch 92 | Train Loss: 0.74431 | Val Loss: 0.90907
Train Loss Components:
  |- loss_rot: 0.15606
  |- loss_pos: 1.18594
  |- fk_loss: 3.52963
  |- smoothness_loss: 1.99588
Val Loss Components:
  |- loss_rot: 0.16337
  |- loss_pos: 1.29059
  |- fk_loss: 3.67303
  |- smoothness_loss: 0.38150
LR: 0.000050
Hole frames in this epoch: [4, 16]

Epoch 93 | Train Loss: 0.71881 | Val Loss: 0.87176
Train Loss Components:
  |- loss_rot: 0.15033
  |- loss_pos: 0.41288
  |- fk_loss: 2.33782
  |- smoothness_loss: 1.68179
Val Loss Components:
  |- loss_rot: 0.16157
  |- loss_pos: 1.26184
  |- fk_loss: 3.53072
  |- smoothness_loss: 0.42645
LR: 0.000050
Hole frames in this epoch: [4, 16]

Epoch 94 | Train Loss: 0.69016 | Val Loss: 0.86999
Train Loss Components:
  |- loss_rot: 0.15693
  |- loss_pos: 1.08353
  |- fk_loss: 3.35932
  |- smoothness_loss: 1.89912
Val Loss Components:
  |- loss_rot: 0.16292
  |- loss_pos: 1.25019
  |- fk_loss: 3.55323
  |- smoothness_loss: 0.35470
LR: 0.000050
Hole frames in this epoch: [4, 16]

Epoch 95 | Train Loss: 0.71815 | Val Loss: 0.85160
Train Loss Components:
  |- loss_rot: 0.15789
  |- loss_pos: 0.72549
  |- fk_loss: 2.80908
  |- smoothness_loss: 1.83166
Val Loss Components:
  |- loss_rot: 0.15993
  |- loss_pos: 1.24000
  |- fk_loss: 3.42006
  |- smoothness_loss: 0.32334
LR: 0.000050
Hole frames in this epoch: [4, 16]

Epoch 96 | Train Loss: 0.70075 | Val Loss: 0.88902
Train Loss Components:
  |- loss_rot: 0.15131
  |- loss_pos: 0.50435
  |- fk_loss: 2.35499
  |- smoothness_loss: 1.72695
Val Loss Components:
  |- loss_rot: 0.16144
  |- loss_pos: 1.29694
  |- fk_loss: 3.52256
  |- smoothness_loss: 0.33893
LR: 0.000050
Hole frames in this epoch: [4, 16]

Epoch 97 | Train Loss: 0.70782 | Val Loss: 0.90698
Train Loss Components:
  |- loss_rot: 0.14566
  |- loss_pos: 0.47384
  |- fk_loss: 2.14245
  |- smoothness_loss: 1.80355
Val Loss Components:
  |- loss_rot: 0.15917
  |- loss_pos: 1.31760
  |- fk_loss: 3.53955
  |- smoothness_loss: 0.46629
LR: 0.000050
Hole frames in this epoch: [4, 16]

Epoch 98 | Train Loss: 0.69455 | Val Loss: 0.86750
Train Loss Components:
  |- loss_rot: 0.14395
  |- loss_pos: 0.56067
  |- fk_loss: 2.57603
  |- smoothness_loss: 1.93440
Val Loss Components:
  |- loss_rot: 0.15529
  |- loss_pos: 1.22914
  |- fk_loss: 3.49690
  |- smoothness_loss: 0.40811
LR: 0.000050
Hole frames in this epoch: [4, 16]

Epoch 99 | Train Loss: 0.69689 | Val Loss: 0.84331
Train Loss Components:
  |- loss_rot: 0.15087
  |- loss_pos: 0.72094
  |- fk_loss: 2.61456
  |- smoothness_loss: 1.80547
Val Loss Components:
  |- loss_rot: 0.15746
  |- loss_pos: 1.20643
  |- fk_loss: 3.37307
  |- smoothness_loss: 0.38442
LR: 0.000050
Hole frames in this epoch: [4, 16]

Epoch 100 | Train Loss: 0.88204 | Val Loss: 0.86801
Train Loss Components:
  |- loss_rot: 0.14678
  |- loss_pos: 0.70232
  |- fk_loss: 2.69283
  |- smoothness_loss: 1.70673
Val Loss Components:
  |- loss_rot: 0.15919
  |- loss_pos: 1.25054
  |- fk_loss: 3.55209
  |- smoothness_loss: 0.37443
LR: 0.000050
Hole frames in this epoch: [4, 16]

Epoch 101 | Train Loss: 0.71284 | Val Loss: 0.85966
Train Loss Components:
  |- loss_rot: 0.14649
  |- loss_pos: 0.52858
  |- fk_loss: 2.40774
  |- smoothness_loss: 1.93111
Val Loss Components:
  |- loss_rot: 0.15704
  |- loss_pos: 1.23854
  |- fk_loss: 3.41223
  |- smoothness_loss: 0.43476
LR: 0.000050
Hole frames in this epoch: [4, 16]

Epoch 102 | Train Loss: 0.68276 | Val Loss: 0.84545
Train Loss Components:
  |- loss_rot: 0.14539
  |- loss_pos: 0.58545
  |- fk_loss: 2.41630
  |- smoothness_loss: 1.70101
Val Loss Components:
  |- loss_rot: 0.15598
  |- loss_pos: 1.22092
  |- fk_loss: 3.36134
  |- smoothness_loss: 0.45339
LR: 0.000050
Hole frames in this epoch: [4, 16]

Epoch 103 | Train Loss: 0.68212 | Val Loss: 0.85354
Train Loss Components:
  |- loss_rot: 0.14772
  |- loss_pos: 0.42186
  |- fk_loss: 2.16261
  |- smoothness_loss: 1.90689
Val Loss Components:
  |- loss_rot: 0.15619
  |- loss_pos: 1.25215
  |- fk_loss: 3.35974
  |- smoothness_loss: 0.33742
LR: 0.000050
Hole frames in this epoch: [4, 16]

Epoch 104 | Train Loss: 0.67340 | Val Loss: 0.86326
Train Loss Components:
  |- loss_rot: 0.14784
  |- loss_pos: 0.44534
  |- fk_loss: 2.15995
  |- smoothness_loss: 1.92916
Val Loss Components:
  |- loss_rot: 0.15598
  |- loss_pos: 1.25792
  |- fk_loss: 3.35872
  |- smoothness_loss: 0.35390
LR: 0.000050
Hole frames in this epoch: [4, 16]

Epoch 105 | Train Loss: 0.65944 | Val Loss: 0.84332
Train Loss Components:
  |- loss_rot: 0.14403
  |- loss_pos: 0.53880
  |- fk_loss: 2.25088
  |- smoothness_loss: 1.84621
Val Loss Components:
  |- loss_rot: 0.15510
  |- loss_pos: 1.17425
  |- fk_loss: 3.29634
  |- smoothness_loss: 0.37051
LR: 0.000050
Hole frames in this epoch: [4, 16]

Epoch 106 | Train Loss: 0.63673 | Val Loss: 0.80067
Train Loss Components:
  |- loss_rot: 0.14236
  |- loss_pos: 0.51939
  |- fk_loss: 2.35556
  |- smoothness_loss: 1.66812
Val Loss Components:
  |- loss_rot: 0.15462
  |- loss_pos: 1.14203
  |- fk_loss: 3.22814
  |- smoothness_loss: 0.33063
LR: 0.000025
Hole frames in this epoch: [4, 16]

Epoch 107 | Train Loss: 0.62183 | Val Loss: 0.79998
Train Loss Components:
  |- loss_rot: 0.14776
  |- loss_pos: 1.08177
  |- fk_loss: 2.96992
  |- smoothness_loss: 1.90013
Val Loss Components:
  |- loss_rot: 0.15444
  |- loss_pos: 1.15257
  |- fk_loss: 3.23513
  |- smoothness_loss: 0.31960
LR: 0.000025
Hole frames in this epoch: [4, 16]

Epoch 108 | Train Loss: 0.62682 | Val Loss: 0.79919
Train Loss Components:
  |- loss_rot: 0.14642
  |- loss_pos: 0.66870
  |- fk_loss: 2.51278
  |- smoothness_loss: 1.81329
Val Loss Components:
  |- loss_rot: 0.15414
  |- loss_pos: 1.14102
  |- fk_loss: 3.21182
  |- smoothness_loss: 0.30517
LR: 0.000025
Hole frames in this epoch: [4, 16]

Epoch 109 | Train Loss: 0.63640 | Val Loss: 0.79639
Train Loss Components:
  |- loss_rot: 0.14780
  |- loss_pos: 0.52000
  |- fk_loss: 2.35439
  |- smoothness_loss: 1.52415
Val Loss Components:
  |- loss_rot: 0.15393
  |- loss_pos: 1.15773
  |- fk_loss: 3.21356
  |- smoothness_loss: 0.35870
LR: 0.000025
Hole frames in this epoch: [4, 16]

Epoch 110 | Train Loss: 0.68634 | Val Loss: 0.80515
Train Loss Components:
  |- loss_rot: 0.14980
  |- loss_pos: 1.19328
  |- fk_loss: 3.26168
  |- smoothness_loss: 1.99987
Val Loss Components:
  |- loss_rot: 0.15483
  |- loss_pos: 1.12723
  |- fk_loss: 3.32225
  |- smoothness_loss: 0.32263
LR: 0.000025
Hole frames in this epoch: [4, 16]

Epoch 111 | Train Loss: 0.65946 | Val Loss: 0.80256
Train Loss Components:
  |- loss_rot: 0.14613
  |- loss_pos: 0.77570
  |- fk_loss: 2.63084
  |- smoothness_loss: 1.73660
Val Loss Components:
  |- loss_rot: 0.15370
  |- loss_pos: 1.16018
  |- fk_loss: 3.24654
  |- smoothness_loss: 0.35593
LR: 0.000025
Hole frames in this epoch: [4, 16]

Epoch 112 | Train Loss: 0.64005 | Val Loss: 0.80462
Train Loss Components:
  |- loss_rot: 0.13945
  |- loss_pos: 0.63568
  |- fk_loss: 2.52941
  |- smoothness_loss: 1.61846
Val Loss Components:
  |- loss_rot: 0.14946
  |- loss_pos: 1.15742
  |- fk_loss: 3.31756
  |- smoothness_loss: 0.32205
LR: 0.000025
Hole frames in this epoch: [4, 16]

Epoch 113 | Train Loss: 0.62686 | Val Loss: 0.79713
Train Loss Components:
  |- loss_rot: 0.14690
  |- loss_pos: 0.68642
  |- fk_loss: 2.59799
  |- smoothness_loss: 1.74994
Val Loss Components:
  |- loss_rot: 0.15134
  |- loss_pos: 1.19921
  |- fk_loss: 3.22599
  |- smoothness_loss: 0.30497
LR: 0.000025
Hole frames in this epoch: [4, 16]

Epoch 114 | Train Loss: 0.65432 | Val Loss: 0.79282
Train Loss Components:
  |- loss_rot: 0.14096
  |- loss_pos: 0.56117
  |- fk_loss: 2.23844
  |- smoothness_loss: 1.39139
Val Loss Components:
  |- loss_rot: 0.15231
  |- loss_pos: 1.15261
  |- fk_loss: 3.19093
  |- smoothness_loss: 0.30556
LR: 0.000025
Hole frames in this epoch: [4, 16]

Epoch 115 | Train Loss: 0.62621 | Val Loss: 0.80533
Train Loss Components:
  |- loss_rot: 0.14828
  |- loss_pos: 0.96245
  |- fk_loss: 3.11873
  |- smoothness_loss: 1.71698
Val Loss Components:
  |- loss_rot: 0.15283
  |- loss_pos: 1.13803
  |- fk_loss: 3.35370
  |- smoothness_loss: 0.35492
LR: 0.000025
Hole frames in this epoch: [4, 16]

Epoch 116 | Train Loss: 0.64358 | Val Loss: 0.78154
Train Loss Components:
  |- loss_rot: 0.14899
  |- loss_pos: 0.50567
  |- fk_loss: 2.32224
  |- smoothness_loss: 1.74056
Val Loss Components:
  |- loss_rot: 0.15207
  |- loss_pos: 1.12884
  |- fk_loss: 3.16614
  |- smoothness_loss: 0.35624
LR: 0.000025
Hole frames in this epoch: [4, 16]

Epoch 117 | Train Loss: 0.61086 | Val Loss: 0.77542
Train Loss Components:
  |- loss_rot: 0.14117
  |- loss_pos: 0.70026
  |- fk_loss: 2.43310
  |- smoothness_loss: 1.43913
Val Loss Components:
  |- loss_rot: 0.15128
  |- loss_pos: 1.11340
  |- fk_loss: 3.12298
  |- smoothness_loss: 0.30919
LR: 0.000025
Hole frames in this epoch: [4, 16]

Epoch 118 | Train Loss: 0.61666 | Val Loss: 0.77652
Train Loss Components:
  |- loss_rot: 0.14053
  |- loss_pos: 0.65049
  |- fk_loss: 2.45171
  |- smoothness_loss: 1.61341
Val Loss Components:
  |- loss_rot: 0.15051
  |- loss_pos: 1.10961
  |- fk_loss: 3.10857
  |- smoothness_loss: 0.36086
LR: 0.000025
Hole frames in this epoch: [4, 16]

Epoch 119 | Train Loss: 0.61209 | Val Loss: 0.77766
Train Loss Components:
  |- loss_rot: 0.14676
  |- loss_pos: 0.88053
  |- fk_loss: 2.88131
  |- smoothness_loss: 1.66063
Val Loss Components:
  |- loss_rot: 0.15039
  |- loss_pos: 1.10378
  |- fk_loss: 3.12182
  |- smoothness_loss: 0.34573
LR: 0.000025
Hole frames in this epoch: [4, 16]

Epoch 120 | Train Loss: 0.62660 | Val Loss: 0.99215
Train Loss Components:
  |- loss_rot: 0.15353
  |- loss_pos: 0.91923
  |- fk_loss: 3.66855
  |- smoothness_loss: 2.21804
Val Loss Components:
  |- loss_rot: 0.16605
  |- loss_pos: 1.21933
  |- fk_loss: 4.33004
  |- smoothness_loss: 0.58938
LR: 0.000025
Hole frames in this epoch: [4, 16]

Epoch 121 | Train Loss: 0.65305 | Val Loss: 0.78689
Train Loss Components:
  |- loss_rot: 0.13600
  |- loss_pos: 0.55495
  |- fk_loss: 2.24706
  |- smoothness_loss: 1.47344
Val Loss Components:
  |- loss_rot: 0.14940
  |- loss_pos: 1.09357
  |- fk_loss: 3.24826
  |- smoothness_loss: 0.33285
LR: 0.000025
Hole frames in this epoch: [4, 16]

Epoch 122 | Train Loss: 0.62785 | Val Loss: 0.78218
Train Loss Components:
  |- loss_rot: 0.14421
  |- loss_pos: 0.76875
  |- fk_loss: 2.64395
  |- smoothness_loss: 1.65399
Val Loss Components:
  |- loss_rot: 0.15003
  |- loss_pos: 1.10305
  |- fk_loss: 3.10197
  |- smoothness_loss: 0.30661
LR: 0.000025
Hole frames in this epoch: [4, 16]

Epoch 123 | Train Loss: 0.60455 | Val Loss: 0.84426
Train Loss Components:
  |- loss_rot: 0.13452
  |- loss_pos: 0.39651
  |- fk_loss: 2.19214
  |- smoothness_loss: 1.83465
Val Loss Components:
  |- loss_rot: 0.15360
  |- loss_pos: 1.14299
  |- fk_loss: 3.43175
  |- smoothness_loss: 0.39259
LR: 0.000025
Hole frames in this epoch: [4, 16]

Epoch 124 | Train Loss: 0.61003 | Val Loss: 0.75732
Train Loss Components:
  |- loss_rot: 0.14534
  |- loss_pos: 0.78997
  |- fk_loss: 2.63927
  |- smoothness_loss: 1.69474
Val Loss Components:
  |- loss_rot: 0.14934
  |- loss_pos: 1.06449
  |- fk_loss: 3.04772
  |- smoothness_loss: 0.29029
LR: 0.000013
Hole frames in this epoch: [4, 16]

Epoch 125 | Train Loss: 0.59393 | Val Loss: 0.76619
Train Loss Components:
  |- loss_rot: 0.13971
  |- loss_pos: 0.43133
  |- fk_loss: 2.00370
  |- smoothness_loss: 1.44255
Val Loss Components:
  |- loss_rot: 0.14833
  |- loss_pos: 1.05917
  |- fk_loss: 3.04854
  |- smoothness_loss: 0.29825
LR: 0.000013
Hole frames in this epoch: [4, 16]

Epoch 126 | Train Loss: 0.58822 | Val Loss: 0.75843
Train Loss Components:
  |- loss_rot: 0.13725
  |- loss_pos: 0.40301
  |- fk_loss: 1.96470
  |- smoothness_loss: 1.48856
Val Loss Components:
  |- loss_rot: 0.14791
  |- loss_pos: 1.06813
  |- fk_loss: 3.05697
  |- smoothness_loss: 0.31587
LR: 0.000013
Hole frames in this epoch: [4, 16]

Epoch 127 | Train Loss: 0.60226 | Val Loss: 0.82546
Train Loss Components:
  |- loss_rot: 0.13426
  |- loss_pos: 0.36717
  |- fk_loss: 2.37031
  |- smoothness_loss: 1.78997
Val Loss Components:
  |- loss_rot: 0.14351
  |- loss_pos: 1.12917
  |- fk_loss: 3.77623
  |- smoothness_loss: 0.36745
LR: 0.000013
Hole frames in this epoch: [4, 16]

Epoch 128 | Train Loss: 0.60477 | Val Loss: 0.75873
Train Loss Components:
  |- loss_rot: 0.14019
  |- loss_pos: 0.88223
  |- fk_loss: 2.87411
  |- smoothness_loss: 1.60175
Val Loss Components:
  |- loss_rot: 0.14675
  |- loss_pos: 1.07493
  |- fk_loss: 3.03252
  |- smoothness_loss: 0.29546
LR: 0.000013
Hole frames in this epoch: [4, 16]

Epoch 129 | Train Loss: 0.57868 | Val Loss: 0.76453
Train Loss Components:
  |- loss_rot: 0.14119
  |- loss_pos: 0.92195
  |- fk_loss: 2.71137
  |- smoothness_loss: 1.63962
Val Loss Components:
  |- loss_rot: 0.14497
  |- loss_pos: 1.06032
  |- fk_loss: 3.09237
  |- smoothness_loss: 0.31520
LR: 0.000013
Hole frames in this epoch: [4, 16]

Epoch 130 | Train Loss: 0.58121 | Val Loss: 0.75840
Train Loss Components:
  |- loss_rot: 0.13689
  |- loss_pos: 0.87633
  |- fk_loss: 2.58188
  |- smoothness_loss: 1.62976
Val Loss Components:
  |- loss_rot: 0.14585
  |- loss_pos: 1.09209
  |- fk_loss: 3.06197
  |- smoothness_loss: 0.32974
LR: 0.000013
Hole frames in this epoch: [4, 16]

Epoch 131 | Train Loss: 0.57415 | Val Loss: 0.74835
Train Loss Components:
  |- loss_rot: 0.13296
  |- loss_pos: 0.43095
  |- fk_loss: 1.86370
  |- smoothness_loss: 1.46929
Val Loss Components:
  |- loss_rot: 0.14689
  |- loss_pos: 1.06839
  |- fk_loss: 2.97825
  |- smoothness_loss: 0.30402
LR: 0.000006
Hole frames in this epoch: [4, 16]

Epoch 132 | Train Loss: 0.56370 | Val Loss: 0.74487
Train Loss Components:
  |- loss_rot: 0.13610
  |- loss_pos: 0.57139
  |- fk_loss: 2.27215
  |- smoothness_loss: 1.54814
Val Loss Components:
  |- loss_rot: 0.14687
  |- loss_pos: 1.04999
  |- fk_loss: 2.98184
  |- smoothness_loss: 0.28745
LR: 0.000006
Hole frames in this epoch: [4, 16]

Epoch 133 | Train Loss: 0.56488 | Val Loss: 0.74723
Train Loss Components:
  |- loss_rot: 0.13406
  |- loss_pos: 0.44582
  |- fk_loss: 1.97209
  |- smoothness_loss: 1.46678
Val Loss Components:
  |- loss_rot: 0.14731
  |- loss_pos: 1.05512
  |- fk_loss: 2.97339
  |- smoothness_loss: 0.28926
LR: 0.000006
Hole frames in this epoch: [4, 16]

Epoch 134 | Train Loss: 0.57384 | Val Loss: 0.75286
Train Loss Components:
  |- loss_rot: 0.13904
  |- loss_pos: 0.47545
  |- fk_loss: 2.13023
  |- smoothness_loss: 1.43827
Val Loss Components:
  |- loss_rot: 0.14587
  |- loss_pos: 1.04975
  |- fk_loss: 3.08013
  |- smoothness_loss: 0.32887
LR: 0.000006
Hole frames in this epoch: [4, 16]

Epoch 135 | Train Loss: 0.57500 | Val Loss: 0.74583
Train Loss Components:
  |- loss_rot: 0.14339
  |- loss_pos: 0.76837
  |- fk_loss: 2.45489
  |- smoothness_loss: 1.59788
Val Loss Components:
  |- loss_rot: 0.14662
  |- loss_pos: 1.05678
  |- fk_loss: 2.96410
  |- smoothness_loss: 0.30829
LR: 0.000006
Hole frames in this epoch: [4, 16]

Epoch 136 | Train Loss: 0.56416 | Val Loss: 0.74568
Train Loss Components:
  |- loss_rot: 0.14374
  |- loss_pos: 0.80584
  |- fk_loss: 2.77210
  |- smoothness_loss: 1.65579
Val Loss Components:
  |- loss_rot: 0.14655
  |- loss_pos: 1.05265
  |- fk_loss: 2.94642
  |- smoothness_loss: 0.30358
LR: 0.000006
Hole frames in this epoch: [4, 16]

Epoch 137 | Train Loss: 0.55386 | Val Loss: 0.74220
Train Loss Components:
  |- loss_rot: 0.14378
  |- loss_pos: 0.98424
  |- fk_loss: 2.86003
  |- smoothness_loss: 1.58302
Val Loss Components:
  |- loss_rot: 0.14702
  |- loss_pos: 1.04240
  |- fk_loss: 2.95980
  |- smoothness_loss: 0.29964
LR: 0.000006
Hole frames in this epoch: [4, 16]

Epoch 138 | Train Loss: 0.56836 | Val Loss: 0.74470
Train Loss Components:
  |- loss_rot: 0.12966
  |- loss_pos: 0.29973
  |- fk_loss: 1.67275
  |- smoothness_loss: 1.56024
Val Loss Components:
  |- loss_rot: 0.14378
  |- loss_pos: 1.05535
  |- fk_loss: 3.07320
  |- smoothness_loss: 0.30738
LR: 0.000006
Hole frames in this epoch: [4, 16]

Epoch 139 | Train Loss: 0.56769 | Val Loss: 0.74122
Train Loss Components:
  |- loss_rot: 0.13381
  |- loss_pos: 0.33912
  |- fk_loss: 1.81266
  |- smoothness_loss: 1.47459
Val Loss Components:
  |- loss_rot: 0.14573
  |- loss_pos: 1.05498
  |- fk_loss: 2.97512
  |- smoothness_loss: 0.28013
LR: 0.000006
Hole frames in this epoch: [4, 16]

Epoch 140 | Train Loss: 0.56491 | Val Loss: 0.74322
Train Loss Components:
  |- loss_rot: 0.14454
  |- loss_pos: 0.62940
  |- fk_loss: 2.42794
  |- smoothness_loss: 1.58949
Val Loss Components:
  |- loss_rot: 0.14600
  |- loss_pos: 1.05240
  |- fk_loss: 2.97657
  |- smoothness_loss: 0.29701
LR: 0.000006
Hole frames in this epoch: [4, 16]

Epoch 141 | Train Loss: 0.56121 | Val Loss: 0.73826
Train Loss Components:
  |- loss_rot: 0.13975
  |- loss_pos: 0.79391
  |- fk_loss: 2.53043
  |- smoothness_loss: 1.39682
Val Loss Components:
  |- loss_rot: 0.14526
  |- loss_pos: 1.04150
  |- fk_loss: 2.95895
  |- smoothness_loss: 0.28440
LR: 0.000006
Hole frames in this epoch: [4, 16]

Epoch 142 | Train Loss: 0.56963 | Val Loss: 0.73484
Train Loss Components:
  |- loss_rot: 0.14195
  |- loss_pos: 0.86880
  |- fk_loss: 2.50467
  |- smoothness_loss: 1.70201
Val Loss Components:
  |- loss_rot: 0.14527
  |- loss_pos: 1.03735
  |- fk_loss: 2.94990
  |- smoothness_loss: 0.28599
LR: 0.000006
Hole frames in this epoch: [4, 16]

Epoch 143 | Train Loss: 0.55046 | Val Loss: 0.74086
Train Loss Components:
  |- loss_rot: 0.12502
  |- loss_pos: 0.36059
  |- fk_loss: 1.59553
  |- smoothness_loss: 1.29075
Val Loss Components:
  |- loss_rot: 0.14517
  |- loss_pos: 1.05561
  |- fk_loss: 2.96723
  |- smoothness_loss: 0.28729
LR: 0.000006
Hole frames in this epoch: [4, 16]

Epoch 144 | Train Loss: 0.55754 | Val Loss: 0.73888
Train Loss Components:
  |- loss_rot: 0.13240
  |- loss_pos: 0.38856
  |- fk_loss: 1.79914
  |- smoothness_loss: 1.38555
Val Loss Components:
  |- loss_rot: 0.14501
  |- loss_pos: 1.04093
  |- fk_loss: 2.93766
  |- smoothness_loss: 0.30077
LR: 0.000006
Hole frames in this epoch: [4, 16]

Epoch 145 | Train Loss: 0.57063 | Val Loss: 0.73482
Train Loss Components:
  |- loss_rot: 0.13590
  |- loss_pos: 0.53295
  |- fk_loss: 2.17695
  |- smoothness_loss: 1.54022
Val Loss Components:
  |- loss_rot: 0.14397
  |- loss_pos: 1.03920
  |- fk_loss: 2.95168
  |- smoothness_loss: 0.28892
LR: 0.000006
Hole frames in this epoch: [4, 16]

Epoch 146 | Train Loss: 0.57433 | Val Loss: 0.73672
Train Loss Components:
  |- loss_rot: 0.14157
  |- loss_pos: 0.56283
  |- fk_loss: 2.22429
  |- smoothness_loss: 1.49196
Val Loss Components:
  |- loss_rot: 0.14534
  |- loss_pos: 1.04314
  |- fk_loss: 2.94529
  |- smoothness_loss: 0.28687
LR: 0.000006
Hole frames in this epoch: [4, 16]

Epoch 147 | Train Loss: 0.56221 | Val Loss: 0.73536
Train Loss Components:
  |- loss_rot: 0.12972
  |- loss_pos: 0.56042
  |- fk_loss: 2.10503
  |- smoothness_loss: 1.33811
Val Loss Components:
  |- loss_rot: 0.14470
  |- loss_pos: 1.03494
  |- fk_loss: 2.92062
  |- smoothness_loss: 0.29328
LR: 0.000006
Hole frames in this epoch: [4, 16]

Epoch 148 | Train Loss: 0.55577 | Val Loss: 0.73347
Train Loss Components:
  |- loss_rot: 0.13459
  |- loss_pos: 0.45534
  |- fk_loss: 2.04576
  |- smoothness_loss: 1.41545
Val Loss Components:
  |- loss_rot: 0.14481
  |- loss_pos: 1.03895
  |- fk_loss: 2.92733
  |- smoothness_loss: 0.30178
LR: 0.000006
Hole frames in this epoch: [4, 16]

Epoch 149 | Train Loss: 0.55626 | Val Loss: 0.73727
Train Loss Components:
  |- loss_rot: 0.13505
  |- loss_pos: 0.57105
  |- fk_loss: 2.22784
  |- smoothness_loss: 1.48801
Val Loss Components:
  |- loss_rot: 0.14327
  |- loss_pos: 1.03365
  |- fk_loss: 2.99986
  |- smoothness_loss: 0.30319
LR: 0.000006
Hole frames in this epoch: [4, 16]

Epoch 150 | Train Loss: 0.54995 | Val Loss: 0.73592
Train Loss Components:
  |- loss_rot: 0.14300
  |- loss_pos: 0.43654
  |- fk_loss: 2.03995
  |- smoothness_loss: 1.42444
Val Loss Components:
  |- loss_rot: 0.14583
  |- loss_pos: 1.03809
  |- fk_loss: 2.94087
  |- smoothness_loss: 0.28691
LR: 0.000006
Hole frames in this epoch: [4, 16]

Epoch 151 | Train Loss: 0.55977 | Val Loss: 0.73305
Train Loss Components:
  |- loss_rot: 0.13269
  |- loss_pos: 0.31649
  |- fk_loss: 1.77499
  |- smoothness_loss: 1.41067
Val Loss Components:
  |- loss_rot: 0.14481
  |- loss_pos: 1.03007
  |- fk_loss: 2.91820
  |- smoothness_loss: 0.28921
LR: 0.000006
Hole frames in this epoch: [4, 16]

Epoch 152 | Train Loss: 0.55308 | Val Loss: 0.74032
Train Loss Components:
  |- loss_rot: 0.14039
  |- loss_pos: 1.29632
  |- fk_loss: 2.96075
  |- smoothness_loss: 1.70780
Val Loss Components:
  |- loss_rot: 0.14349
  |- loss_pos: 1.04127
  |- fk_loss: 2.94447
  |- smoothness_loss: 0.29449
LR: 0.000006
Hole frames in this epoch: [4, 16]

Epoch 153 | Train Loss: 0.55254 | Val Loss: 0.73234
Train Loss Components:
  |- loss_rot: 0.12947
  |- loss_pos: 0.32987
  |- fk_loss: 1.68121
  |- smoothness_loss: 1.42842
Val Loss Components:
  |- loss_rot: 0.14433
  |- loss_pos: 1.03421
  |- fk_loss: 2.90952
  |- smoothness_loss: 0.29689
LR: 0.000006
Hole frames in this epoch: [4, 16]

Epoch 154 | Train Loss: 0.55546 | Val Loss: 0.73309
Train Loss Components:
  |- loss_rot: 0.13428
  |- loss_pos: 0.43372
  |- fk_loss: 1.90751
  |- smoothness_loss: 1.46181
Val Loss Components:
  |- loss_rot: 0.14422
  |- loss_pos: 1.03620
  |- fk_loss: 2.90568
  |- smoothness_loss: 0.28927
LR: 0.000006
Hole frames in this epoch: [4, 16]

Epoch 155 | Train Loss: 0.56653 | Val Loss: 0.72533
Train Loss Components:
  |- loss_rot: 0.13260
  |- loss_pos: 0.43846
  |- fk_loss: 1.89295
  |- smoothness_loss: 1.36845
Val Loss Components:
  |- loss_rot: 0.14405
  |- loss_pos: 1.03526
  |- fk_loss: 2.89317
  |- smoothness_loss: 0.28757
LR: 0.000006
Hole frames in this epoch: [4, 16]

Epoch 156 | Train Loss: 0.56417 | Val Loss: 0.73027
Train Loss Components:
  |- loss_rot: 0.14069
  |- loss_pos: 0.54552
  |- fk_loss: 2.15544
  |- smoothness_loss: 1.38348
Val Loss Components:
  |- loss_rot: 0.14528
  |- loss_pos: 1.02835
  |- fk_loss: 2.90189
  |- smoothness_loss: 0.29084
LR: 0.000006
Hole frames in this epoch: [4, 16]

Epoch 157 | Train Loss: 0.54848 | Val Loss: 0.72935
Train Loss Components:
  |- loss_rot: 0.13438
  |- loss_pos: 0.55949
  |- fk_loss: 2.09212
  |- smoothness_loss: 1.42293
Val Loss Components:
  |- loss_rot: 0.14437
  |- loss_pos: 1.02723
  |- fk_loss: 2.89077
  |- smoothness_loss: 0.28461
LR: 0.000006
Hole frames in this epoch: [4, 16]

Epoch 158 | Train Loss: 0.55567 | Val Loss: 0.73222
Train Loss Components:
  |- loss_rot: 0.14338
  |- loss_pos: 1.00408
  |- fk_loss: 2.86593
  |- smoothness_loss: 1.77634
Val Loss Components:
  |- loss_rot: 0.14491
  |- loss_pos: 1.02118
  |- fk_loss: 2.89329
  |- smoothness_loss: 0.30106
LR: 0.000006
Hole frames in this epoch: [4, 16]

Epoch 159 | Train Loss: 0.55275 | Val Loss: 0.72609
Train Loss Components:
  |- loss_rot: 0.13853
  |- loss_pos: 0.71708
  |- fk_loss: 2.42499
  |- smoothness_loss: 1.51941
Val Loss Components:
  |- loss_rot: 0.14481
  |- loss_pos: 1.02848
  |- fk_loss: 2.89801
  |- smoothness_loss: 0.29156
LR: 0.000006
Hole frames in this epoch: [4, 16]

Epoch 160 | Train Loss: 0.55314 | Val Loss: 0.73764
Train Loss Components:
  |- loss_rot: 0.12988
  |- loss_pos: 0.31266
  |- fk_loss: 1.67881
  |- smoothness_loss: 1.30610
Val Loss Components:
  |- loss_rot: 0.14550
  |- loss_pos: 1.03022
  |- fk_loss: 2.92718
  |- smoothness_loss: 0.28991
LR: 0.000006
Hole frames in this epoch: [4, 16]

Epoch 161 | Train Loss: 0.55465 | Val Loss: 0.73475
Train Loss Components:
  |- loss_rot: 0.13096
  |- loss_pos: 0.40216
  |- fk_loss: 1.80405
  |- smoothness_loss: 1.30781
Val Loss Components:
  |- loss_rot: 0.14575
  |- loss_pos: 1.03917
  |- fk_loss: 2.91839
  |- smoothness_loss: 0.29584
LR: 0.000006
Hole frames in this epoch: [4, 16]

Epoch 162 | Train Loss: 0.55072 | Val Loss: 0.73094
Train Loss Components:
  |- loss_rot: 0.13544
  |- loss_pos: 0.71655
  |- fk_loss: 2.43585
  |- smoothness_loss: 1.38348
Val Loss Components:
  |- loss_rot: 0.14547
  |- loss_pos: 1.03079
  |- fk_loss: 2.92407
  |- smoothness_loss: 0.28487
LR: 0.000003
Hole frames in this epoch: [4, 16]

Epoch 163 | Train Loss: 0.55227 | Val Loss: 0.72318
Train Loss Components:
  |- loss_rot: 0.13814
  |- loss_pos: 0.33955
  |- fk_loss: 1.86539
  |- smoothness_loss: 1.45990
Val Loss Components:
  |- loss_rot: 0.14449
  |- loss_pos: 1.01198
  |- fk_loss: 2.88012
  |- smoothness_loss: 0.28125
LR: 0.000003
Hole frames in this epoch: [4, 16]

Epoch 164 | Train Loss: 0.54046 | Val Loss: 0.72453
Train Loss Components:
  |- loss_rot: 0.13549
  |- loss_pos: 0.35926
  |- fk_loss: 1.87797
  |- smoothness_loss: 1.18794
Val Loss Components:
  |- loss_rot: 0.14440
  |- loss_pos: 1.01556
  |- fk_loss: 2.87765
  |- smoothness_loss: 0.28546
LR: 0.000003
Hole frames in this epoch: [4, 16]

Epoch 165 | Train Loss: 0.53590 | Val Loss: 0.72482
Train Loss Components:
  |- loss_rot: 0.13908
  |- loss_pos: 0.87311
  |- fk_loss: 2.66981
  |- smoothness_loss: 1.66316
Val Loss Components:
  |- loss_rot: 0.14432
  |- loss_pos: 1.01498
  |- fk_loss: 2.88502
  |- smoothness_loss: 0.27500
LR: 0.000003
Hole frames in this epoch: [4, 16]

Epoch 166 | Train Loss: 0.53689 | Val Loss: 0.72392
Train Loss Components:
  |- loss_rot: 0.13121
  |- loss_pos: 0.34553
  |- fk_loss: 1.76709
  |- smoothness_loss: 1.44538
Val Loss Components:
  |- loss_rot: 0.14334
  |- loss_pos: 1.01352
  |- fk_loss: 2.89020
  |- smoothness_loss: 0.29369
LR: 0.000003
Hole frames in this epoch: [4, 16]

Epoch 167 | Train Loss: 0.55083 | Val Loss: 0.72499
Train Loss Components:
  |- loss_rot: 0.12868
  |- loss_pos: 0.30561
  |- fk_loss: 1.62214
  |- smoothness_loss: 1.38820
Val Loss Components:
  |- loss_rot: 0.14453
  |- loss_pos: 1.01234
  |- fk_loss: 2.89212
  |- smoothness_loss: 0.29130
LR: 0.000003
Hole frames in this epoch: [4, 16]

Epoch 168 | Train Loss: 0.53811 | Val Loss: 0.72369
Train Loss Components:
  |- loss_rot: 0.13850
  |- loss_pos: 0.82199
  |- fk_loss: 2.66182
  |- smoothness_loss: 1.77848
Val Loss Components:
  |- loss_rot: 0.14402
  |- loss_pos: 1.01392
  |- fk_loss: 2.88371
  |- smoothness_loss: 0.29823
LR: 0.000003
Hole frames in this epoch: [4, 16]

Epoch 169 | Train Loss: 0.54293 | Val Loss: 0.71968
Train Loss Components:
  |- loss_rot: 0.14069
  |- loss_pos: 0.35260
  |- fk_loss: 1.98552
  |- smoothness_loss: 1.52715
Val Loss Components:
  |- loss_rot: 0.14441
  |- loss_pos: 1.01556
  |- fk_loss: 2.86375
  |- smoothness_loss: 0.27626
LR: 0.000003
Hole frames in this epoch: [4, 16]

Epoch 170 | Train Loss: 0.53489 | Val Loss: 0.72343
Train Loss Components:
  |- loss_rot: 0.13317
  |- loss_pos: 1.03772
  |- fk_loss: 2.53607
  |- smoothness_loss: 1.55455
Val Loss Components:
  |- loss_rot: 0.14384
  |- loss_pos: 1.00701
  |- fk_loss: 2.87834
  |- smoothness_loss: 0.27539
LR: 0.000003
Hole frames in this epoch: [4, 16]

Epoch 171 | Train Loss: 0.54167 | Val Loss: 0.71988
Train Loss Components:
  |- loss_rot: 0.14295
  |- loss_pos: 1.22192
  |- fk_loss: 3.05049
  |- smoothness_loss: 1.79422
Val Loss Components:
  |- loss_rot: 0.14380
  |- loss_pos: 1.00984
  |- fk_loss: 2.86001
  |- smoothness_loss: 0.28136
LR: 0.000003
Hole frames in this epoch: [4, 16]

Epoch 172 | Train Loss: 0.53704 | Val Loss: 0.72344
Train Loss Components:
  |- loss_rot: 0.13930
  |- loss_pos: 0.42768
  |- fk_loss: 2.09585
  |- smoothness_loss: 1.43511
Val Loss Components:
  |- loss_rot: 0.14363
  |- loss_pos: 1.00005
  |- fk_loss: 2.88386
  |- smoothness_loss: 0.27975
LR: 0.000003
Hole frames in this epoch: [4, 16]

Epoch 173 | Train Loss: 0.54172 | Val Loss: 0.72601
Train Loss Components:
  |- loss_rot: 0.13302
  |- loss_pos: 0.38073
  |- fk_loss: 1.80771
  |- smoothness_loss: 1.30886
Val Loss Components:
  |- loss_rot: 0.14372
  |- loss_pos: 1.00714
  |- fk_loss: 2.85021
  |- smoothness_loss: 0.29469
LR: 0.000003
Hole frames in this epoch: [4, 16]

Epoch 174 | Train Loss: 0.54113 | Val Loss: 0.72091
Train Loss Components:
  |- loss_rot: 0.13045
  |- loss_pos: 0.43453
  |- fk_loss: 1.90612
  |- smoothness_loss: 1.33725
Val Loss Components:
  |- loss_rot: 0.14359
  |- loss_pos: 0.99836
  |- fk_loss: 2.85043
  |- smoothness_loss: 0.28612
LR: 0.000003
Hole frames in this epoch: [4, 16]

Epoch 175 | Train Loss: 0.54182 | Val Loss: 0.72200
Train Loss Components:
  |- loss_rot: 0.13504
  |- loss_pos: 0.49042
  |- fk_loss: 2.01935
  |- smoothness_loss: 1.34846
Val Loss Components:
  |- loss_rot: 0.14426
  |- loss_pos: 1.01149
  |- fk_loss: 2.86321
  |- smoothness_loss: 0.28611
LR: 0.000003
Hole frames in this epoch: [4, 16]

Epoch 176 | Train Loss: 0.54688 | Val Loss: 0.71933
Train Loss Components:
  |- loss_rot: 0.12973
  |- loss_pos: 0.30308
  |- fk_loss: 1.70993
  |- smoothness_loss: 1.38423
Val Loss Components:
  |- loss_rot: 0.14373
  |- loss_pos: 1.01008
  |- fk_loss: 2.87327
  |- smoothness_loss: 0.28507
LR: 0.000002
Hole frames in this epoch: [4, 16]

Epoch 177 | Train Loss: 0.53314 | Val Loss: 0.71934
Train Loss Components:
  |- loss_rot: 0.13640
  |- loss_pos: 0.58559
  |- fk_loss: 2.12354
  |- smoothness_loss: 1.67490
Val Loss Components:
  |- loss_rot: 0.14331
  |- loss_pos: 1.00218
  |- fk_loss: 2.85744
  |- smoothness_loss: 0.30211
LR: 0.000002
Hole frames in this epoch: [4, 16]

Epoch 178 | Train Loss: 0.53665 | Val Loss: 0.71766
Train Loss Components:
  |- loss_rot: 0.13441
  |- loss_pos: 0.59915
  |- fk_loss: 2.16316
  |- smoothness_loss: 1.39955
Val Loss Components:
  |- loss_rot: 0.14399
  |- loss_pos: 1.00529
  |- fk_loss: 2.85654
  |- smoothness_loss: 0.26944
LR: 0.000002
Hole frames in this epoch: [4, 16]

Epoch 179 | Train Loss: 0.53856 | Val Loss: 0.71838
Train Loss Components:
  |- loss_rot: 0.13554
  |- loss_pos: 0.43017
  |- fk_loss: 1.96795
  |- smoothness_loss: 1.43567
Val Loss Components:
  |- loss_rot: 0.14361
  |- loss_pos: 1.00462
  |- fk_loss: 2.85492
  |- smoothness_loss: 0.27607
LR: 0.000002
Hole frames in this epoch: [4, 16]

Epoch 180 | Train Loss: 0.53599 | Val Loss: 0.71645
Train Loss Components:
  |- loss_rot: 0.12869
  |- loss_pos: 0.29076
  |- fk_loss: 1.62610
  |- smoothness_loss: 1.46389
Val Loss Components:
  |- loss_rot: 0.14339
  |- loss_pos: 0.99812
  |- fk_loss: 2.85142
  |- smoothness_loss: 0.28035
LR: 0.000002
Hole frames in this epoch: [4, 16]

Epoch 181 | Train Loss: 0.53855 | Val Loss: 0.71890
Train Loss Components:
  |- loss_rot: 0.14023
  |- loss_pos: 0.51150
  |- fk_loss: 2.15777
  |- smoothness_loss: 1.53482
Val Loss Components:
  |- loss_rot: 0.14359
  |- loss_pos: 1.00177
  |- fk_loss: 2.86165
  |- smoothness_loss: 0.28694
LR: 0.000002
Hole frames in this epoch: [4, 16]

Epoch 182 | Train Loss: 0.55388 | Val Loss: 0.71743
Train Loss Components:
  |- loss_rot: 0.13984
  |- loss_pos: 1.02354
  |- fk_loss: 2.74804
  |- smoothness_loss: 1.55544
Val Loss Components:
  |- loss_rot: 0.14365
  |- loss_pos: 1.00011
  |- fk_loss: 2.86765
  |- smoothness_loss: 0.28612
LR: 0.000002
Hole frames in this epoch: [4, 16]

Epoch 183 | Train Loss: 0.53896 | Val Loss: 0.71517
Train Loss Components:
  |- loss_rot: 0.13141
  |- loss_pos: 0.25334
  |- fk_loss: 1.59865
  |- smoothness_loss: 1.35297
Val Loss Components:
  |- loss_rot: 0.14361
  |- loss_pos: 1.00129
  |- fk_loss: 2.85948
  |- smoothness_loss: 0.28091
LR: 0.000002
Hole frames in this epoch: [4, 16]

Epoch 184 | Train Loss: 0.54072 | Val Loss: 0.71779
Train Loss Components:
  |- loss_rot: 0.14279
  |- loss_pos: 0.69476
  |- fk_loss: 2.62007
  |- smoothness_loss: 1.67147
Val Loss Components:
  |- loss_rot: 0.14401
  |- loss_pos: 0.99923
  |- fk_loss: 2.85479
  |- smoothness_loss: 0.27589
LR: 0.000002
Hole frames in this epoch: [4, 16]

Epoch 185 | Train Loss: 0.54303 | Val Loss: 0.71502
Train Loss Components:
  |- loss_rot: 0.13737
  |- loss_pos: 0.51730
  |- fk_loss: 2.10196
  |- smoothness_loss: 1.36712
Val Loss Components:
  |- loss_rot: 0.14334
  |- loss_pos: 0.99593
  |- fk_loss: 2.84373
  |- smoothness_loss: 0.28853
LR: 0.000002
Hole frames in this epoch: [4, 16]

Epoch 186 | Train Loss: 0.52916 | Val Loss: 0.71530
Train Loss Components:
  |- loss_rot: 0.12858
  |- loss_pos: 0.27420
  |- fk_loss: 1.58724
  |- smoothness_loss: 1.46747
Val Loss Components:
  |- loss_rot: 0.14294
  |- loss_pos: 0.99498
  |- fk_loss: 2.84732
  |- smoothness_loss: 0.27541
LR: 0.000002
Hole frames in this epoch: [4, 16]

Epoch 187 | Train Loss: 0.53632 | Val Loss: 0.71731
Train Loss Components:
  |- loss_rot: 0.13404
  |- loss_pos: 0.48713
  |- fk_loss: 2.01150
  |- smoothness_loss: 1.53834
Val Loss Components:
  |- loss_rot: 0.14291
  |- loss_pos: 0.99711
  |- fk_loss: 2.85847
  |- smoothness_loss: 0.28677
LR: 0.000002
Hole frames in this epoch: [4, 16]

Epoch 188 | Train Loss: 0.52588 | Val Loss: 0.71772
Train Loss Components:
  |- loss_rot: 0.14041
  |- loss_pos: 0.88312
  |- fk_loss: 2.86556
  |- smoothness_loss: 1.73709
Val Loss Components:
  |- loss_rot: 0.14249
  |- loss_pos: 0.99486
  |- fk_loss: 2.85330
  |- smoothness_loss: 0.28641
LR: 0.000002
Hole frames in this epoch: [4, 16]

Epoch 189 | Train Loss: 0.54047 | Val Loss: 0.71731
Train Loss Components:
  |- loss_rot: 0.13269
  |- loss_pos: 0.34834
  |- fk_loss: 1.94099
  |- smoothness_loss: 1.30489
Val Loss Components:
  |- loss_rot: 0.14343
  |- loss_pos: 1.00591
  |- fk_loss: 2.85973
  |- smoothness_loss: 0.29045
LR: 0.000002
Hole frames in this epoch: [4, 16]

Epoch 190 | Train Loss: 0.54839 | Val Loss: 0.71695
Train Loss Components:
  |- loss_rot: 0.13069
  |- loss_pos: 0.78402
  |- fk_loss: 2.54865
  |- smoothness_loss: 1.56312
Val Loss Components:
  |- loss_rot: 0.14315
  |- loss_pos: 1.00375
  |- fk_loss: 2.85379
  |- smoothness_loss: 0.27765
LR: 0.000002
Hole frames in this epoch: [4, 16]

Epoch 191 | Train Loss: 0.52726 | Val Loss: 0.71579
Train Loss Components:
  |- loss_rot: 0.13162
  |- loss_pos: 0.59373
  |- fk_loss: 2.21160
  |- smoothness_loss: 1.28092
Val Loss Components:
  |- loss_rot: 0.14329
  |- loss_pos: 1.00038
  |- fk_loss: 2.84634
  |- smoothness_loss: 0.28196
LR: 0.000002
Hole frames in this epoch: [4, 16]

Epoch 192 | Train Loss: 0.53244 | Val Loss: 0.71480
Train Loss Components:
  |- loss_rot: 0.13640
  |- loss_pos: 0.77099
  |- fk_loss: 2.56304
  |- smoothness_loss: 1.47392
Val Loss Components:
  |- loss_rot: 0.14323
  |- loss_pos: 1.00080
  |- fk_loss: 2.83913
  |- smoothness_loss: 0.27501
LR: 0.000001
Hole frames in this epoch: [4, 16]

Epoch 193 | Train Loss: 0.54229 | Val Loss: 0.71504
Train Loss Components:
  |- loss_rot: 0.13820
  |- loss_pos: 0.53429
  |- fk_loss: 2.22311
  |- smoothness_loss: 1.46427
Val Loss Components:
  |- loss_rot: 0.14310
  |- loss_pos: 0.99901
  |- fk_loss: 2.84333
  |- smoothness_loss: 0.28410
LR: 0.000001
Hole frames in this epoch: [4, 16]

Epoch 194 | Train Loss: 0.53625 | Val Loss: 0.71499
Train Loss Components:
  |- loss_rot: 0.13202
  |- loss_pos: 0.53701
  |- fk_loss: 2.12070
  |- smoothness_loss: 1.34881
Val Loss Components:
  |- loss_rot: 0.14320
  |- loss_pos: 0.99996
  |- fk_loss: 2.84014
  |- smoothness_loss: 0.27856
LR: 0.000001
Hole frames in this epoch: [4, 16]

Epoch 195 | Train Loss: 0.53328 | Val Loss: 0.71460
Train Loss Components:
  |- loss_rot: 0.13739
  |- loss_pos: 0.54169
  |- fk_loss: 2.19308
  |- smoothness_loss: 1.33682
Val Loss Components:
  |- loss_rot: 0.14319
  |- loss_pos: 1.00185
  |- fk_loss: 2.84865
  |- smoothness_loss: 0.28668
LR: 0.000001
Hole frames in this epoch: [4, 16]

Epoch 196 | Train Loss: 0.52358 | Val Loss: 0.71268
Train Loss Components:
  |- loss_rot: 0.12947
  |- loss_pos: 0.36500
  |- fk_loss: 1.74499
  |- smoothness_loss: 1.29517
Val Loss Components:
  |- loss_rot: 0.14316
  |- loss_pos: 1.00025
  |- fk_loss: 2.84948
  |- smoothness_loss: 0.27182
LR: 0.000001
Hole frames in this epoch: [4, 16]

Epoch 197 | Train Loss: 0.53096 | Val Loss: 0.71268
Train Loss Components:
  |- loss_rot: 0.14023
  |- loss_pos: 0.36220
  |- fk_loss: 1.88321
  |- smoothness_loss: 1.51209
Val Loss Components:
  |- loss_rot: 0.14291
  |- loss_pos: 0.99696
  |- fk_loss: 2.84479
  |- smoothness_loss: 0.27779
LR: 0.000001
Hole frames in this epoch: [4, 16]

Epoch 198 | Train Loss: 0.52933 | Val Loss: 0.71393
Train Loss Components:
  |- loss_rot: 0.13366
  |- loss_pos: 0.40333
  |- fk_loss: 1.85668
  |- smoothness_loss: 1.26651
Val Loss Components:
  |- loss_rot: 0.14266
  |- loss_pos: 0.99731
  |- fk_loss: 2.84952
  |- smoothness_loss: 0.28115
LR: 0.000001
Hole frames in this epoch: [4, 16]

Epoch 199 | Train Loss: 0.52847 | Val Loss: 0.71347
Train Loss Components:
  |- loss_rot: 0.13606
  |- loss_pos: 0.31347
  |- fk_loss: 1.80672
  |- smoothness_loss: 1.49105
Val Loss Components:
  |- loss_rot: 0.14299
  |- loss_pos: 0.99800
  |- fk_loss: 2.84177
  |- smoothness_loss: 0.28788
LR: 0.000001
Hole frames in this epoch: [4, 16]

Epoch 200 | Train Loss: 0.52822 | Val Loss: 0.71378
Train Loss Components:
  |- loss_rot: 0.13417
  |- loss_pos: 0.87686
  |- fk_loss: 2.51752
  |- smoothness_loss: 1.73559
Val Loss Components:
  |- loss_rot: 0.14299
  |- loss_pos: 0.99691
  |- fk_loss: 2.84424
  |- smoothness_loss: 0.28205
LR: 0.000001
Hole frames in this epoch: [4, 16]

Epoch 201 | Train Loss: 0.52207 | Val Loss: 0.71311
Train Loss Components:
  |- loss_rot: 0.14189
  |- loss_pos: 1.27751
  |- fk_loss: 2.97298
  |- smoothness_loss: 2.04562
Val Loss Components:
  |- loss_rot: 0.14303
  |- loss_pos: 0.99872
  |- fk_loss: 2.85039
  |- smoothness_loss: 0.28324
LR: 0.000001
Hole frames in this epoch: [4, 16]

Epoch 202 | Train Loss: 0.53594 | Val Loss: 0.71274
Train Loss Components:
  |- loss_rot: 0.14489
  |- loss_pos: 0.84260
  |- fk_loss: 2.74415
  |- smoothness_loss: 1.70799
Val Loss Components:
  |- loss_rot: 0.14310
  |- loss_pos: 1.00008
  |- fk_loss: 2.83817
  |- smoothness_loss: 0.27811
LR: 0.000001
Hole frames in this epoch: [4, 16]

Epoch 203 | Train Loss: 0.54534 | Val Loss: 0.71284
Train Loss Components:
  |- loss_rot: 0.13716
  |- loss_pos: 0.49685
  |- fk_loss: 2.06926
  |- smoothness_loss: 1.45319
Val Loss Components:
  |- loss_rot: 0.14310
  |- loss_pos: 1.00196
  |- fk_loss: 2.83374
  |- smoothness_loss: 0.27164
LR: 0.000000
Hole frames in this epoch: [4, 16]

Epoch 204 | Train Loss: 0.53361 | Val Loss: 0.71359
Train Loss Components:
  |- loss_rot: 0.13633
  |- loss_pos: 0.77170
  |- fk_loss: 2.49140
  |- smoothness_loss: 1.44455
Val Loss Components:
  |- loss_rot: 0.14309
  |- loss_pos: 0.99751
  |- fk_loss: 2.83752
  |- smoothness_loss: 0.28287
LR: 0.000000
Hole frames in this epoch: [4, 16]

Training time: 6272.77 s