Epoch 1 | Train Loss: 1.24420 | Val Loss: 1.14499
Train Loss Components:
  |- loss_rot: 0.09608
  |- loss_pos: 1.69207
  |- fk_loss: 4.06242
  |- smoothness_loss: 0.28016
Val Loss Components:
  |- loss_rot: 0.09516
  |- loss_pos: 1.84171
  |- fk_loss: 4.20267
  |- smoothness_loss: 0.01108
LR: 0.000100
Hole frames in this epoch: [15, 15]

Epoch 2 | Train Loss: 1.11287 | Val Loss: 1.08660
Train Loss Components:
  |- loss_rot: 0.08801
  |- loss_pos: 1.90613
  |- fk_loss: 3.96504
  |- smoothness_loss: 0.22228
Val Loss Components:
  |- loss_rot: 0.08337
  |- loss_pos: 1.83628
  |- fk_loss: 3.69263
  |- smoothness_loss: 0.01382
LR: 0.000100
Hole frames in this epoch: [15, 15]

Epoch 3 | Train Loss: 1.05391 | Val Loss: 1.02890
Train Loss Components:
  |- loss_rot: 0.07720
  |- loss_pos: 1.78787
  |- fk_loss: 3.41692
  |- smoothness_loss: 0.16317
Val Loss Components:
  |- loss_rot: 0.07484
  |- loss_pos: 1.78435
  |- fk_loss: 3.37227
  |- smoothness_loss: 0.01276
LR: 0.000100
Hole frames in this epoch: [15, 15]

Epoch 4 | Train Loss: 1.00932 | Val Loss: 0.97719
Train Loss Components:
  |- loss_rot: 0.07239
  |- loss_pos: 1.85576
  |- fk_loss: 3.51647
  |- smoothness_loss: 0.19148
Val Loss Components:
  |- loss_rot: 0.06948
  |- loss_pos: 1.71762
  |- fk_loss: 3.19296
  |- smoothness_loss: 0.01434
LR: 0.000100
Hole frames in this epoch: [15, 15]

Epoch 5 | Train Loss: 0.95347 | Val Loss: 0.92336
Train Loss Components:
  |- loss_rot: 0.06705
  |- loss_pos: 1.69247
  |- fk_loss: 3.12000
  |- smoothness_loss: 0.19924
Val Loss Components:
  |- loss_rot: 0.06472
  |- loss_pos: 1.60009
  |- fk_loss: 3.04355
  |- smoothness_loss: 0.02466
LR: 0.000100
Hole frames in this epoch: [15, 15]

Epoch 6 | Train Loss: 0.91864 | Val Loss: 0.90890
Train Loss Components:
  |- loss_rot: 0.06464
  |- loss_pos: 1.72070
  |- fk_loss: 3.26100
  |- smoothness_loss: 0.16259
Val Loss Components:
  |- loss_rot: 0.06055
  |- loss_pos: 1.58170
  |- fk_loss: 3.01988
  |- smoothness_loss: 0.02331
LR: 0.000100
Hole frames in this epoch: [15, 15]

Epoch 7 | Train Loss: 0.90016 | Val Loss: 0.89461
Train Loss Components:
  |- loss_rot: 0.05917
  |- loss_pos: 1.62823
  |- fk_loss: 3.03860
  |- smoothness_loss: 0.19649
Val Loss Components:
  |- loss_rot: 0.05756
  |- loss_pos: 1.56637
  |- fk_loss: 2.95649
  |- smoothness_loss: 0.02435
LR: 0.000100
Hole frames in this epoch: [15, 15]

Epoch 8 | Train Loss: 0.88302 | Val Loss: 0.86671
Train Loss Components:
  |- loss_rot: 0.05608
  |- loss_pos: 1.50564
  |- fk_loss: 2.78360
  |- smoothness_loss: 0.14579
Val Loss Components:
  |- loss_rot: 0.05384
  |- loss_pos: 1.52820
  |- fk_loss: 2.80699
  |- smoothness_loss: 0.02491
LR: 0.000100
Hole frames in this epoch: [15, 15]

Epoch 9 | Train Loss: 0.86373 | Val Loss: 0.85001
Train Loss Components:
  |- loss_rot: 0.05232
  |- loss_pos: 1.57362
  |- fk_loss: 2.85988
  |- smoothness_loss: 0.15298
Val Loss Components:
  |- loss_rot: 0.05194
  |- loss_pos: 1.49186
  |- fk_loss: 2.74630
  |- smoothness_loss: 0.02505
LR: 0.000100
Hole frames in this epoch: [15, 15]

Epoch 10 | Train Loss: 0.84680 | Val Loss: 0.82907
Train Loss Components:
  |- loss_rot: 0.05500
  |- loss_pos: 1.57351
  |- fk_loss: 2.95644
  |- smoothness_loss: 0.19549
Val Loss Components:
  |- loss_rot: 0.05056
  |- loss_pos: 1.45368
  |- fk_loss: 2.64413
  |- smoothness_loss: 0.03292
LR: 0.000100
Hole frames in this epoch: [15, 15]

Epoch 11 | Train Loss: 0.82954 | Val Loss: 0.82005
Train Loss Components:
  |- loss_rot: 0.05265
  |- loss_pos: 1.50528
  |- fk_loss: 2.83320
  |- smoothness_loss: 0.17163
Val Loss Components:
  |- loss_rot: 0.04930
  |- loss_pos: 1.45870
  |- fk_loss: 2.62507
  |- smoothness_loss: 0.03271
LR: 0.000100
Hole frames in this epoch: [15, 15]

Epoch 12 | Train Loss: 0.80798 | Val Loss: 0.78907
Train Loss Components:
  |- loss_rot: 0.05269
  |- loss_pos: 1.56658
  |- fk_loss: 2.78929
  |- smoothness_loss: 0.17986
Val Loss Components:
  |- loss_rot: 0.04890
  |- loss_pos: 1.38730
  |- fk_loss: 2.51840
  |- smoothness_loss: 0.03727
LR: 0.000100
Hole frames in this epoch: [15, 15]

Epoch 13 | Train Loss: 0.78772 | Val Loss: 0.77341
Train Loss Components:
  |- loss_rot: 0.04982
  |- loss_pos: 1.42750
  |- fk_loss: 2.55354
  |- smoothness_loss: 0.21074
Val Loss Components:
  |- loss_rot: 0.04839
  |- loss_pos: 1.31841
  |- fk_loss: 2.45639
  |- smoothness_loss: 0.05584
LR: 0.000100
Hole frames in this epoch: [15, 15]

Epoch 14 | Train Loss: 0.76688 | Val Loss: 0.74918
Train Loss Components:
  |- loss_rot: 0.04740
  |- loss_pos: 1.19633
  |- fk_loss: 2.31000
  |- smoothness_loss: 0.19046
Val Loss Components:
  |- loss_rot: 0.04709
  |- loss_pos: 1.28580
  |- fk_loss: 2.38719
  |- smoothness_loss: 0.04810
LR: 0.000100
Hole frames in this epoch: [15, 15]

Epoch 15 | Train Loss: 0.74864 | Val Loss: 0.73355
Train Loss Components:
  |- loss_rot: 0.04977
  |- loss_pos: 1.31856
  |- fk_loss: 2.64874
  |- smoothness_loss: 0.26900
Val Loss Components:
  |- loss_rot: 0.04661
  |- loss_pos: 1.24086
  |- fk_loss: 2.34333
  |- smoothness_loss: 0.05869
LR: 0.000100
Hole frames in this epoch: [15, 15]

Epoch 16 | Train Loss: 0.73216 | Val Loss: 0.72257
Train Loss Components:
  |- loss_rot: 0.04744
  |- loss_pos: 1.31018
  |- fk_loss: 2.37023
  |- smoothness_loss: 0.17152
Val Loss Components:
  |- loss_rot: 0.04625
  |- loss_pos: 1.19829
  |- fk_loss: 2.31833
  |- smoothness_loss: 0.06347
LR: 0.000100
Hole frames in this epoch: [15, 15]

Epoch 17 | Train Loss: 0.71808 | Val Loss: 0.70602
Train Loss Components:
  |- loss_rot: 0.04692
  |- loss_pos: 1.28607
  |- fk_loss: 2.43082
  |- smoothness_loss: 0.21537
Val Loss Components:
  |- loss_rot: 0.04604
  |- loss_pos: 1.19449
  |- fk_loss: 2.26542
  |- smoothness_loss: 0.07431
LR: 0.000100
Hole frames in this epoch: [15, 15]

Epoch 18 | Train Loss: 0.70377 | Val Loss: 0.69255
Train Loss Components:
  |- loss_rot: 0.04353
  |- loss_pos: 1.19546
  |- fk_loss: 2.26032
  |- smoothness_loss: 0.21942
Val Loss Components:
  |- loss_rot: 0.04523
  |- loss_pos: 1.14797
  |- fk_loss: 2.22776
  |- smoothness_loss: 0.06816
LR: 0.000100
Hole frames in this epoch: [15, 15]

Epoch 19 | Train Loss: 0.69134 | Val Loss: 0.68395
Train Loss Components:
  |- loss_rot: 0.04778
  |- loss_pos: 1.10661
  |- fk_loss: 2.30432
  |- smoothness_loss: 0.22735
Val Loss Components:
  |- loss_rot: 0.04501
  |- loss_pos: 1.14718
  |- fk_loss: 2.20075
  |- smoothness_loss: 0.07735
LR: 0.000100
Hole frames in this epoch: [15, 15]

Epoch 20 | Train Loss: 0.67895 | Val Loss: 0.66905
Train Loss Components:
  |- loss_rot: 0.04947
  |- loss_pos: 1.17150
  |- fk_loss: 2.34537
  |- smoothness_loss: 0.26052
Val Loss Components:
  |- loss_rot: 0.04458
  |- loss_pos: 1.11907
  |- fk_loss: 2.18167
  |- smoothness_loss: 0.07917
LR: 0.000100
Hole frames in this epoch: [15, 15]

Epoch 21 | Train Loss: 0.66724 | Val Loss: 0.67140
Train Loss Components:
  |- loss_rot: 0.04573
  |- loss_pos: 1.19936
  |- fk_loss: 2.32817
  |- smoothness_loss: 0.23692
Val Loss Components:
  |- loss_rot: 0.04468
  |- loss_pos: 1.11083
  |- fk_loss: 2.16031
  |- smoothness_loss: 0.09698
LR: 0.000100
Hole frames in this epoch: [15, 15]

Epoch 22 | Train Loss: 0.65772 | Val Loss: 0.66418
Train Loss Components:
  |- loss_rot: 0.04865
  |- loss_pos: 1.30114
  |- fk_loss: 2.52322
  |- smoothness_loss: 0.23713
Val Loss Components:
  |- loss_rot: 0.04404
  |- loss_pos: 1.10174
  |- fk_loss: 2.14870
  |- smoothness_loss: 0.08361
LR: 0.000100
Hole frames in this epoch: [15, 15]

Epoch 23 | Train Loss: 0.64859 | Val Loss: 0.64742
Train Loss Components:
  |- loss_rot: 0.04651
  |- loss_pos: 1.06196
  |- fk_loss: 2.18475
  |- smoothness_loss: 0.22116
Val Loss Components:
  |- loss_rot: 0.04387
  |- loss_pos: 1.06497
  |- fk_loss: 2.11124
  |- smoothness_loss: 0.08885
LR: 0.000100
Hole frames in this epoch: [15, 15]

Epoch 24 | Train Loss: 0.63745 | Val Loss: 0.65132
Train Loss Components:
  |- loss_rot: 0.04603
  |- loss_pos: 1.08157
  |- fk_loss: 2.25670
  |- smoothness_loss: 0.21760
Val Loss Components:
  |- loss_rot: 0.04365
  |- loss_pos: 1.08458
  |- fk_loss: 2.10914
  |- smoothness_loss: 0.08212
LR: 0.000100
Hole frames in this epoch: [15, 15]

Epoch 25 | Train Loss: 0.62917 | Val Loss: 0.64336
Train Loss Components:
  |- loss_rot: 0.04213
  |- loss_pos: 0.92780
  |- fk_loss: 1.88482
  |- smoothness_loss: 0.20490
Val Loss Components:
  |- loss_rot: 0.04314
  |- loss_pos: 1.07276
  |- fk_loss: 2.08459
  |- smoothness_loss: 0.08568
LR: 0.000100
Hole frames in this epoch: [15, 15]

Epoch 26 | Train Loss: 0.61920 | Val Loss: 0.63375
Train Loss Components:
  |- loss_rot: 0.04330
  |- loss_pos: 1.07868
  |- fk_loss: 2.09597
  |- smoothness_loss: 0.23325
Val Loss Components:
  |- loss_rot: 0.04316
  |- loss_pos: 1.03302
  |- fk_loss: 2.07928
  |- smoothness_loss: 0.09181
LR: 0.000100
Hole frames in this epoch: [15, 15]

Epoch 27 | Train Loss: 0.61029 | Val Loss: 0.62458
Train Loss Components:
  |- loss_rot: 0.04612
  |- loss_pos: 1.05023
  |- fk_loss: 2.18294
  |- smoothness_loss: 0.25852
Val Loss Components:
  |- loss_rot: 0.04288
  |- loss_pos: 1.02787
  |- fk_loss: 2.02485
  |- smoothness_loss: 0.09999
LR: 0.000100
Hole frames in this epoch: [15, 15]

Epoch 28 | Train Loss: 0.59992 | Val Loss: 0.61964
Train Loss Components:
  |- loss_rot: 0.04663
  |- loss_pos: 1.07358
  |- fk_loss: 2.21012
  |- smoothness_loss: 0.25418
Val Loss Components:
  |- loss_rot: 0.04296
  |- loss_pos: 1.01450
  |- fk_loss: 2.03425
  |- smoothness_loss: 0.09521
LR: 0.000100
Hole frames in this epoch: [15, 15]

Epoch 29 | Train Loss: 0.59346 | Val Loss: 0.61341
Train Loss Components:
  |- loss_rot: 0.04388
  |- loss_pos: 1.03184
  |- fk_loss: 2.04752
  |- smoothness_loss: 0.19978
Val Loss Components:
  |- loss_rot: 0.04299
  |- loss_pos: 1.02829
  |- fk_loss: 2.04313
  |- smoothness_loss: 0.08948
LR: 0.000100
Hole frames in this epoch: [15, 15]

Epoch 30 | Train Loss: 0.58356 | Val Loss: 0.60474
Train Loss Components:
  |- loss_rot: 0.04475
  |- loss_pos: 0.96417
  |- fk_loss: 2.03275
  |- smoothness_loss: 0.25186
Val Loss Components:
  |- loss_rot: 0.04246
  |- loss_pos: 1.01899
  |- fk_loss: 1.99911
  |- smoothness_loss: 0.10463
LR: 0.000100
Hole frames in this epoch: [15, 15]

Epoch 31 | Train Loss: 0.57499 | Val Loss: 0.60385
Train Loss Components:
  |- loss_rot: 0.04257
  |- loss_pos: 0.98403
  |- fk_loss: 2.03549
  |- smoothness_loss: 0.21809
Val Loss Components:
  |- loss_rot: 0.04210
  |- loss_pos: 1.03188
  |- fk_loss: 2.00726
  |- smoothness_loss: 0.09565
LR: 0.000100
Hole frames in this epoch: [15, 15]

Epoch 32 | Train Loss: 0.56796 | Val Loss: 0.59671
Train Loss Components:
  |- loss_rot: 0.04296
  |- loss_pos: 0.93601
  |- fk_loss: 1.93618
  |- smoothness_loss: 0.20992
Val Loss Components:
  |- loss_rot: 0.04239
  |- loss_pos: 0.98341
  |- fk_loss: 1.97437
  |- smoothness_loss: 0.09843
LR: 0.000100
Hole frames in this epoch: [15, 15]

Epoch 33 | Train Loss: 0.55909 | Val Loss: 0.59296
Train Loss Components:
  |- loss_rot: 0.04381
  |- loss_pos: 0.85241
  |- fk_loss: 1.90066
  |- smoothness_loss: 0.24241
Val Loss Components:
  |- loss_rot: 0.04236
  |- loss_pos: 0.99196
  |- fk_loss: 1.97594
  |- smoothness_loss: 0.10421
LR: 0.000100
Hole frames in this epoch: [15, 15]

Epoch 34 | Train Loss: 0.55205 | Val Loss: 0.59362
Train Loss Components:
  |- loss_rot: 0.04430
  |- loss_pos: 0.91388
  |- fk_loss: 2.01164
  |- smoothness_loss: 0.24333
Val Loss Components:
  |- loss_rot: 0.04206
  |- loss_pos: 0.98843
  |- fk_loss: 1.95097
  |- smoothness_loss: 0.09412
LR: 0.000100
Hole frames in this epoch: [15, 15]

Epoch 35 | Train Loss: 0.54337 | Val Loss: 0.59055
Train Loss Components:
  |- loss_rot: 0.04563
  |- loss_pos: 0.90056
  |- fk_loss: 1.97465
  |- smoothness_loss: 0.26124
Val Loss Components:
  |- loss_rot: 0.04209
  |- loss_pos: 0.96883
  |- fk_loss: 1.91827
  |- smoothness_loss: 0.10597
LR: 0.000100
Hole frames in this epoch: [15, 15]

Epoch 36 | Train Loss: 0.53745 | Val Loss: 0.59140
Train Loss Components:
  |- loss_rot: 0.04327
  |- loss_pos: 0.91457
  |- fk_loss: 2.00794
  |- smoothness_loss: 0.22536
Val Loss Components:
  |- loss_rot: 0.04214
  |- loss_pos: 0.98818
  |- fk_loss: 1.93076
  |- smoothness_loss: 0.11970
LR: 0.000100
Hole frames in this epoch: [15, 15]

Epoch 37 | Train Loss: 0.52996 | Val Loss: 0.57153
Train Loss Components:
  |- loss_rot: 0.04085
  |- loss_pos: 0.82067
  |- fk_loss: 1.79963
  |- smoothness_loss: 0.28967
Val Loss Components:
  |- loss_rot: 0.04167
  |- loss_pos: 0.92171
  |- fk_loss: 1.88918
  |- smoothness_loss: 0.11118
LR: 0.000100
Hole frames in this epoch: [15, 15]

Epoch 38 | Train Loss: 0.52260 | Val Loss: 0.57567
Train Loss Components:
  |- loss_rot: 0.04465
  |- loss_pos: 0.94436
  |- fk_loss: 1.98228
  |- smoothness_loss: 0.24348
Val Loss Components:
  |- loss_rot: 0.04179
  |- loss_pos: 0.94622
  |- fk_loss: 1.89595
  |- smoothness_loss: 0.10027
LR: 0.000100
Hole frames in this epoch: [15, 15]

Epoch 39 | Train Loss: 0.51393 | Val Loss: 0.56846
Train Loss Components:
  |- loss_rot: 0.04432
  |- loss_pos: 0.86045
  |- fk_loss: 1.93006
  |- smoothness_loss: 0.28425
Val Loss Components:
  |- loss_rot: 0.04187
  |- loss_pos: 0.92059
  |- fk_loss: 1.87470
  |- smoothness_loss: 0.10581
LR: 0.000100
Hole frames in this epoch: [15, 15]

Epoch 40 | Train Loss: 0.50750 | Val Loss: 0.56172
Train Loss Components:
  |- loss_rot: 0.04153
  |- loss_pos: 0.82268
  |- fk_loss: 1.79994
  |- smoothness_loss: 0.26749
Val Loss Components:
  |- loss_rot: 0.04158
  |- loss_pos: 0.89494
  |- fk_loss: 1.85055
  |- smoothness_loss: 0.10615
LR: 0.000100
Hole frames in this epoch: [15, 15]

Epoch 41 | Train Loss: 0.49974 | Val Loss: 0.56066
Train Loss Components:
  |- loss_rot: 0.04249
  |- loss_pos: 0.82181
  |- fk_loss: 1.82150
  |- smoothness_loss: 0.31378
Val Loss Components:
  |- loss_rot: 0.04149
  |- loss_pos: 0.91066
  |- fk_loss: 1.84970
  |- smoothness_loss: 0.11229
LR: 0.000100
Hole frames in this epoch: [15, 15]

Epoch 42 | Train Loss: 0.49365 | Val Loss: 0.55896
Train Loss Components:
  |- loss_rot: 0.04450
  |- loss_pos: 0.85112
  |- fk_loss: 2.01059
  |- smoothness_loss: 0.28453
Val Loss Components:
  |- loss_rot: 0.04157
  |- loss_pos: 0.92225
  |- fk_loss: 1.83893
  |- smoothness_loss: 0.10738
LR: 0.000100
Hole frames in this epoch: [15, 15]

Epoch 43 | Train Loss: 0.48807 | Val Loss: 0.55550
Train Loss Components:
  |- loss_rot: 0.04298
  |- loss_pos: 0.80880
  |- fk_loss: 1.82904
  |- smoothness_loss: 0.25362
Val Loss Components:
  |- loss_rot: 0.04173
  |- loss_pos: 0.91389
  |- fk_loss: 1.84500
  |- smoothness_loss: 0.11037
LR: 0.000100
Hole frames in this epoch: [15, 15]

Epoch 44 | Train Loss: 0.47995 | Val Loss: 0.54895
Train Loss Components:
  |- loss_rot: 0.04334
  |- loss_pos: 0.81165
  |- fk_loss: 1.84928
  |- smoothness_loss: 0.26601
Val Loss Components:
  |- loss_rot: 0.04152
  |- loss_pos: 0.89201
  |- fk_loss: 1.81544
  |- smoothness_loss: 0.10696
LR: 0.000100
Hole frames in this epoch: [15, 15]

Epoch 45 | Train Loss: 0.47394 | Val Loss: 0.55063
Train Loss Components:
  |- loss_rot: 0.03894
  |- loss_pos: 0.66085
  |- fk_loss: 1.57318
  |- smoothness_loss: 0.23759
Val Loss Components:
  |- loss_rot: 0.04148
  |- loss_pos: 0.89767
  |- fk_loss: 1.82079
  |- smoothness_loss: 0.12059
LR: 0.000100
Hole frames in this epoch: [15, 15]

Epoch 46 | Train Loss: 0.46978 | Val Loss: 0.55096
Train Loss Components:
  |- loss_rot: 0.04306
  |- loss_pos: 0.73680
  |- fk_loss: 1.77822
  |- smoothness_loss: 0.27555
Val Loss Components:
  |- loss_rot: 0.04136
  |- loss_pos: 0.90320
  |- fk_loss: 1.82265
  |- smoothness_loss: 0.10791
LR: 0.000100
Hole frames in this epoch: [15, 15]

Epoch 47 | Train Loss: 0.46190 | Val Loss: 0.54417
Train Loss Components:
  |- loss_rot: 0.03970
  |- loss_pos: 0.70151
  |- fk_loss: 1.64704
  |- smoothness_loss: 0.25313
Val Loss Components:
  |- loss_rot: 0.04145
  |- loss_pos: 0.90350
  |- fk_loss: 1.79585
  |- smoothness_loss: 0.11828
LR: 0.000100
Hole frames in this epoch: [15, 15]

Epoch 48 | Train Loss: 0.45665 | Val Loss: 0.55127
Train Loss Components:
  |- loss_rot: 0.04125
  |- loss_pos: 0.74608
  |- fk_loss: 1.73064
  |- smoothness_loss: 0.28171
Val Loss Components:
  |- loss_rot: 0.04149
  |- loss_pos: 0.93106
  |- fk_loss: 1.80725
  |- smoothness_loss: 0.12064
LR: 0.000100
Hole frames in this epoch: [15, 15]

Epoch 49 | Train Loss: 0.45061 | Val Loss: 0.54423
Train Loss Components:
  |- loss_rot: 0.04660
  |- loss_pos: 0.82492
  |- fk_loss: 2.06028
  |- smoothness_loss: 0.28621
Val Loss Components:
  |- loss_rot: 0.04127
  |- loss_pos: 0.90929
  |- fk_loss: 1.81435
  |- smoothness_loss: 0.11362
LR: 0.000100
Hole frames in this epoch: [15, 15]

Epoch 50 | Train Loss: 0.44556 | Val Loss: 0.54202
Train Loss Components:
  |- loss_rot: 0.04528
  |- loss_pos: 0.69401
  |- fk_loss: 1.86552
  |- smoothness_loss: 0.32590
Val Loss Components:
  |- loss_rot: 0.04134
  |- loss_pos: 0.89284
  |- fk_loss: 1.78297
  |- smoothness_loss: 0.12028
LR: 0.000100
Hole frames in this epoch: [15, 15]

Epoch 51 | Train Loss: 0.44214 | Val Loss: 0.53469
Train Loss Components:
  |- loss_rot: 0.04291
  |- loss_pos: 0.67431
  |- fk_loss: 1.68158
  |- smoothness_loss: 0.28910
Val Loss Components:
  |- loss_rot: 0.04125
  |- loss_pos: 0.89168
  |- fk_loss: 1.78779
  |- smoothness_loss: 0.11196
LR: 0.000100
Hole frames in this epoch: [15, 15]

Epoch 52 | Train Loss: 0.43567 | Val Loss: 0.53361
Train Loss Components:
  |- loss_rot: 0.03942
  |- loss_pos: 0.64118
  |- fk_loss: 1.56564
  |- smoothness_loss: 0.24971
Val Loss Components:
  |- loss_rot: 0.04117
  |- loss_pos: 0.88053
  |- fk_loss: 1.76011
  |- smoothness_loss: 0.12134
LR: 0.000100
Hole frames in this epoch: [15, 15]

Epoch 53 | Train Loss: 0.43028 | Val Loss: 0.54032
Train Loss Components:
  |- loss_rot: 0.04195
  |- loss_pos: 0.70236
  |- fk_loss: 1.71662
  |- smoothness_loss: 0.30261
Val Loss Components:
  |- loss_rot: 0.04142
  |- loss_pos: 0.88110
  |- fk_loss: 1.77191
  |- smoothness_loss: 0.12938
LR: 0.000100
Hole frames in this epoch: [15, 15]

Epoch 54 | Train Loss: 0.42468 | Val Loss: 0.53023
Train Loss Components:
  |- loss_rot: 0.04178
  |- loss_pos: 0.64287
  |- fk_loss: 1.63981
  |- smoothness_loss: 0.31654
Val Loss Components:
  |- loss_rot: 0.04094
  |- loss_pos: 0.86171
  |- fk_loss: 1.73308
  |- smoothness_loss: 0.11507
LR: 0.000100
Hole frames in this epoch: [15, 15]

Epoch 55 | Train Loss: 0.42123 | Val Loss: 0.52860
Train Loss Components:
  |- loss_rot: 0.04347
  |- loss_pos: 0.69980
  |- fk_loss: 1.66951
  |- smoothness_loss: 0.32582
Val Loss Components:
  |- loss_rot: 0.04077
  |- loss_pos: 0.89796
  |- fk_loss: 1.75730
  |- smoothness_loss: 0.12140
LR: 0.000100
Hole frames in this epoch: [15, 15]

Epoch 56 | Train Loss: 0.41544 | Val Loss: 0.51987
Train Loss Components:
  |- loss_rot: 0.04432
  |- loss_pos: 0.59931
  |- fk_loss: 1.69600
  |- smoothness_loss: 0.32151
Val Loss Components:
  |- loss_rot: 0.04075
  |- loss_pos: 0.85653
  |- fk_loss: 1.72870
  |- smoothness_loss: 0.11853
LR: 0.000100
Hole frames in this epoch: [15, 15]

Epoch 57 | Train Loss: 0.41109 | Val Loss: 0.52313
Train Loss Components:
  |- loss_rot: 0.04232
  |- loss_pos: 0.60072
  |- fk_loss: 1.79892
  |- smoothness_loss: 0.29205
Val Loss Components:
  |- loss_rot: 0.04065
  |- loss_pos: 0.86712
  |- fk_loss: 1.71701
  |- smoothness_loss: 0.11973
LR: 0.000100
Hole frames in this epoch: [15, 15]

Epoch 58 | Train Loss: 0.40679 | Val Loss: 0.51792
Train Loss Components:
  |- loss_rot: 0.03625
  |- loss_pos: 0.51352
  |- fk_loss: 1.36600
  |- smoothness_loss: 0.21707
Val Loss Components:
  |- loss_rot: 0.04044
  |- loss_pos: 0.85252
  |- fk_loss: 1.72015
  |- smoothness_loss: 0.11876
LR: 0.000100
Hole frames in this epoch: [15, 15]

Epoch 59 | Train Loss: 0.40219 | Val Loss: 0.52287
Train Loss Components:
  |- loss_rot: 0.04305
  |- loss_pos: 0.53147
  |- fk_loss: 1.60837
  |- smoothness_loss: 0.29176
Val Loss Components:
  |- loss_rot: 0.04073
  |- loss_pos: 0.85154
  |- fk_loss: 1.71104
  |- smoothness_loss: 0.13244
LR: 0.000100
Hole frames in this epoch: [15, 15]

Epoch 60 | Train Loss: 0.39765 | Val Loss: 0.51686
Train Loss Components:
  |- loss_rot: 0.03927
  |- loss_pos: 0.57547
  |- fk_loss: 1.44540
  |- smoothness_loss: 0.29829
Val Loss Components:
  |- loss_rot: 0.04050
  |- loss_pos: 0.83161
  |- fk_loss: 1.68589
  |- smoothness_loss: 0.12498
LR: 0.000100
Hole frames in this epoch: [15, 15]

Epoch 61 | Train Loss: 0.39446 | Val Loss: 0.52124
Train Loss Components:
  |- loss_rot: 0.04073
  |- loss_pos: 0.55950
  |- fk_loss: 1.51380
  |- smoothness_loss: 0.30876
Val Loss Components:
  |- loss_rot: 0.04040
  |- loss_pos: 0.84875
  |- fk_loss: 1.70201
  |- smoothness_loss: 0.12921
LR: 0.000100
Hole frames in this epoch: [15, 15]

Epoch 62 | Train Loss: 0.39138 | Val Loss: 0.51348
Train Loss Components:
  |- loss_rot: 0.04252
  |- loss_pos: 0.57947
  |- fk_loss: 1.64117
  |- smoothness_loss: 0.29514
Val Loss Components:
  |- loss_rot: 0.04032
  |- loss_pos: 0.83937
  |- fk_loss: 1.68511
  |- smoothness_loss: 0.13014
LR: 0.000100
Hole frames in this epoch: [15, 15]

Epoch 63 | Train Loss: 0.38710 | Val Loss: 0.51543
Train Loss Components:
  |- loss_rot: 0.03971
  |- loss_pos: 0.50401
  |- fk_loss: 1.62077
  |- smoothness_loss: 0.24421
Val Loss Components:
  |- loss_rot: 0.04029
  |- loss_pos: 0.83399
  |- fk_loss: 1.67883
  |- smoothness_loss: 0.13197
LR: 0.000100
Hole frames in this epoch: [15, 15]

Epoch 64 | Train Loss: 0.38292 | Val Loss: 0.51131
Train Loss Components:
  |- loss_rot: 0.04149
  |- loss_pos: 0.55871
  |- fk_loss: 1.59972
  |- smoothness_loss: 0.31033
Val Loss Components:
  |- loss_rot: 0.04011
  |- loss_pos: 0.85459
  |- fk_loss: 1.68313
  |- smoothness_loss: 0.13008
LR: 0.000100
Hole frames in this epoch: [15, 15]

Epoch 65 | Train Loss: 0.37990 | Val Loss: 0.51003
Train Loss Components:
  |- loss_rot: 0.03788
  |- loss_pos: 0.53114
  |- fk_loss: 1.44589
  |- smoothness_loss: 0.26457
Val Loss Components:
  |- loss_rot: 0.04024
  |- loss_pos: 0.81872
  |- fk_loss: 1.65722
  |- smoothness_loss: 0.12611
LR: 0.000100
Hole frames in this epoch: [15, 15]

Epoch 66 | Train Loss: 0.37667 | Val Loss: 0.51134
Train Loss Components:
  |- loss_rot: 0.04105
  |- loss_pos: 0.56502
  |- fk_loss: 1.55023
  |- smoothness_loss: 0.29844
Val Loss Components:
  |- loss_rot: 0.04008
  |- loss_pos: 0.84091
  |- fk_loss: 1.67000
  |- smoothness_loss: 0.13102
LR: 0.000100
Hole frames in this epoch: [15, 15]

Epoch 67 | Train Loss: 0.37287 | Val Loss: 0.50535
Train Loss Components:
  |- loss_rot: 0.03949
  |- loss_pos: 0.51598
  |- fk_loss: 1.40946
  |- smoothness_loss: 0.33264
Val Loss Components:
  |- loss_rot: 0.04007
  |- loss_pos: 0.81654
  |- fk_loss: 1.65329
  |- smoothness_loss: 0.12811
LR: 0.000100
Hole frames in this epoch: [15, 15]

Epoch 68 | Train Loss: 0.36935 | Val Loss: 0.50284
Train Loss Components:
  |- loss_rot: 0.04427
  |- loss_pos: 0.52885
  |- fk_loss: 1.61690
  |- smoothness_loss: 0.30714
Val Loss Components:
  |- loss_rot: 0.03994
  |- loss_pos: 0.82732
  |- fk_loss: 1.65748
  |- smoothness_loss: 0.12338
LR: 0.000100
Hole frames in this epoch: [15, 15]

Epoch 69 | Train Loss: 0.36702 | Val Loss: 0.50305
Train Loss Components:
  |- loss_rot: 0.04313
  |- loss_pos: 0.55205
  |- fk_loss: 1.63486
  |- smoothness_loss: 0.35491
Val Loss Components:
  |- loss_rot: 0.03981
  |- loss_pos: 0.82581
  |- fk_loss: 1.64843
  |- smoothness_loss: 0.12728
LR: 0.000100
Hole frames in this epoch: [15, 15]

Epoch 70 | Train Loss: 0.36500 | Val Loss: 0.50122
Train Loss Components:
  |- loss_rot: 0.03854
  |- loss_pos: 0.52829
  |- fk_loss: 1.42677
  |- smoothness_loss: 0.34082
Val Loss Components:
  |- loss_rot: 0.04011
  |- loss_pos: 0.79657
  |- fk_loss: 1.63322
  |- smoothness_loss: 0.13577
LR: 0.000100
Hole frames in this epoch: [15, 15]

Epoch 71 | Train Loss: 0.36036 | Val Loss: 0.49832
Train Loss Components:
  |- loss_rot: 0.04276
  |- loss_pos: 0.51942
  |- fk_loss: 1.63478
  |- smoothness_loss: 0.33464
Val Loss Components:
  |- loss_rot: 0.03985
  |- loss_pos: 0.79941
  |- fk_loss: 1.62140
  |- smoothness_loss: 0.12734
LR: 0.000100
Hole frames in this epoch: [15, 15]

Epoch 72 | Train Loss: 0.35830 | Val Loss: 0.49853
Train Loss Components:
  |- loss_rot: 0.03855
  |- loss_pos: 0.48885
  |- fk_loss: 1.41868
  |- smoothness_loss: 0.29603
Val Loss Components:
  |- loss_rot: 0.03987
  |- loss_pos: 0.81501
  |- fk_loss: 1.63969
  |- smoothness_loss: 0.13108
LR: 0.000100
Hole frames in this epoch: [15, 15]

Epoch 73 | Train Loss: 0.35414 | Val Loss: 0.49380
Train Loss Components:
  |- loss_rot: 0.04031
  |- loss_pos: 0.44560
  |- fk_loss: 1.43231
  |- smoothness_loss: 0.34471
Val Loss Components:
  |- loss_rot: 0.03976
  |- loss_pos: 0.80388
  |- fk_loss: 1.62536
  |- smoothness_loss: 0.13094
LR: 0.000100
Hole frames in this epoch: [15, 15]

Epoch 74 | Train Loss: 0.35252 | Val Loss: 0.49905
Train Loss Components:
  |- loss_rot: 0.03988
  |- loss_pos: 0.47445
  |- fk_loss: 1.39021
  |- smoothness_loss: 0.29208
Val Loss Components:
  |- loss_rot: 0.03967
  |- loss_pos: 0.83030
  |- fk_loss: 1.63809
  |- smoothness_loss: 0.12786
LR: 0.000100
Hole frames in this epoch: [15, 15]

Epoch 75 | Train Loss: 0.35003 | Val Loss: 0.49598
Train Loss Components:
  |- loss_rot: 0.04271
  |- loss_pos: 0.48354
  |- fk_loss: 1.54993
  |- smoothness_loss: 0.31512
Val Loss Components:
  |- loss_rot: 0.03961
  |- loss_pos: 0.81760
  |- fk_loss: 1.63114
  |- smoothness_loss: 0.13226
LR: 0.000100
Hole frames in this epoch: [15, 15]

Epoch 76 | Train Loss: 0.34737 | Val Loss: 0.49348
Train Loss Components:
  |- loss_rot: 0.03639
  |- loss_pos: 0.41757
  |- fk_loss: 1.19897
  |- smoothness_loss: 0.27184
Val Loss Components:
  |- loss_rot: 0.03955
  |- loss_pos: 0.80293
  |- fk_loss: 1.61600
  |- smoothness_loss: 0.13964
LR: 0.000100
Hole frames in this epoch: [15, 15]

Epoch 77 | Train Loss: 0.34441 | Val Loss: 0.49013
Train Loss Components:
  |- loss_rot: 0.04446
  |- loss_pos: 0.50367
  |- fk_loss: 1.49472
  |- smoothness_loss: 0.33500
Val Loss Components:
  |- loss_rot: 0.03947
  |- loss_pos: 0.78734
  |- fk_loss: 1.59480
  |- smoothness_loss: 0.12772
LR: 0.000100
Hole frames in this epoch: [15, 15]

Epoch 78 | Train Loss: 0.34117 | Val Loss: 0.49007
Train Loss Components:
  |- loss_rot: 0.03501
  |- loss_pos: 0.41611
  |- fk_loss: 1.22467
  |- smoothness_loss: 0.23510
Val Loss Components:
  |- loss_rot: 0.03960
  |- loss_pos: 0.79653
  |- fk_loss: 1.60132
  |- smoothness_loss: 0.13538
LR: 0.000100
Hole frames in this epoch: [15, 15]

Epoch 79 | Train Loss: 0.33914 | Val Loss: 0.48865
Train Loss Components:
  |- loss_rot: 0.04269
  |- loss_pos: 0.51497
  |- fk_loss: 1.49574
  |- smoothness_loss: 0.32276
Val Loss Components:
  |- loss_rot: 0.03960
  |- loss_pos: 0.78917
  |- fk_loss: 1.58689
  |- smoothness_loss: 0.13177
LR: 0.000100
Hole frames in this epoch: [15, 15]

Epoch 80 | Train Loss: 0.33604 | Val Loss: 0.48994
Train Loss Components:
  |- loss_rot: 0.04215
  |- loss_pos: 0.44942
  |- fk_loss: 1.51707
  |- smoothness_loss: 0.32962
Val Loss Components:
  |- loss_rot: 0.03939
  |- loss_pos: 0.79464
  |- fk_loss: 1.58092
  |- smoothness_loss: 0.13338
LR: 0.000100
Hole frames in this epoch: [15, 15]

Epoch 81 | Train Loss: 0.33313 | Val Loss: 0.49003
Train Loss Components:
  |- loss_rot: 0.03888
  |- loss_pos: 0.44971
  |- fk_loss: 1.35019
  |- smoothness_loss: 0.28219
Val Loss Components:
  |- loss_rot: 0.03941
  |- loss_pos: 0.80495
  |- fk_loss: 1.58481
  |- smoothness_loss: 0.13418
LR: 0.000100
Hole frames in this epoch: [15, 15]

Epoch 82 | Train Loss: 0.33144 | Val Loss: 0.48534
Train Loss Components:
  |- loss_rot: 0.03955
  |- loss_pos: 0.45346
  |- fk_loss: 1.33659
  |- smoothness_loss: 0.27256
Val Loss Components:
  |- loss_rot: 0.03925
  |- loss_pos: 0.79203
  |- fk_loss: 1.56900
  |- smoothness_loss: 0.13757
LR: 0.000100
Hole frames in this epoch: [15, 15]

Epoch 83 | Train Loss: 0.32853 | Val Loss: 0.48556
Train Loss Components:
  |- loss_rot: 0.04059
  |- loss_pos: 0.45443
  |- fk_loss: 1.35332
  |- smoothness_loss: 0.31672
Val Loss Components:
  |- loss_rot: 0.03898
  |- loss_pos: 0.79603
  |- fk_loss: 1.58224
  |- smoothness_loss: 0.12856
LR: 0.000100
Hole frames in this epoch: [15, 15]

Epoch 84 | Train Loss: 0.32618 | Val Loss: 0.48322
Train Loss Components:
  |- loss_rot: 0.04118
  |- loss_pos: 0.44391
  |- fk_loss: 1.39468
  |- smoothness_loss: 0.34576
Val Loss Components:
  |- loss_rot: 0.03904
  |- loss_pos: 0.80016
  |- fk_loss: 1.57191
  |- smoothness_loss: 0.13907
LR: 0.000100
Hole frames in this epoch: [15, 15]

Epoch 85 | Train Loss: 0.32315 | Val Loss: 0.48145
Train Loss Components:
  |- loss_rot: 0.03559
  |- loss_pos: 0.39836
  |- fk_loss: 1.16696
  |- smoothness_loss: 0.25515
Val Loss Components:
  |- loss_rot: 0.03870
  |- loss_pos: 0.79159
  |- fk_loss: 1.56748
  |- smoothness_loss: 0.13734
LR: 0.000100
Hole frames in this epoch: [15, 15]

Epoch 86 | Train Loss: 0.32061 | Val Loss: 0.48380
Train Loss Components:
  |- loss_rot: 0.04103
  |- loss_pos: 0.41183
  |- fk_loss: 1.40641
  |- smoothness_loss: 0.38973
Val Loss Components:
  |- loss_rot: 0.03880
  |- loss_pos: 0.78665
  |- fk_loss: 1.56363
  |- smoothness_loss: 0.13934
LR: 0.000100
Hole frames in this epoch: [15, 15]

Epoch 87 | Train Loss: 0.31972 | Val Loss: 0.47989
Train Loss Components:
  |- loss_rot: 0.04340
  |- loss_pos: 0.49515
  |- fk_loss: 1.60871
  |- smoothness_loss: 0.37401
Val Loss Components:
  |- loss_rot: 0.03854
  |- loss_pos: 0.78525
  |- fk_loss: 1.55641
  |- smoothness_loss: 0.12932
LR: 0.000100
Hole frames in this epoch: [15, 15]

Epoch 88 | Train Loss: 0.31809 | Val Loss: 0.48256
Train Loss Components:
  |- loss_rot: 0.04005
  |- loss_pos: 0.42589
  |- fk_loss: 1.44150
  |- smoothness_loss: 0.34460
Val Loss Components:
  |- loss_rot: 0.03867
  |- loss_pos: 0.78821
  |- fk_loss: 1.55373
  |- smoothness_loss: 0.13452
LR: 0.000100
Hole frames in this epoch: [15, 15]

Epoch 89 | Train Loss: 0.31635 | Val Loss: 0.47787
Train Loss Components:
  |- loss_rot: 0.04007
  |- loss_pos: 0.44738
  |- fk_loss: 1.34175
  |- smoothness_loss: 0.34387
Val Loss Components:
  |- loss_rot: 0.03845
  |- loss_pos: 0.77647
  |- fk_loss: 1.54743
  |- smoothness_loss: 0.13185
LR: 0.000100
Hole frames in this epoch: [15, 15]

Epoch 90 | Train Loss: 0.31433 | Val Loss: 0.47873
Train Loss Components:
  |- loss_rot: 0.04202
  |- loss_pos: 0.45450
  |- fk_loss: 1.44677
  |- smoothness_loss: 0.39975
Val Loss Components:
  |- loss_rot: 0.03864
  |- loss_pos: 0.79107
  |- fk_loss: 1.55388
  |- smoothness_loss: 0.13930
LR: 0.000100
Hole frames in this epoch: [15, 15]

Epoch 91 | Train Loss: 0.31241 | Val Loss: 0.47700
Train Loss Components:
  |- loss_rot: 0.03965
  |- loss_pos: 0.38992
  |- fk_loss: 1.35126
  |- smoothness_loss: 0.32440
Val Loss Components:
  |- loss_rot: 0.03854
  |- loss_pos: 0.76217
  |- fk_loss: 1.53003
  |- smoothness_loss: 0.13950
LR: 0.000100
Hole frames in this epoch: [15, 15]

Epoch 92 | Train Loss: 0.31017 | Val Loss: 0.48136
Train Loss Components:
  |- loss_rot: 0.03877
  |- loss_pos: 0.40520
  |- fk_loss: 1.26869
  |- smoothness_loss: 0.33763
Val Loss Components:
  |- loss_rot: 0.03860
  |- loss_pos: 0.78504
  |- fk_loss: 1.55275
  |- smoothness_loss: 0.14778
LR: 0.000100
Hole frames in this epoch: [15, 15]

Epoch 93 | Train Loss: 0.30837 | Val Loss: 0.47479
Train Loss Components:
  |- loss_rot: 0.03830
  |- loss_pos: 0.41430
  |- fk_loss: 1.30949
  |- smoothness_loss: 0.29339
Val Loss Components:
  |- loss_rot: 0.03833
  |- loss_pos: 0.77325
  |- fk_loss: 1.53731
  |- smoothness_loss: 0.13590
LR: 0.000100
Hole frames in this epoch: [15, 15]

Epoch 94 | Train Loss: 0.30645 | Val Loss: 0.47344
Train Loss Components:
  |- loss_rot: 0.04131
  |- loss_pos: 0.38525
  |- fk_loss: 1.34339
  |- smoothness_loss: 0.35363
Val Loss Components:
  |- loss_rot: 0.03855
  |- loss_pos: 0.76098
  |- fk_loss: 1.51675
  |- smoothness_loss: 0.13840
LR: 0.000100
Hole frames in this epoch: [15, 15]

Epoch 95 | Train Loss: 0.30509 | Val Loss: 0.47201
Train Loss Components:
  |- loss_rot: 0.03939
  |- loss_pos: 0.40743
  |- fk_loss: 1.32509
  |- smoothness_loss: 0.37578
Val Loss Components:
  |- loss_rot: 0.03827
  |- loss_pos: 0.77885
  |- fk_loss: 1.52880
  |- smoothness_loss: 0.13645
LR: 0.000100
Hole frames in this epoch: [15, 15]

Epoch 96 | Train Loss: 0.30273 | Val Loss: 0.47276
Train Loss Components:
  |- loss_rot: 0.03740
  |- loss_pos: 0.38174
  |- fk_loss: 1.24554
  |- smoothness_loss: 0.31743
Val Loss Components:
  |- loss_rot: 0.03816
  |- loss_pos: 0.78140
  |- fk_loss: 1.52206
  |- smoothness_loss: 0.13514
LR: 0.000100
Hole frames in this epoch: [15, 15]

Epoch 97 | Train Loss: 0.30166 | Val Loss: 0.47419
Train Loss Components:
  |- loss_rot: 0.03662
  |- loss_pos: 0.38849
  |- fk_loss: 1.21285
  |- smoothness_loss: 0.27679
Val Loss Components:
  |- loss_rot: 0.03824
  |- loss_pos: 0.76901
  |- fk_loss: 1.51968
  |- smoothness_loss: 0.13998
LR: 0.000100
Hole frames in this epoch: [15, 15]

Epoch 98 | Train Loss: 0.29967 | Val Loss: 0.46906
Train Loss Components:
  |- loss_rot: 0.03758
  |- loss_pos: 0.37943
  |- fk_loss: 1.25693
  |- smoothness_loss: 0.29827
Val Loss Components:
  |- loss_rot: 0.03816
  |- loss_pos: 0.75814
  |- fk_loss: 1.49628
  |- smoothness_loss: 0.14264
LR: 0.000100
Hole frames in this epoch: [15, 15]

Epoch 99 | Train Loss: 0.29600 | Val Loss: 0.46784
Train Loss Components:
  |- loss_rot: 0.04101
  |- loss_pos: 0.42558
  |- fk_loss: 1.38762
  |- smoothness_loss: 0.36602
Val Loss Components:
  |- loss_rot: 0.03770
  |- loss_pos: 0.75891
  |- fk_loss: 1.48107
  |- smoothness_loss: 0.14117
LR: 0.000100
Hole frames in this epoch: [15, 15]

Epoch 100 | Train Loss: 0.29453 | Val Loss: 0.46776
Train Loss Components:
  |- loss_rot: 0.03505
  |- loss_pos: 0.38011
  |- fk_loss: 1.15460
  |- smoothness_loss: 0.28854
Val Loss Components:
  |- loss_rot: 0.03747
  |- loss_pos: 0.77356
  |- fk_loss: 1.48612
  |- smoothness_loss: 0.13926
LR: 0.000100
Hole frames in this epoch: [15, 15]

Epoch 101 | Train Loss: 0.29303 | Val Loss: 0.46444
Train Loss Components:
  |- loss_rot: 0.03850
  |- loss_pos: 0.38492
  |- fk_loss: 1.28827
  |- smoothness_loss: 0.39092
Val Loss Components:
  |- loss_rot: 0.03745
  |- loss_pos: 0.74685
  |- fk_loss: 1.48150
  |- smoothness_loss: 0.14235
LR: 0.000100
Hole frames in this epoch: [15, 15]

Epoch 102 | Train Loss: 0.29076 | Val Loss: 0.46274
Train Loss Components:
  |- loss_rot: 0.03852
  |- loss_pos: 0.42223
  |- fk_loss: 1.27675
  |- smoothness_loss: 0.34863
Val Loss Components:
  |- loss_rot: 0.03722
  |- loss_pos: 0.74025
  |- fk_loss: 1.46290
  |- smoothness_loss: 0.13879
LR: 0.000100
Hole frames in this epoch: [15, 15]

Epoch 103 | Train Loss: 0.28964 | Val Loss: 0.46431
Train Loss Components:
  |- loss_rot: 0.03964
  |- loss_pos: 0.38281
  |- fk_loss: 1.27996
  |- smoothness_loss: 0.37543
Val Loss Components:
  |- loss_rot: 0.03718
  |- loss_pos: 0.77997
  |- fk_loss: 1.48861
  |- smoothness_loss: 0.14240
LR: 0.000100
Hole frames in this epoch: [15, 15]

Epoch 104 | Train Loss: 0.28730 | Val Loss: 0.46051
Train Loss Components:
  |- loss_rot: 0.03575
  |- loss_pos: 0.35596
  |- fk_loss: 1.15418
  |- smoothness_loss: 0.31864
Val Loss Components:
  |- loss_rot: 0.03710
  |- loss_pos: 0.76048
  |- fk_loss: 1.47889
  |- smoothness_loss: 0.13708
LR: 0.000100
Hole frames in this epoch: [15, 15]

Epoch 105 | Train Loss: 0.28549 | Val Loss: 0.46041
Train Loss Components:
  |- loss_rot: 0.03530
  |- loss_pos: 0.34357
  |- fk_loss: 1.14777
  |- smoothness_loss: 0.32663
Val Loss Components:
  |- loss_rot: 0.03692
  |- loss_pos: 0.74792
  |- fk_loss: 1.46543
  |- smoothness_loss: 0.14230
LR: 0.000100
Hole frames in this epoch: [15, 15]

Epoch 106 | Train Loss: 0.28312 | Val Loss: 0.46126
Train Loss Components:
  |- loss_rot: 0.03789
  |- loss_pos: 0.40639
  |- fk_loss: 1.24419
  |- smoothness_loss: 0.37751
Val Loss Components:
  |- loss_rot: 0.03697
  |- loss_pos: 0.77135
  |- fk_loss: 1.48637
  |- smoothness_loss: 0.14179
LR: 0.000100
Hole frames in this epoch: [15, 15]

Epoch 107 | Train Loss: 0.28237 | Val Loss: 0.45833
Train Loss Components:
  |- loss_rot: 0.03571
  |- loss_pos: 0.35893
  |- fk_loss: 1.12852
  |- smoothness_loss: 0.31841
Val Loss Components:
  |- loss_rot: 0.03686
  |- loss_pos: 0.74050
  |- fk_loss: 1.46481
  |- smoothness_loss: 0.14231
LR: 0.000100
Hole frames in this epoch: [15, 15]

Epoch 108 | Train Loss: 0.28074 | Val Loss: 0.46147
Train Loss Components:
  |- loss_rot: 0.03567
  |- loss_pos: 0.37214
  |- fk_loss: 1.11263
  |- smoothness_loss: 0.32364
Val Loss Components:
  |- loss_rot: 0.03681
  |- loss_pos: 0.76487
  |- fk_loss: 1.47733
  |- smoothness_loss: 0.14494
LR: 0.000100
Hole frames in this epoch: [15, 15]

Epoch 109 | Train Loss: 0.27951 | Val Loss: 0.46044
Train Loss Components:
  |- loss_rot: 0.03622
  |- loss_pos: 0.33601
  |- fk_loss: 1.22537
  |- smoothness_loss: 0.32366
Val Loss Components:
  |- loss_rot: 0.03678
  |- loss_pos: 0.75371
  |- fk_loss: 1.47716
  |- smoothness_loss: 0.14526
LR: 0.000100
Hole frames in this epoch: [15, 15]

Epoch 110 | Train Loss: 0.27792 | Val Loss: 0.45991
Train Loss Components:
  |- loss_rot: 0.03638
  |- loss_pos: 0.34576
  |- fk_loss: 1.13998
  |- smoothness_loss: 0.31904
Val Loss Components:
  |- loss_rot: 0.03666
  |- loss_pos: 0.75670
  |- fk_loss: 1.46368
  |- smoothness_loss: 0.14271
LR: 0.000100
Hole frames in this epoch: [15, 15]

Epoch 111 | Train Loss: 0.27626 | Val Loss: 0.45831
Train Loss Components:
  |- loss_rot: 0.03552
  |- loss_pos: 0.34043
  |- fk_loss: 1.10368
  |- smoothness_loss: 0.33469
Val Loss Components:
  |- loss_rot: 0.03658
  |- loss_pos: 0.76402
  |- fk_loss: 1.46673
  |- smoothness_loss: 0.13960
LR: 0.000100
Hole frames in this epoch: [15, 15]

Epoch 112 | Train Loss: 0.27562 | Val Loss: 0.45656
Train Loss Components:
  |- loss_rot: 0.03657
  |- loss_pos: 0.33887
  |- fk_loss: 1.13852
  |- smoothness_loss: 0.30112
Val Loss Components:
  |- loss_rot: 0.03660
  |- loss_pos: 0.73562
  |- fk_loss: 1.45454
  |- smoothness_loss: 0.14958
LR: 0.000100
Hole frames in this epoch: [15, 15]

Epoch 113 | Train Loss: 0.27413 | Val Loss: 0.45539
Train Loss Components:
  |- loss_rot: 0.03584
  |- loss_pos: 0.35012
  |- fk_loss: 1.17840
  |- smoothness_loss: 0.34141
Val Loss Components:
  |- loss_rot: 0.03635
  |- loss_pos: 0.74024
  |- fk_loss: 1.44209
  |- smoothness_loss: 0.14206
LR: 0.000100
Hole frames in this epoch: [15, 15]

Epoch 114 | Train Loss: 0.27283 | Val Loss: 0.45502
Train Loss Components:
  |- loss_rot: 0.03642
  |- loss_pos: 0.37086
  |- fk_loss: 1.21847
  |- smoothness_loss: 0.35535
Val Loss Components:
  |- loss_rot: 0.03653
  |- loss_pos: 0.72693
  |- fk_loss: 1.43597
  |- smoothness_loss: 0.14479
LR: 0.000100
Hole frames in this epoch: [15, 15]

Epoch 115 | Train Loss: 0.27170 | Val Loss: 0.45277
Train Loss Components:
  |- loss_rot: 0.03903
  |- loss_pos: 0.37542
  |- fk_loss: 1.23088
  |- smoothness_loss: 0.39895
Val Loss Components:
  |- loss_rot: 0.03635
  |- loss_pos: 0.73937
  |- fk_loss: 1.44609
  |- smoothness_loss: 0.13965
LR: 0.000100
Hole frames in this epoch: [15, 15]

Epoch 116 | Train Loss: 0.27078 | Val Loss: 0.45488
Train Loss Components:
  |- loss_rot: 0.03514
  |- loss_pos: 0.33612
  |- fk_loss: 1.12228
  |- smoothness_loss: 0.28482
Val Loss Components:
  |- loss_rot: 0.03637
  |- loss_pos: 0.75408
  |- fk_loss: 1.44694
  |- smoothness_loss: 0.14601
LR: 0.000100
Hole frames in this epoch: [15, 15]

Epoch 117 | Train Loss: 0.26876 | Val Loss: 0.45469
Train Loss Components:
  |- loss_rot: 0.03770
  |- loss_pos: 0.35050
  |- fk_loss: 1.18952
  |- smoothness_loss: 0.39184
Val Loss Components:
  |- loss_rot: 0.03624
  |- loss_pos: 0.74703
  |- fk_loss: 1.44685
  |- smoothness_loss: 0.14305
LR: 0.000100
Hole frames in this epoch: [15, 15]

Epoch 118 | Train Loss: 0.26764 | Val Loss: 0.45466
Train Loss Components:
  |- loss_rot: 0.03952
  |- loss_pos: 0.35347
  |- fk_loss: 1.22639
  |- smoothness_loss: 0.34581
Val Loss Components:
  |- loss_rot: 0.03626
  |- loss_pos: 0.73184
  |- fk_loss: 1.43065
  |- smoothness_loss: 0.15021
LR: 0.000100
Hole frames in this epoch: [15, 15]

Epoch 119 | Train Loss: 0.26644 | Val Loss: 0.45494
Train Loss Components:
  |- loss_rot: 0.03351
  |- loss_pos: 0.33200
  |- fk_loss: 1.04361
  |- smoothness_loss: 0.35178
Val Loss Components:
  |- loss_rot: 0.03617
  |- loss_pos: 0.74576
  |- fk_loss: 1.44682
  |- smoothness_loss: 0.14899
LR: 0.000100
Hole frames in this epoch: [15, 15]

Epoch 120 | Train Loss: 0.26599 | Val Loss: 0.45397
Train Loss Components:
  |- loss_rot: 0.03483
  |- loss_pos: 0.34224
  |- fk_loss: 1.07454
  |- smoothness_loss: 0.30820
Val Loss Components:
  |- loss_rot: 0.03632
  |- loss_pos: 0.75341
  |- fk_loss: 1.43598
  |- smoothness_loss: 0.15569
LR: 0.000100
Hole frames in this epoch: [15, 15]

Epoch 121 | Train Loss: 0.26444 | Val Loss: 0.45277
Train Loss Components:
  |- loss_rot: 0.03711
  |- loss_pos: 0.33896
  |- fk_loss: 1.13447
  |- smoothness_loss: 0.35674
Val Loss Components:
  |- loss_rot: 0.03609
  |- loss_pos: 0.75448
  |- fk_loss: 1.43925
  |- smoothness_loss: 0.14477
LR: 0.000100
Hole frames in this epoch: [15, 15]

Epoch 122 | Train Loss: 0.24601 | Val Loss: 0.44086
Train Loss Components:
  |- loss_rot: 0.03624
  |- loss_pos: 0.28855
  |- fk_loss: 1.03575
  |- smoothness_loss: 0.34863
Val Loss Components:
  |- loss_rot: 0.03594
  |- loss_pos: 0.72244
  |- fk_loss: 1.40402
  |- smoothness_loss: 0.14874
LR: 0.000050
Hole frames in this epoch: [15, 15]

Epoch 123 | Train Loss: 0.23591 | Val Loss: 0.44014
Train Loss Components:
  |- loss_rot: 0.03340
  |- loss_pos: 0.25928
  |- fk_loss: 0.94435
  |- smoothness_loss: 0.28855
Val Loss Components:
  |- loss_rot: 0.03605
  |- loss_pos: 0.72043
  |- fk_loss: 1.40254
  |- smoothness_loss: 0.15163
LR: 0.000050
Hole frames in this epoch: [15, 15]

Epoch 124 | Train Loss: 0.23350 | Val Loss: 0.44041
Train Loss Components:
  |- loss_rot: 0.03656
  |- loss_pos: 0.29674
  |- fk_loss: 1.10179
  |- smoothness_loss: 0.35836
Val Loss Components:
  |- loss_rot: 0.03596
  |- loss_pos: 0.72377
  |- fk_loss: 1.39847
  |- smoothness_loss: 0.15213
LR: 0.000050
Hole frames in this epoch: [15, 15]

Epoch 125 | Train Loss: 0.23261 | Val Loss: 0.43890
Train Loss Components:
  |- loss_rot: 0.03542
  |- loss_pos: 0.27331
  |- fk_loss: 1.02526
  |- smoothness_loss: 0.38510
Val Loss Components:
  |- loss_rot: 0.03594
  |- loss_pos: 0.72424
  |- fk_loss: 1.40079
  |- smoothness_loss: 0.15294
LR: 0.000050
Hole frames in this epoch: [15, 15]

Epoch 126 | Train Loss: 0.23149 | Val Loss: 0.43900
Train Loss Components:
  |- loss_rot: 0.03868
  |- loss_pos: 0.28655
  |- fk_loss: 1.11561
  |- smoothness_loss: 0.40553
Val Loss Components:
  |- loss_rot: 0.03598
  |- loss_pos: 0.71529
  |- fk_loss: 1.39174
  |- smoothness_loss: 0.15243
LR: 0.000050
Hole frames in this epoch: [15, 15]

Epoch 127 | Train Loss: 0.23064 | Val Loss: 0.43820
Train Loss Components:
  |- loss_rot: 0.03348
  |- loss_pos: 0.24283
  |- fk_loss: 0.94866
  |- smoothness_loss: 0.30180
Val Loss Components:
  |- loss_rot: 0.03586
  |- loss_pos: 0.72605
  |- fk_loss: 1.39699
  |- smoothness_loss: 0.15183
LR: 0.000050
Hole frames in this epoch: [15, 15]

Epoch 128 | Train Loss: 0.23006 | Val Loss: 0.43950
Train Loss Components:
  |- loss_rot: 0.03519
  |- loss_pos: 0.26124
  |- fk_loss: 1.01164
  |- smoothness_loss: 0.32617
Val Loss Components:
  |- loss_rot: 0.03586
  |- loss_pos: 0.72614
  |- fk_loss: 1.39660
  |- smoothness_loss: 0.14940
LR: 0.000050
Hole frames in this epoch: [15, 15]

Epoch 129 | Train Loss: 0.22949 | Val Loss: 0.43820
Train Loss Components:
  |- loss_rot: 0.03436
  |- loss_pos: 0.27515
  |- fk_loss: 1.01983
  |- smoothness_loss: 0.29524
Val Loss Components:
  |- loss_rot: 0.03578
  |- loss_pos: 0.72604
  |- fk_loss: 1.39249
  |- smoothness_loss: 0.15035
LR: 0.000050
Hole frames in this epoch: [15, 15]

Epoch 130 | Train Loss: 0.22920 | Val Loss: 0.44003
Train Loss Components:
  |- loss_rot: 0.03426
  |- loss_pos: 0.24760
  |- fk_loss: 0.97628
  |- smoothness_loss: 0.35143
Val Loss Components:
  |- loss_rot: 0.03596
  |- loss_pos: 0.73177
  |- fk_loss: 1.39947
  |- smoothness_loss: 0.15312
LR: 0.000050
Hole frames in this epoch: [15, 15]

Epoch 131 | Train Loss: 0.22826 | Val Loss: 0.43816
Train Loss Components:
  |- loss_rot: 0.03660
  |- loss_pos: 0.27554
  |- fk_loss: 1.04209
  |- smoothness_loss: 0.39915
Val Loss Components:
  |- loss_rot: 0.03589
  |- loss_pos: 0.72101
  |- fk_loss: 1.38841
  |- smoothness_loss: 0.15249
LR: 0.000050
Hole frames in this epoch: [15, 15]

Epoch 132 | Train Loss: 0.22747 | Val Loss: 0.44006
Train Loss Components:
  |- loss_rot: 0.03547
  |- loss_pos: 0.25187
  |- fk_loss: 1.01681
  |- smoothness_loss: 0.37498
Val Loss Components:
  |- loss_rot: 0.03583
  |- loss_pos: 0.73102
  |- fk_loss: 1.39184
  |- smoothness_loss: 0.15475
LR: 0.000050
Hole frames in this epoch: [15, 15]

Epoch 133 | Train Loss: 0.22726 | Val Loss: 0.43928
Train Loss Components:
  |- loss_rot: 0.03931
  |- loss_pos: 0.28238
  |- fk_loss: 1.20338
  |- smoothness_loss: 0.40773
Val Loss Components:
  |- loss_rot: 0.03580
  |- loss_pos: 0.72186
  |- fk_loss: 1.39439
  |- smoothness_loss: 0.15273
LR: 0.000050
Hole frames in this epoch: [15, 15]

Epoch 134 | Train Loss: 0.22671 | Val Loss: 0.43743
Train Loss Components:
  |- loss_rot: 0.03563
  |- loss_pos: 0.25381
  |- fk_loss: 1.00473
  |- smoothness_loss: 0.37300
Val Loss Components:
  |- loss_rot: 0.03589
  |- loss_pos: 0.73004
  |- fk_loss: 1.39587
  |- smoothness_loss: 0.15156
LR: 0.000050
Hole frames in this epoch: [15, 15]

Epoch 135 | Train Loss: 0.22618 | Val Loss: 0.43800
Train Loss Components:
  |- loss_rot: 0.03419
  |- loss_pos: 0.24279
  |- fk_loss: 0.98065
  |- smoothness_loss: 0.33412
Val Loss Components:
  |- loss_rot: 0.03581
  |- loss_pos: 0.73063
  |- fk_loss: 1.39945
  |- smoothness_loss: 0.15409
LR: 0.000050
Hole frames in this epoch: [15, 15]

Epoch 136 | Train Loss: 0.22534 | Val Loss: 0.43705
Train Loss Components:
  |- loss_rot: 0.03410
  |- loss_pos: 0.24624
  |- fk_loss: 0.94236
  |- smoothness_loss: 0.34526
Val Loss Components:
  |- loss_rot: 0.03575
  |- loss_pos: 0.72234
  |- fk_loss: 1.38898
  |- smoothness_loss: 0.15360
LR: 0.000050
Hole frames in this epoch: [15, 15]

Epoch 137 | Train Loss: 0.22454 | Val Loss: 0.43711
Train Loss Components:
  |- loss_rot: 0.03553
  |- loss_pos: 0.26375
  |- fk_loss: 1.02358
  |- smoothness_loss: 0.33971
Val Loss Components:
  |- loss_rot: 0.03571
  |- loss_pos: 0.71653
  |- fk_loss: 1.38374
  |- smoothness_loss: 0.15258
LR: 0.000050
Hole frames in this epoch: [15, 15]

Epoch 138 | Train Loss: 0.22446 | Val Loss: 0.43796
Train Loss Components:
  |- loss_rot: 0.03536
  |- loss_pos: 0.27153
  |- fk_loss: 1.00006
  |- smoothness_loss: 0.37553
Val Loss Components:
  |- loss_rot: 0.03577
  |- loss_pos: 0.72186
  |- fk_loss: 1.38888
  |- smoothness_loss: 0.15476
LR: 0.000050
Hole frames in this epoch: [15, 15]

Epoch 139 | Train Loss: 0.22367 | Val Loss: 0.43786
Train Loss Components:
  |- loss_rot: 0.03341
  |- loss_pos: 0.24211
  |- fk_loss: 0.94890
  |- smoothness_loss: 0.26989
Val Loss Components:
  |- loss_rot: 0.03574
  |- loss_pos: 0.72290
  |- fk_loss: 1.38395
  |- smoothness_loss: 0.15361
LR: 0.000050
Hole frames in this epoch: [15, 15]

Epoch 140 | Train Loss: 0.22272 | Val Loss: 0.43744
Train Loss Components:
  |- loss_rot: 0.03562
  |- loss_pos: 0.25545
  |- fk_loss: 0.97363
  |- smoothness_loss: 0.32472
Val Loss Components:
  |- loss_rot: 0.03577
  |- loss_pos: 0.72767
  |- fk_loss: 1.39221
  |- smoothness_loss: 0.15231
LR: 0.000050
Hole frames in this epoch: [15, 15]

Epoch 141 | Train Loss: 0.22239 | Val Loss: 0.43519
Train Loss Components:
  |- loss_rot: 0.03427
  |- loss_pos: 0.25314
  |- fk_loss: 0.95000
  |- smoothness_loss: 0.36077
Val Loss Components:
  |- loss_rot: 0.03572
  |- loss_pos: 0.71423
  |- fk_loss: 1.38160
  |- smoothness_loss: 0.15325
LR: 0.000050
Hole frames in this epoch: [15, 15]

Epoch 142 | Train Loss: 0.22201 | Val Loss: 0.43683
Train Loss Components:
  |- loss_rot: 0.03779
  |- loss_pos: 0.26303
  |- fk_loss: 1.11765
  |- smoothness_loss: 0.36185
Val Loss Components:
  |- loss_rot: 0.03573
  |- loss_pos: 0.71678
  |- fk_loss: 1.38134
  |- smoothness_loss: 0.15370
LR: 0.000050
Hole frames in this epoch: [15, 15]

Epoch 143 | Train Loss: 0.22127 | Val Loss: 0.43512
Train Loss Components:
  |- loss_rot: 0.03261
  |- loss_pos: 0.24482
  |- fk_loss: 0.98429
  |- smoothness_loss: 0.30352
Val Loss Components:
  |- loss_rot: 0.03574
  |- loss_pos: 0.72035
  |- fk_loss: 1.38214
  |- smoothness_loss: 0.15495
LR: 0.000050
Hole frames in this epoch: [15, 15]

Epoch 144 | Train Loss: 0.22074 | Val Loss: 0.43729
Train Loss Components:
  |- loss_rot: 0.03642
  |- loss_pos: 0.24520
  |- fk_loss: 0.99912
  |- smoothness_loss: 0.30053
Val Loss Components:
  |- loss_rot: 0.03569
  |- loss_pos: 0.72482
  |- fk_loss: 1.39031
  |- smoothness_loss: 0.15728
LR: 0.000050
Hole frames in this epoch: [15, 15]

Epoch 145 | Train Loss: 0.22009 | Val Loss: 0.43585
Train Loss Components:
  |- loss_rot: 0.03283
  |- loss_pos: 0.24190
  |- fk_loss: 0.90867
  |- smoothness_loss: 0.30030
Val Loss Components:
  |- loss_rot: 0.03568
  |- loss_pos: 0.71785
  |- fk_loss: 1.38187
  |- smoothness_loss: 0.15511
LR: 0.000050
Hole frames in this epoch: [15, 15]

Epoch 146 | Train Loss: 0.21955 | Val Loss: 0.43556
Train Loss Components:
  |- loss_rot: 0.03361
  |- loss_pos: 0.24000
  |- fk_loss: 0.93238
  |- smoothness_loss: 0.32529
Val Loss Components:
  |- loss_rot: 0.03576
  |- loss_pos: 0.72904
  |- fk_loss: 1.39124
  |- smoothness_loss: 0.15521
LR: 0.000050
Hole frames in this epoch: [15, 15]

Epoch 147 | Train Loss: 0.21889 | Val Loss: 0.43480
Train Loss Components:
  |- loss_rot: 0.03549
  |- loss_pos: 0.23965
  |- fk_loss: 0.96276
  |- smoothness_loss: 0.34673
Val Loss Components:
  |- loss_rot: 0.03575
  |- loss_pos: 0.72301
  |- fk_loss: 1.37591
  |- smoothness_loss: 0.15197
LR: 0.000050
Hole frames in this epoch: [15, 15]

Epoch 148 | Train Loss: 0.21825 | Val Loss: 0.43320
Train Loss Components:
  |- loss_rot: 0.03550
  |- loss_pos: 0.25005
  |- fk_loss: 0.97010
  |- smoothness_loss: 0.34168
Val Loss Components:
  |- loss_rot: 0.03557
  |- loss_pos: 0.71020
  |- fk_loss: 1.37239
  |- smoothness_loss: 0.15165
LR: 0.000050
Hole frames in this epoch: [15, 15]

Epoch 149 | Train Loss: 0.21817 | Val Loss: 0.43583
Train Loss Components:
  |- loss_rot: 0.03704
  |- loss_pos: 0.25415
  |- fk_loss: 1.05670
  |- smoothness_loss: 0.38242
Val Loss Components:
  |- loss_rot: 0.03569
  |- loss_pos: 0.72246
  |- fk_loss: 1.37706
  |- smoothness_loss: 0.15480
LR: 0.000050
Hole frames in this epoch: [15, 15]

Epoch 150 | Train Loss: 0.21754 | Val Loss: 0.43566
Train Loss Components:
  |- loss_rot: 0.03318
  |- loss_pos: 0.25482
  |- fk_loss: 0.93102
  |- smoothness_loss: 0.29916
Val Loss Components:
  |- loss_rot: 0.03574
  |- loss_pos: 0.71800
  |- fk_loss: 1.38162
  |- smoothness_loss: 0.15844
LR: 0.000050
Hole frames in this epoch: [15, 15]

Epoch 151 | Train Loss: 0.21697 | Val Loss: 0.43682
Train Loss Components:
  |- loss_rot: 0.03663
  |- loss_pos: 0.25925
  |- fk_loss: 1.03271
  |- smoothness_loss: 0.35658
Val Loss Components:
  |- loss_rot: 0.03571
  |- loss_pos: 0.73365
  |- fk_loss: 1.38304
  |- smoothness_loss: 0.15768
LR: 0.000050
Hole frames in this epoch: [15, 15]

Epoch 152 | Train Loss: 0.21664 | Val Loss: 0.43452
Train Loss Components:
  |- loss_rot: 0.03408
  |- loss_pos: 0.23988
  |- fk_loss: 0.97454
  |- smoothness_loss: 0.33971
Val Loss Components:
  |- loss_rot: 0.03559
  |- loss_pos: 0.71568
  |- fk_loss: 1.37501
  |- smoothness_loss: 0.15473
LR: 0.000050
Hole frames in this epoch: [15, 15]

Epoch 153 | Train Loss: 0.21593 | Val Loss: 0.43438
Train Loss Components:
  |- loss_rot: 0.03437
  |- loss_pos: 0.24254
  |- fk_loss: 0.95656
  |- smoothness_loss: 0.36496
Val Loss Components:
  |- loss_rot: 0.03551
  |- loss_pos: 0.71485
  |- fk_loss: 1.36926
  |- smoothness_loss: 0.15525
LR: 0.000050
Hole frames in this epoch: [15, 15]

Epoch 154 | Train Loss: 0.21520 | Val Loss: 0.43459
Train Loss Components:
  |- loss_rot: 0.03647
  |- loss_pos: 0.25175
  |- fk_loss: 1.02154
  |- smoothness_loss: 0.37470
Val Loss Components:
  |- loss_rot: 0.03568
  |- loss_pos: 0.71478
  |- fk_loss: 1.37852
  |- smoothness_loss: 0.15544
LR: 0.000050
Hole frames in this epoch: [15, 15]

Epoch 155 | Train Loss: 0.20699 | Val Loss: 0.43019
Train Loss Components:
  |- loss_rot: 0.03410
  |- loss_pos: 0.22159
  |- fk_loss: 0.90977
  |- smoothness_loss: 0.37985
Val Loss Components:
  |- loss_rot: 0.03567
  |- loss_pos: 0.71402
  |- fk_loss: 1.36765
  |- smoothness_loss: 0.15773
LR: 0.000025
Hole frames in this epoch: [15, 15]

Epoch 156 | Train Loss: 0.20269 | Val Loss: 0.42942
Train Loss Components:
  |- loss_rot: 0.03531
  |- loss_pos: 0.21922
  |- fk_loss: 0.92363
  |- smoothness_loss: 0.40060
Val Loss Components:
  |- loss_rot: 0.03563
  |- loss_pos: 0.70460
  |- fk_loss: 1.35911
  |- smoothness_loss: 0.15908
LR: 0.000025
Hole frames in this epoch: [15, 15]

Epoch 157 | Train Loss: 0.20150 | Val Loss: 0.42970
Train Loss Components:
  |- loss_rot: 0.03186
  |- loss_pos: 0.20499
  |- fk_loss: 0.86017
  |- smoothness_loss: 0.30643
Val Loss Components:
  |- loss_rot: 0.03559
  |- loss_pos: 0.70652
  |- fk_loss: 1.36082
  |- smoothness_loss: 0.15777
LR: 0.000025
Hole frames in this epoch: [15, 15]

Epoch 158 | Train Loss: 0.20101 | Val Loss: 0.43047
Train Loss Components:
  |- loss_rot: 0.03337
  |- loss_pos: 0.20312
  |- fk_loss: 0.86397
  |- smoothness_loss: 0.34886
Val Loss Components:
  |- loss_rot: 0.03559
  |- loss_pos: 0.71439
  |- fk_loss: 1.36342
  |- smoothness_loss: 0.15915
LR: 0.000025
Hole frames in this epoch: [15, 15]

Epoch 159 | Train Loss: 0.20075 | Val Loss: 0.42962
Train Loss Components:
  |- loss_rot: 0.03399
  |- loss_pos: 0.21941
  |- fk_loss: 0.93730
  |- smoothness_loss: 0.35295
Val Loss Components:
  |- loss_rot: 0.03558
  |- loss_pos: 0.70911
  |- fk_loss: 1.35735
  |- smoothness_loss: 0.15812
LR: 0.000025
Hole frames in this epoch: [15, 15]

Epoch 160 | Train Loss: 0.20047 | Val Loss: 0.42954
Train Loss Components:
  |- loss_rot: 0.03412
  |- loss_pos: 0.21785
  |- fk_loss: 0.88159
  |- smoothness_loss: 0.35756
Val Loss Components:
  |- loss_rot: 0.03560
  |- loss_pos: 0.71411
  |- fk_loss: 1.36647
  |- smoothness_loss: 0.15633
LR: 0.000025
Hole frames in this epoch: [15, 15]

Epoch 161 | Train Loss: 0.20006 | Val Loss: 0.42877
Train Loss Components:
  |- loss_rot: 0.03486
  |- loss_pos: 0.21454
  |- fk_loss: 0.92338
  |- smoothness_loss: 0.33218
Val Loss Components:
  |- loss_rot: 0.03556
  |- loss_pos: 0.70797
  |- fk_loss: 1.35718
  |- smoothness_loss: 0.15740
LR: 0.000025
Hole frames in this epoch: [15, 15]

Epoch 162 | Train Loss: 0.19982 | Val Loss: 0.42894
Train Loss Components:
  |- loss_rot: 0.03466
  |- loss_pos: 0.22435
  |- fk_loss: 0.92740
  |- smoothness_loss: 0.34468
Val Loss Components:
  |- loss_rot: 0.03554
  |- loss_pos: 0.70891
  |- fk_loss: 1.35708
  |- smoothness_loss: 0.15822
LR: 0.000025
Hole frames in this epoch: [15, 15]

Epoch 163 | Train Loss: 0.19945 | Val Loss: 0.42983
Train Loss Components:
  |- loss_rot: 0.03424
  |- loss_pos: 0.21716
  |- fk_loss: 0.89977
  |- smoothness_loss: 0.35700
Val Loss Components:
  |- loss_rot: 0.03564
  |- loss_pos: 0.70762
  |- fk_loss: 1.36073
  |- smoothness_loss: 0.15923
LR: 0.000025
Hole frames in this epoch: [15, 15]

Epoch 164 | Train Loss: 0.19916 | Val Loss: 0.42915
Train Loss Components:
  |- loss_rot: 0.03328
  |- loss_pos: 0.20011
  |- fk_loss: 0.88556
  |- smoothness_loss: 0.30559
Val Loss Components:
  |- loss_rot: 0.03555
  |- loss_pos: 0.70540
  |- fk_loss: 1.35857
  |- smoothness_loss: 0.15722
LR: 0.000025
Hole frames in this epoch: [15, 15]

Epoch 165 | Train Loss: 0.19890 | Val Loss: 0.42898
Train Loss Components:
  |- loss_rot: 0.03505
  |- loss_pos: 0.20412
  |- fk_loss: 0.90006
  |- smoothness_loss: 0.32187
Val Loss Components:
  |- loss_rot: 0.03551
  |- loss_pos: 0.70736
  |- fk_loss: 1.35678
  |- smoothness_loss: 0.15847
LR: 0.000025
Hole frames in this epoch: [15, 15]

Epoch 166 | Train Loss: 0.19866 | Val Loss: 0.42854
Train Loss Components:
  |- loss_rot: 0.03681
  |- loss_pos: 0.21865
  |- fk_loss: 0.99549
  |- smoothness_loss: 0.33000
Val Loss Components:
  |- loss_rot: 0.03550
  |- loss_pos: 0.71124
  |- fk_loss: 1.35675
  |- smoothness_loss: 0.15858
LR: 0.000025
Hole frames in this epoch: [15, 15]

Epoch 167 | Train Loss: 0.19822 | Val Loss: 0.42883
Train Loss Components:
  |- loss_rot: 0.03502
  |- loss_pos: 0.20967
  |- fk_loss: 0.91621
  |- smoothness_loss: 0.38121
Val Loss Components:
  |- loss_rot: 0.03557
  |- loss_pos: 0.71346
  |- fk_loss: 1.35861
  |- smoothness_loss: 0.16118
LR: 0.000025
Hole frames in this epoch: [15, 15]

Epoch 168 | Train Loss: 0.19832 | Val Loss: 0.42919
Train Loss Components:
  |- loss_rot: 0.03501
  |- loss_pos: 0.22098
  |- fk_loss: 0.92192
  |- smoothness_loss: 0.39662
Val Loss Components:
  |- loss_rot: 0.03561
  |- loss_pos: 0.71152
  |- fk_loss: 1.35852
  |- smoothness_loss: 0.15995
LR: 0.000025
Hole frames in this epoch: [15, 15]

Epoch 169 | Train Loss: 0.19764 | Val Loss: 0.42810
Train Loss Components:
  |- loss_rot: 0.03382
  |- loss_pos: 0.20205
  |- fk_loss: 0.90154
  |- smoothness_loss: 0.33939
Val Loss Components:
  |- loss_rot: 0.03553
  |- loss_pos: 0.70634
  |- fk_loss: 1.35621
  |- smoothness_loss: 0.15983
LR: 0.000025
Hole frames in this epoch: [15, 15]

Epoch 170 | Train Loss: 0.19767 | Val Loss: 0.42899
Train Loss Components:
  |- loss_rot: 0.03496
  |- loss_pos: 0.22607
  |- fk_loss: 0.93096
  |- smoothness_loss: 0.42532
Val Loss Components:
  |- loss_rot: 0.03556
  |- loss_pos: 0.70775
  |- fk_loss: 1.35741
  |- smoothness_loss: 0.16065
LR: 0.000025
Hole frames in this epoch: [15, 15]

Epoch 171 | Train Loss: 0.19722 | Val Loss: 0.42794
Train Loss Components:
  |- loss_rot: 0.03574
  |- loss_pos: 0.19366
  |- fk_loss: 0.91351
  |- smoothness_loss: 0.35546
Val Loss Components:
  |- loss_rot: 0.03553
  |- loss_pos: 0.70641
  |- fk_loss: 1.35112
  |- smoothness_loss: 0.15986
LR: 0.000025
Hole frames in this epoch: [15, 15]

Epoch 172 | Train Loss: 0.19710 | Val Loss: 0.42774
Train Loss Components:
  |- loss_rot: 0.03471
  |- loss_pos: 0.21335
  |- fk_loss: 0.87957
  |- smoothness_loss: 0.36302
Val Loss Components:
  |- loss_rot: 0.03555
  |- loss_pos: 0.70358
  |- fk_loss: 1.35492
  |- smoothness_loss: 0.15928
LR: 0.000025
Hole frames in this epoch: [15, 15]

Epoch 173 | Train Loss: 0.19682 | Val Loss: 0.42682
Train Loss Components:
  |- loss_rot: 0.03570
  |- loss_pos: 0.20667
  |- fk_loss: 0.94820
  |- smoothness_loss: 0.38900
Val Loss Components:
  |- loss_rot: 0.03551
  |- loss_pos: 0.69871
  |- fk_loss: 1.34874
  |- smoothness_loss: 0.15691
LR: 0.000025
Hole frames in this epoch: [15, 15]

Epoch 174 | Train Loss: 0.19654 | Val Loss: 0.42806
Train Loss Components:
  |- loss_rot: 0.03435
  |- loss_pos: 0.20881
  |- fk_loss: 0.89729
  |- smoothness_loss: 0.38475
Val Loss Components:
  |- loss_rot: 0.03551
  |- loss_pos: 0.70661
  |- fk_loss: 1.35819
  |- smoothness_loss: 0.15709
LR: 0.000025
Hole frames in this epoch: [15, 15]

Epoch 175 | Train Loss: 0.19617 | Val Loss: 0.42786
Train Loss Components:
  |- loss_rot: 0.03416
  |- loss_pos: 0.19898
  |- fk_loss: 0.87625
  |- smoothness_loss: 0.34390
Val Loss Components:
  |- loss_rot: 0.03551
  |- loss_pos: 0.70968
  |- fk_loss: 1.35709
  |- smoothness_loss: 0.15928
LR: 0.000025
Hole frames in this epoch: [15, 15]

Epoch 176 | Train Loss: 0.19583 | Val Loss: 0.42790
Train Loss Components:
  |- loss_rot: 0.03504
  |- loss_pos: 0.20768
  |- fk_loss: 0.89770
  |- smoothness_loss: 0.31479
Val Loss Components:
  |- loss_rot: 0.03547
  |- loss_pos: 0.70136
  |- fk_loss: 1.35098
  |- smoothness_loss: 0.16048
LR: 0.000025
Hole frames in this epoch: [15, 15]

Epoch 177 | Train Loss: 0.19574 | Val Loss: 0.42761
Train Loss Components:
  |- loss_rot: 0.03411
  |- loss_pos: 0.21301
  |- fk_loss: 0.87017
  |- smoothness_loss: 0.37145
Val Loss Components:
  |- loss_rot: 0.03552
  |- loss_pos: 0.69932
  |- fk_loss: 1.35134
  |- smoothness_loss: 0.15956
LR: 0.000025
Hole frames in this epoch: [15, 15]

Epoch 178 | Train Loss: 0.19523 | Val Loss: 0.42728
Train Loss Components:
  |- loss_rot: 0.03219
  |- loss_pos: 0.20264
  |- fk_loss: 0.80938
  |- smoothness_loss: 0.34558
Val Loss Components:
  |- loss_rot: 0.03549
  |- loss_pos: 0.70266
  |- fk_loss: 1.34847
  |- smoothness_loss: 0.16114
LR: 0.000025
Hole frames in this epoch: [15, 15]

Epoch 179 | Train Loss: 0.19516 | Val Loss: 0.42618
Train Loss Components:
  |- loss_rot: 0.03346
  |- loss_pos: 0.21587
  |- fk_loss: 0.86138
  |- smoothness_loss: 0.39468
Val Loss Components:
  |- loss_rot: 0.03544
  |- loss_pos: 0.70561
  |- fk_loss: 1.34776
  |- smoothness_loss: 0.15910
LR: 0.000025
Hole frames in this epoch: [15, 15]

Epoch 180 | Train Loss: 0.19474 | Val Loss: 0.42728
Train Loss Components:
  |- loss_rot: 0.03330
  |- loss_pos: 0.19527
  |- fk_loss: 0.81712
  |- smoothness_loss: 0.31052
Val Loss Components:
  |- loss_rot: 0.03546
  |- loss_pos: 0.70988
  |- fk_loss: 1.35114
  |- smoothness_loss: 0.15902
LR: 0.000025
Hole frames in this epoch: [15, 15]

Epoch 181 | Train Loss: 0.19451 | Val Loss: 0.42738
Train Loss Components:
  |- loss_rot: 0.03543
  |- loss_pos: 0.20531
  |- fk_loss: 0.94032
  |- smoothness_loss: 0.37287
Val Loss Components:
  |- loss_rot: 0.03550
  |- loss_pos: 0.70646
  |- fk_loss: 1.35395
  |- smoothness_loss: 0.16063
LR: 0.000025
Hole frames in this epoch: [15, 15]

Epoch 182 | Train Loss: 0.19451 | Val Loss: 0.42760
Train Loss Components:
  |- loss_rot: 0.03708
  |- loss_pos: 0.21299
  |- fk_loss: 0.92992
  |- smoothness_loss: 0.38130
Val Loss Components:
  |- loss_rot: 0.03550
  |- loss_pos: 0.71229
  |- fk_loss: 1.35838
  |- smoothness_loss: 0.16042
LR: 0.000025
Hole frames in this epoch: [15, 15]

Epoch 183 | Train Loss: 0.19422 | Val Loss: 0.42839
Train Loss Components:
  |- loss_rot: 0.03549
  |- loss_pos: 0.21388
  |- fk_loss: 0.88415
  |- smoothness_loss: 0.41614
Val Loss Components:
  |- loss_rot: 0.03547
  |- loss_pos: 0.70666
  |- fk_loss: 1.35588
  |- smoothness_loss: 0.16179
LR: 0.000025
Hole frames in this epoch: [15, 15]

Epoch 184 | Train Loss: 0.19388 | Val Loss: 0.42701
Train Loss Components:
  |- loss_rot: 0.03451
  |- loss_pos: 0.19980
  |- fk_loss: 0.89817
  |- smoothness_loss: 0.33820
Val Loss Components:
  |- loss_rot: 0.03550
  |- loss_pos: 0.71102
  |- fk_loss: 1.35503
  |- smoothness_loss: 0.16310
LR: 0.000025
Hole frames in this epoch: [15, 15]

Epoch 185 | Train Loss: 0.19377 | Val Loss: 0.42723
Train Loss Components:
  |- loss_rot: 0.03518
  |- loss_pos: 0.19820
  |- fk_loss: 0.91969
  |- smoothness_loss: 0.38571
Val Loss Components:
  |- loss_rot: 0.03540
  |- loss_pos: 0.70754
  |- fk_loss: 1.34901
  |- smoothness_loss: 0.16153
LR: 0.000025
Hole frames in this epoch: [15, 15]

Epoch 186 | Train Loss: 0.18989 | Val Loss: 0.42522
Train Loss Components:
  |- loss_rot: 0.03551
  |- loss_pos: 0.19666
  |- fk_loss: 0.88264
  |- smoothness_loss: 0.37274
Val Loss Components:
  |- loss_rot: 0.03543
  |- loss_pos: 0.70046
  |- fk_loss: 1.34394
  |- smoothness_loss: 0.16256
LR: 0.000013
Hole frames in this epoch: [15, 15]

Epoch 187 | Train Loss: 0.18801 | Val Loss: 0.42542
Train Loss Components:
  |- loss_rot: 0.03355
  |- loss_pos: 0.17838
  |- fk_loss: 0.85047
  |- smoothness_loss: 0.34881
Val Loss Components:
  |- loss_rot: 0.03543
  |- loss_pos: 0.70359
  |- fk_loss: 1.34306
  |- smoothness_loss: 0.16177
LR: 0.000013
Hole frames in this epoch: [15, 15]

Epoch 188 | Train Loss: 0.18749 | Val Loss: 0.42574
Train Loss Components:
  |- loss_rot: 0.03123
  |- loss_pos: 0.18078
  |- fk_loss: 0.79391
  |- smoothness_loss: 0.26896
Val Loss Components:
  |- loss_rot: 0.03543
  |- loss_pos: 0.70613
  |- fk_loss: 1.34528
  |- smoothness_loss: 0.16068
LR: 0.000013
Hole frames in this epoch: [15, 15]

Epoch 189 | Train Loss: 0.18726 | Val Loss: 0.42549
Train Loss Components:
  |- loss_rot: 0.03396
  |- loss_pos: 0.18546
  |- fk_loss: 0.81508
  |- smoothness_loss: 0.33457
Val Loss Components:
  |- loss_rot: 0.03544
  |- loss_pos: 0.70274
  |- fk_loss: 1.34624
  |- smoothness_loss: 0.16208
LR: 0.000013
Hole frames in this epoch: [15, 15]

Epoch 190 | Train Loss: 0.18688 | Val Loss: 0.42502
Train Loss Components:
  |- loss_rot: 0.03538
  |- loss_pos: 0.18521
  |- fk_loss: 0.94904
  |- smoothness_loss: 0.33709
Val Loss Components:
  |- loss_rot: 0.03542
  |- loss_pos: 0.70081
  |- fk_loss: 1.34107
  |- smoothness_loss: 0.16291
LR: 0.000013
Hole frames in this epoch: [15, 15]

Epoch 191 | Train Loss: 0.18671 | Val Loss: 0.42493
Train Loss Components:
  |- loss_rot: 0.03421
  |- loss_pos: 0.18023
  |- fk_loss: 0.84789
  |- smoothness_loss: 0.35076
Val Loss Components:
  |- loss_rot: 0.03544
  |- loss_pos: 0.70104
  |- fk_loss: 1.34284
  |- smoothness_loss: 0.16118
LR: 0.000013
Hole frames in this epoch: [15, 15]

Epoch 192 | Train Loss: 0.18663 | Val Loss: 0.42522
Train Loss Components:
  |- loss_rot: 0.03540
  |- loss_pos: 0.18714
  |- fk_loss: 0.90020
  |- smoothness_loss: 0.34365
Val Loss Components:
  |- loss_rot: 0.03543
  |- loss_pos: 0.69750
  |- fk_loss: 1.34098
  |- smoothness_loss: 0.16261
LR: 0.000013
Hole frames in this epoch: [15, 15]

Epoch 193 | Train Loss: 0.18650 | Val Loss: 0.42483
Train Loss Components:
  |- loss_rot: 0.03257
  |- loss_pos: 0.18325
  |- fk_loss: 0.81718
  |- smoothness_loss: 0.31505
Val Loss Components:
  |- loss_rot: 0.03543
  |- loss_pos: 0.70328
  |- fk_loss: 1.34332
  |- smoothness_loss: 0.16210
LR: 0.000013
Hole frames in this epoch: [15, 15]

Epoch 194 | Train Loss: 0.18649 | Val Loss: 0.42514
Train Loss Components:
  |- loss_rot: 0.03545
  |- loss_pos: 0.19227
  |- fk_loss: 0.91451
  |- smoothness_loss: 0.35901
Val Loss Components:
  |- loss_rot: 0.03543
  |- loss_pos: 0.70232
  |- fk_loss: 1.34159
  |- smoothness_loss: 0.16267
LR: 0.000013
Hole frames in this epoch: [15, 15]

Epoch 195 | Train Loss: 0.18616 | Val Loss: 0.42504
Train Loss Components:
  |- loss_rot: 0.03441
  |- loss_pos: 0.18742
  |- fk_loss: 0.83960
  |- smoothness_loss: 0.33829
Val Loss Components:
  |- loss_rot: 0.03546
  |- loss_pos: 0.70196
  |- fk_loss: 1.34347
  |- smoothness_loss: 0.16315
LR: 0.000013
Hole frames in this epoch: [15, 15]

Epoch 196 | Train Loss: 0.18613 | Val Loss: 0.42494
Train Loss Components:
  |- loss_rot: 0.03440
  |- loss_pos: 0.18583
  |- fk_loss: 0.86231
  |- smoothness_loss: 0.35269
Val Loss Components:
  |- loss_rot: 0.03547
  |- loss_pos: 0.69876
  |- fk_loss: 1.34361
  |- smoothness_loss: 0.16338
LR: 0.000013
Hole frames in this epoch: [15, 15]

Epoch 197 | Train Loss: 0.18587 | Val Loss: 0.42501
Train Loss Components:
  |- loss_rot: 0.03542
  |- loss_pos: 0.19095
  |- fk_loss: 0.88992
  |- smoothness_loss: 0.35936
Val Loss Components:
  |- loss_rot: 0.03539
  |- loss_pos: 0.70134
  |- fk_loss: 1.34034
  |- smoothness_loss: 0.16255
LR: 0.000013
Hole frames in this epoch: [15, 15]

Epoch 198 | Train Loss: 0.18588 | Val Loss: 0.42524
Train Loss Components:
  |- loss_rot: 0.03371
  |- loss_pos: 0.19342
  |- fk_loss: 0.91548
  |- smoothness_loss: 0.34347
Val Loss Components:
  |- loss_rot: 0.03545
  |- loss_pos: 0.70307
  |- fk_loss: 1.34368
  |- smoothness_loss: 0.16407
LR: 0.000013
Hole frames in this epoch: [15, 15]

Epoch 199 | Train Loss: 0.18575 | Val Loss: 0.42493
Train Loss Components:
  |- loss_rot: 0.03603
  |- loss_pos: 0.19303
  |- fk_loss: 0.90960
  |- smoothness_loss: 0.40520
Val Loss Components:
  |- loss_rot: 0.03538
  |- loss_pos: 0.70078
  |- fk_loss: 1.34005
  |- smoothness_loss: 0.16144
LR: 0.000013
Hole frames in this epoch: [15, 15]

Epoch 200 | Train Loss: 0.18405 | Val Loss: 0.42478
Train Loss Components:
  |- loss_rot: 0.03807
  |- loss_pos: 0.20255
  |- fk_loss: 0.97470
  |- smoothness_loss: 0.42816
Val Loss Components:
  |- loss_rot: 0.03542
  |- loss_pos: 0.70385
  |- fk_loss: 1.34016
  |- smoothness_loss: 0.16364
LR: 0.000006
Hole frames in this epoch: [15, 15]

Epoch 201 | Train Loss: 0.18323 | Val Loss: 0.42390
Train Loss Components:
  |- loss_rot: 0.03394
  |- loss_pos: 0.18439
  |- fk_loss: 0.83360
  |- smoothness_loss: 0.34135
Val Loss Components:
  |- loss_rot: 0.03540
  |- loss_pos: 0.69933
  |- fk_loss: 1.33888
  |- smoothness_loss: 0.16299
LR: 0.000006
Hole frames in this epoch: [15, 15]

Epoch 202 | Train Loss: 0.18303 | Val Loss: 0.42449
Train Loss Components:
  |- loss_rot: 0.03554
  |- loss_pos: 0.18698
  |- fk_loss: 0.90924
  |- smoothness_loss: 0.39251
Val Loss Components:
  |- loss_rot: 0.03541
  |- loss_pos: 0.70326
  |- fk_loss: 1.33996
  |- smoothness_loss: 0.16347
LR: 0.000006
Hole frames in this epoch: [15, 15]

Epoch 203 | Train Loss: 0.18282 | Val Loss: 0.42405
Train Loss Components:
  |- loss_rot: 0.03417
  |- loss_pos: 0.17883
  |- fk_loss: 0.90577
  |- smoothness_loss: 0.29863
Val Loss Components:
  |- loss_rot: 0.03544
  |- loss_pos: 0.70004
  |- fk_loss: 1.33854
  |- smoothness_loss: 0.16402
LR: 0.000006
Hole frames in this epoch: [15, 15]

Epoch 204 | Train Loss: 0.18266 | Val Loss: 0.42426
Train Loss Components:
  |- loss_rot: 0.03377
  |- loss_pos: 0.17205
  |- fk_loss: 0.82285
  |- smoothness_loss: 0.32728
Val Loss Components:
  |- loss_rot: 0.03543
  |- loss_pos: 0.69981
  |- fk_loss: 1.33796
  |- smoothness_loss: 0.16319
LR: 0.000006
Hole frames in this epoch: [15, 15]

Epoch 205 | Train Loss: 0.18247 | Val Loss: 0.42389
Train Loss Components:
  |- loss_rot: 0.03042
  |- loss_pos: 0.17099
  |- fk_loss: 0.80186
  |- smoothness_loss: 0.31649
Val Loss Components:
  |- loss_rot: 0.03543
  |- loss_pos: 0.69812
  |- fk_loss: 1.33674
  |- smoothness_loss: 0.16334
LR: 0.000006
Hole frames in this epoch: [15, 15]

Epoch 206 | Train Loss: 0.18241 | Val Loss: 0.42428
Train Loss Components:
  |- loss_rot: 0.03371
  |- loss_pos: 0.18021
  |- fk_loss: 0.82734
  |- smoothness_loss: 0.34159
Val Loss Components:
  |- loss_rot: 0.03542
  |- loss_pos: 0.70421
  |- fk_loss: 1.33931
  |- smoothness_loss: 0.16369
LR: 0.000006
Hole frames in this epoch: [15, 15]

Epoch 207 | Train Loss: 0.18235 | Val Loss: 0.42402
Train Loss Components:
  |- loss_rot: 0.03285
  |- loss_pos: 0.18173
  |- fk_loss: 0.80843
  |- smoothness_loss: 0.33832
Val Loss Components:
  |- loss_rot: 0.03541
  |- loss_pos: 0.70173
  |- fk_loss: 1.34031
  |- smoothness_loss: 0.16316
LR: 0.000006
Hole frames in this epoch: [15, 15]

Epoch 208 | Train Loss: 0.18164 | Val Loss: 0.42409
Train Loss Components:
  |- loss_rot: 0.03738
  |- loss_pos: 0.19127
  |- fk_loss: 0.93105
  |- smoothness_loss: 0.39644
Val Loss Components:
  |- loss_rot: 0.03543
  |- loss_pos: 0.70243
  |- fk_loss: 1.33963
  |- smoothness_loss: 0.16371
LR: 0.000003
Hole frames in this epoch: [15, 15]

Epoch 209 | Train Loss: 0.18132 | Val Loss: 0.42405
Train Loss Components:
  |- loss_rot: 0.03534
  |- loss_pos: 0.17500
  |- fk_loss: 0.85986
  |- smoothness_loss: 0.34908
Val Loss Components:
  |- loss_rot: 0.03543
  |- loss_pos: 0.70151
  |- fk_loss: 1.33922
  |- smoothness_loss: 0.16430
LR: 0.000003
Hole frames in this epoch: [15, 15]

Epoch 210 | Train Loss: 0.18117 | Val Loss: 0.42351
Train Loss Components:
  |- loss_rot: 0.03636
  |- loss_pos: 0.18226
  |- fk_loss: 0.94165
  |- smoothness_loss: 0.43110
Val Loss Components:
  |- loss_rot: 0.03538
  |- loss_pos: 0.69903
  |- fk_loss: 1.33640
  |- smoothness_loss: 0.16282
LR: 0.000003
Hole frames in this epoch: [15, 15]

Epoch 211 | Train Loss: 0.18099 | Val Loss: 0.42401
Train Loss Components:
  |- loss_rot: 0.03565
  |- loss_pos: 0.18152
  |- fk_loss: 0.89866
  |- smoothness_loss: 0.36815
Val Loss Components:
  |- loss_rot: 0.03544
  |- loss_pos: 0.69996
  |- fk_loss: 1.33909
  |- smoothness_loss: 0.16485
LR: 0.000003
Hole frames in this epoch: [15, 15]

Epoch 212 | Train Loss: 0.18099 | Val Loss: 0.42381
Train Loss Components:
  |- loss_rot: 0.03540
  |- loss_pos: 0.16820
  |- fk_loss: 0.92507
  |- smoothness_loss: 0.34398
Val Loss Components:
  |- loss_rot: 0.03542
  |- loss_pos: 0.69885
  |- fk_loss: 1.33802
  |- smoothness_loss: 0.16437
LR: 0.000003
Hole frames in this epoch: [15, 15]

Epoch 213 | Train Loss: 0.18086 | Val Loss: 0.42383
Train Loss Components:
  |- loss_rot: 0.03483
  |- loss_pos: 0.17787
  |- fk_loss: 0.83830
  |- smoothness_loss: 0.33402
Val Loss Components:
  |- loss_rot: 0.03541
  |- loss_pos: 0.69944
  |- fk_loss: 1.33692
  |- smoothness_loss: 0.16484
LR: 0.000003
Hole frames in this epoch: [15, 15]

Epoch 214 | Train Loss: 0.18085 | Val Loss: 0.42385
Train Loss Components:
  |- loss_rot: 0.03515
  |- loss_pos: 0.18243
  |- fk_loss: 0.86528
  |- smoothness_loss: 0.33951
Val Loss Components:
  |- loss_rot: 0.03540
  |- loss_pos: 0.69913
  |- fk_loss: 1.33651
  |- smoothness_loss: 0.16381
LR: 0.000003
Hole frames in this epoch: [15, 15]

Epoch 215 | Train Loss: 0.18075 | Val Loss: 0.42384
Train Loss Components:
  |- loss_rot: 0.03443
  |- loss_pos: 0.18053
  |- fk_loss: 0.83636
  |- smoothness_loss: 0.39388
Val Loss Components:
  |- loss_rot: 0.03543
  |- loss_pos: 0.69913
  |- fk_loss: 1.33753
  |- smoothness_loss: 0.16351
LR: 0.000003
Hole frames in this epoch: [15, 15]

Epoch 216 | Train Loss: 0.18076 | Val Loss: 0.42356
Train Loss Components:
  |- loss_rot: 0.03613
  |- loss_pos: 0.18708
  |- fk_loss: 0.89309
  |- smoothness_loss: 0.40809
Val Loss Components:
  |- loss_rot: 0.03542
  |- loss_pos: 0.69905
  |- fk_loss: 1.33764
  |- smoothness_loss: 0.16426
LR: 0.000003
Hole frames in this epoch: [15, 15]

Epoch 217 | Train Loss: 0.18013 | Val Loss: 0.42362
Train Loss Components:
  |- loss_rot: 0.03329
  |- loss_pos: 0.16932
  |- fk_loss: 0.81897
  |- smoothness_loss: 0.32678
Val Loss Components:
  |- loss_rot: 0.03542
  |- loss_pos: 0.69883
  |- fk_loss: 1.33715
  |- smoothness_loss: 0.16405
LR: 0.000002
Hole frames in this epoch: [15, 15]

Epoch 218 | Train Loss: 0.18002 | Val Loss: 0.42368
Train Loss Components:
  |- loss_rot: 0.03435
  |- loss_pos: 0.18475
  |- fk_loss: 0.85442
  |- smoothness_loss: 0.34848
Val Loss Components:
  |- loss_rot: 0.03543
  |- loss_pos: 0.69928
  |- fk_loss: 1.33708
  |- smoothness_loss: 0.16417
LR: 0.000002
Hole frames in this epoch: [15, 15]

